

*******************************************************************************
Fri Mar  8 15:45:51 2019


FIT:    data read from 'salida_burbuja.dat'
        format = z
        #datapoints = 6
        residuals are weighted equally (unit weight)

function used for fitting: f(x)
	f(x) = a2*x*x+a1*x+a0
fitted parameters initialized with current variable values

iter      chisq       delta/lim  lambda   a2            a1            a0           
   0 1.0568015392e+24   0.00e+00  2.43e+11    1.000000e+00   1.000000e+00   1.000000e+00
   4 6.6624909340e+14  -1.58e-01  2.43e+07    2.732168e-03   1.000094e+00   1.000000e+00

After 4 iterations the fit converged.
final sum of squares of residuals : 6.66249e+14
rel. change during last iteration : -1.5803e-06

degrees of freedom    (FIT_NDF)                        : 3
rms of residuals      (FIT_STDFIT) = sqrt(WSSR/ndf)    : 1.49025e+07
variance of residuals (reduced chisquare) = WSSR/ndf   : 2.22083e+14

Final set of parameters            Asymptotic Standard Error
=======================            ==========================
a2              = 0.00273217       +/- 6.785e-05    (2.483%)
a1              = 1.00009          +/- 66.63        (6662%)
a0              = 1                +/- 8.119e+06    (8.119e+08%)

correlation matrix of the fit parameters:
                a2     a1     a0     
a2              1.000 
a1             -0.969  1.000 
a0              0.381 -0.502  1.000 
