 1000   6
 1000   6
 1000   6
 1000   6
 1000   5
 1000   6
 1000   5
 1000   5
 1000   5
 1000   5
 1000   5
 1000   5
 1000   5
 1000   5
 1000   5
 1000   5
 1000   5
 1000   5
 1000   5
 1000   6
 1000   6
 1000   5
 1000   5
 1000   5
 1000   6
 1000   5
 1000   5
 1000   6
 1000   5
 1000   5
 1000   5
 1000   5
 1000   6
 1000   6
 1000   5
 1000   5
 1000   5
 1000   5
 1000   5
 1000   5
 1000   5
 1000   5
 1000   5
 1000   5
 1000   6
 1000   5
 1000   6
 1000   5
 1000   5
 1000   5
 1000   5
 1000   5
 1000   5
 1000   5
 1000   5
 1000   5
 1000   5
 1000   5
 1000   5
 1000   5
 1000   5
 1000   5
 1000   5
 1000   5
 1000   5
 1000   5
 1000   5
 1000   5
 1000   5
 1000   5
 1000   5
 1000   5
 1000   5
 1000   5
 1000   5
 1700   10
 1700   10
 1700   10
 1700   10
 1700   10
 1700   10
 1700   10
 1700   10
 1700   10
 1700   10
 1700   10
 1700   10
 1700   10
 1700   10
 1700   10
 1700   11
 1700   10
 1700   10
 1700   11
 1700   10
 1700   10
 1700   10
 1700   10
 1700   10
 1700   10
 1700   10
 1700   10
 1700   10
 1700   10
 1700   10
 1700   10
 1700   10
 1700   10
 1700   10
 1700   10
 1700   10
 1700   10
 1700   11
 1700   10
 1700   10
 1700   10
 1700   10
 1700   10
 1700   10
 1700   10
 1700   10
 1700   10
 1700   10
 1700   10
 1700   11
 1700   10
 1700   10
 1700   10
 1700   10
 1700   10
 1700   10
 1700   10
 1700   10
 1700   10
 1700   10
 1700   10
 1700   10
 1700   10
 1700   10
 1700   10
 1700   10
 1700   10
 1700   10
 1700   10
 1700   10
 1700   10
 1700   10
 1700   10
 1700   10
 1700   10
 2400   15
 2400   15
 2400   15
 2400   15
 2400   15
 2400   15
 2400   15
 2400   15
 2400   15
 2400   15
 2400   15
 2400   15
 2400   15
 2400   15
 2400   29
 2400   15
 2400   15
 2400   15
 2400   15
 2400   15
 2400   15
 2400   15
 2400   15
 2400   15
 2400   15
 2400   15
 2400   15
 2400   15
 2400   15
 2400   15
 2400   15
 2400   15
 2400   15
 2400   15
 2400   15
 2400   15
 2400   15
 2400   15
 2400   15
 2400   15
 2400   15
 2400   15
 2400   15
 2400   15
 2400   15
 2400   15
 2400   15
 2400   15
 2400   15
 2400   15
 2400   15
 2400   15
 2400   15
 2400   15
 2400   15
 2400   15
 2400   15
 2400   15
 2400   15
 2400   15
 2400   15
 2400   15
 2400   15
 2400   15
 2400   15
 2400   15
 2400   15
 2400   15
 2400   15
 2400   15
 2400   15
 2400   15
 2400   15
 2400   15
 2400   16
 3100   20
 3100   20
 3100   20
 3100   20
 3100   20
 3100   20
 3100   20
 3100   20
 3100   20
 3100   20
 3100   20
 3100   20
 3100   20
 3100   20
 3100   20
 3100   20
 3100   20
 3100   20
 3100   20
 3100   20
 3100   20
 3100   20
 3100   20
 3100   20
 3100   20
 3100   20
 3100   20
 3100   20
 3100   20
 3100   20
 3100   20
 3100   20
 3100   20
 3100   20
 3100   20
 3100   20
 3100   20
 3100   20
 3100   20
 3100   20
 3100   20
 3100   20
 3100   20
 3100   20
 3100   20
 3100   20
 3100   20
 3100   20
 3100   20
 3100   20
 3100   20
 3100   20
 3100   20
 3100   20
 3100   20
 3100   20
 3100   20
 3100   20
 3100   20
 3100   20
 3100   20
 3100   20
 3100   20
 3100   20
 3100   20
 3100   20
 3100   20
 3100   20
 3100   20
 3100   20
 3100   20
 3100   20
 3100   20
 3100   20
 3100   20
 3800   20
 3800   20
 3800   20
 3800   20
 3800   20
 3800   20
 3800   20
 3800   20
 3800   20
 3800   20
 3800   20
 3800   20
 3800   20
 3800   20
 3800   20
 3800   20
 3800   20
 3800   20
 3800   20
 3800   20
 3800   20
 3800   20
 3800   20
 3800   20
 3800   20
 3800   20
 3800   33
 3800   20
 3800   20
 3800   20
 3800   20
 3800   20
 3800   33
 3800   21
 3800   20
 3800   20
 3800   20
 3800   20
 3800   47
 3800   20
 3800   20
 3800   20
 3800   20
 3800   20
 3800   21
 3800   21
 3800   20
 3800   20
 3800   20
 3800   20
 3800   20
 3800   20
 3800   20
 3800   20
 3800   20
 3800   20
 3800   20
 3800   20
 3800   20
 3800   20
 3800   20
 3800   20
 3800   20
 3800   20
 3800   20
 3800   20
 3800   20
 3800   20
 3800   20
 3800   20
 3800   20
 3800   20
 3800   20
 3800   20
 3800   20
 4500   25
 4500   25
 4500   25
 4500   25
 4500   25
 4500   25
 4500   25
 4500   25
 4500   25
 4500   25
 4500   25
 4500   25
 4500   25
 4500   25
 4500   25
 4500   25
 4500   25
 4500   25
 4500   25
 4500   25
 4500   25
 4500   25
 4500   25
 4500   25
 4500   25
 4500   25
 4500   38
 4500   25
 4500   25
 4500   25
 4500   25
 4500   25
 4500   25
 4500   25
 4500   25
 4500   25
 4500   25
 4500   25
 4500   25
 4500   25
 4500   25
 4500   25
 4500   25
 4500   24
 4500   25
 4500   25
 4500   25
 4500   25
 4500   25
 4500   25
 4500   25
 4500   25
 4500   25
 4500   25
 4500   25
 4500   25
 4500   25
 4500   25
 4500   25
 4500   25
 4500   25
 4500   25
 4500   25
 4500   25
 4500   25
 4500   25
 4500   25
 4500   25
 4500   25
 4500   25
 4500   24
 4500   25
 4500   25
 4500   25
 4500   25
 5200   32
 5200   32
 5200   31
 5200   32
 5200   31
 5200   32
 5200   31
 5200   31
 5200   32
 5200   31
 5200   32
 5200   32
 5200   32
 5200   32
 5200   32
 5200   32
 5200   32
 5200   32
 5200   32
 5200   32
 5200   32
 5200   32
 5200   32
 5200   31
 5200   32
 5200   31
 5200   31
 5200   31
 5200   32
 5200   31
 5200   32
 5200   31
 5200   32
 5200   32
 5200   32
 5200   32
 5200   32
 5200   32
 5200   32
 5200   118
 5200   31
 5200   32
 5200   31
 5200   32
 5200   32
 5200   32
 5200   31
 5200   31
 5200   32
 5200   31
 5200   31
 5200   32
 5200   32
 5200   32
 5200   31
 5200   31
 5200   31
 5200   31
 5200   31
 5200   32
 5200   31
 5200   31
 5200   32
 5200   31
 5200   31
 5200   31
 5200   31
 5200   31
 5200   31
 5200   32
 5200   32
 5200   32
 5200   32
 5200   32
 5200   31
 5900   38
 5900   38
 5900   38
 5900   38
 5900   38
 5900   38
 5900   38
 5900   38
 5900   38
 5900   38
 5900   38
 5900   38
 5900   38
 5900   38
 5900   38
 5900   38
 5900   38
 5900   38
 5900   38
 5900   38
 5900   38
 5900   38
 5900   38
 5900   38
 5900   38
 5900   38
 5900   38
 5900   38
 5900   38
 5900   38
 5900   38
 5900   38
 5900   38
 5900   38
 5900   38
 5900   38
 5900   38
 5900   38
 5900   38
 5900   38
 5900   38
 5900   38
 5900   39
 5900   38
 5900   38
 5900   38
 5900   38
 5900   37
 5900   38
 5900   38
 5900   38
 5900   38
 5900   38
 5900   38
 5900   38
 5900   38
 5900   38
 5900   38
 5900   38
 5900   38
 5900   38
 5900   38
 5900   38
 5900   38
 5900   38
 5900   38
 5900   38
 5900   38
 5900   38
 5900   38
 5900   38
 5900   52
 5900   38
 5900   38
 5900   38
 6600   40
 6600   40
 6600   40
 6600   40
 6600   40
 6600   40
 6600   40
 6600   40
 6600   40
 6600   40
 6600   40
 6600   40
 6600   40
 6600   40
 6600   40
 6600   40
 6600   40
 6600   40
 6600   40
 6600   40
 6600   40
 6600   164
 6600   40
 6600   40
 6600   40
 6600   40
 6600   40
 6600   40
 6600   40
 6600   40
 6600   40
 6600   40
 6600   40
 6600   40
 6600   40
 6600   40
 6600   40
 6600   40
 6600   40
 6600   40
 6600   40
 6600   40
 6600   40
 6600   40
 6600   39
 6600   40
 6600   40
 6600   40
 6600   40
 6600   40
 6600   40
 6600   40
 6600   39
 6600   39
 6600   40
 6600   40
 6600   40
 6600   40
 6600   40
 6600   40
 6600   53
 6600   40
 6600   40
 6600   40
 6600   40
 6600   40
 6600   40
 6600   40
 6600   40
 6600   40
 6600   40
 6600   40
 6600   40
 6600   40
 6600   39
 7300   40
 7300   40
 7300   40
 7300   40
 7300   40
 7300   40
 7300   40
 7300   40
 7300   40
 7300   39
 7300   40
 7300   40
 7300   40
 7300   40
 7300   40
 7300   40
 7300   40
 7300   40
 7300   40
 7300   40
 7300   40
 7300   40
 7300   40
 7300   40
 7300   40
 7300   40
 7300   39
 7300   40
 7300   40
 7300   40
 7300   39
 7300   40
 7300   40
 7300   40
 7300   40
 7300   40
 7300   40
 7300   40
 7300   40
 7300   40
 7300   40
 7300   40
 7300   40
 7300   68
 7300   40
 7300   40
 7300   40
 7300   40
 7300   40
 7300   40
 7300   40
 7300   40
 7300   40
 7300   40
 7300   40
 7300   40
 7300   40
 7300   55
 7300   40
 7300   40
 7300   39
 7300   41
 7300   40
 7300   40
 7300   40
 7300   40
 7300   40
 7300   40
 7300   40
 7300   40
 7300   40
 7300   40
 7300   41
 7300   40
 7300   40
 8000   40
 8000   40
 8000   40
 8000   40
 8000   40
 8000   40
 8000   40
 8000   40
 8000   40
 8000   40
 8000   40
 8000   40
 8000   53
 8000   40
 8000   40
 8000   40
 8000   40
 8000   40
 8000   40
 8000   40
 8000   40
 8000   40
 8000   40
 8000   40
 8000   40
 8000   40
 8000   40
 8000   40
 8000   40
 8000   40
 8000   40
 8000   40
 8000   40
 8000   40
 8000   39
 8000   40
 8000   40
 8000   40
 8000   40
 8000   40
 8000   40
 8000   40
 8000   41
 8000   40
 8000   40
 8000   40
 8000   40
 8000   40
 8000   40
 8000   40
 8000   40
 8000   40
 8000   40
 8000   40
 8000   40
 8000   40
 8000   40
 8000   40
 8000   40
 8000   40
 8000   40
 8000   39
 8000   39
 8000   40
 8000   40
 8000   40
 8000   40
 8000   40
 8000   40
 8000   40
 8000   40
 8000   40
 8000   40
 8000   40
 8000   40
 8700   45
 8700   45
 8700   45
 8700   45
 8700   45
 8700   45
 8700   45
 8700   45
 8700   45
 8700   45
 8700   45
 8700   45
 8700   45
 8700   45
 8700   45
 8700   45
 8700   45
 8700   45
 8700   45
 8700   45
 8700   46
 8700   46
 8700   45
 8700   45
 8700   45
 8700   45
 8700   45
 8700   45
 8700   45
 8700   45
 8700   45
 8700   45
 8700   46
 8700   45
 8700   45
 8700   45
 8700   45
 8700   45
 8700   45
 8700   45
 8700   45
 8700   46
 8700   46
 8700   45
 8700   45
 8700   45
 8700   45
 8700   45
 8700   45
 8700   45
 8700   45
 8700   45
 8700   45
 8700   45
 8700   45
 8700   46
 8700   45
 8700   45
 8700   46
 8700   45
 8700   45
 8700   45
 8700   45
 8700   45
 8700   45
 8700   45
 8700   45
 8700   45
 8700   45
 8700   46
 8700   45
 8700   45
 8700   45
 8700   46
 8700   45
 9400   54
 9400   54
 9400   54
 9400   54
 9400   54
 9400   54
 9400   54
 9400   54
 9400   54
 9400   54
 9400   54
 9400   54
 9400   54
 9400   54
 9400   54
 9400   54
 9400   54
 9400   54
 9400   54
 9400   54
 9400   54
 9400   54
 9400   54
 9400   54
 9400   54
 9400   54
 9400   54
 9400   54
 9400   96
 9400   54
 9400   54
 9400   54
 9400   55
 9400   54
 9400   54
 9400   54
 9400   54
 9400   54
 9400   54
 9400   54
 9400   54
 9400   54
 9400   54
 9400   54
 9400   54
 9400   54
 9400   54
 9400   54
 9400   55
 9400   54
 9400   54
 9400   54
 9400   54
 9400   54
 9400   54
 9400   54
 9400   54
 9400   54
 9400   55
 9400   99
 9400   54
 9400   54
 9400   54
 9400   54
 9400   54
 9400   54
 9400   55
 9400   54
 9400   54
 9400   54
 9400   54
 9400   54
 9400   54
 9400   54
 9400   54
 10100   62
 10100   62
 10100   76
 10100   62
 10100   62
 10100   62
 10100   63
 10100   63
 10100   63
 10100   63
 10100   62
 10100   63
 10100   62
 10100   63
 10100   63
 10100   62
 10100   62
 10100   62
 10100   62
 10100   62
 10100   91
 10100   63
 10100   62
 10100   62
 10100   63
 10100   62
 10100   63
 10100   63
 10100   62
 10100   63
 10100   62
 10100   63
 10100   63
 10100   62
 10100   62
 10100   105
 10100   62
 10100   63
 10100   62
 10100   63
 10100   63
 10100   63
 10100   63
 10100   62
 10100   63
 10100   63
 10100   63
 10100   62
 10100   62
 10100   62
 10100   63
 10100   63
 10100   63
 10100   63
 10100   63
 10100   63
 10100   63
 10100   63
 10100   62
 10100   62
 10100   62
 10100   63
 10100   62
 10100   62
 10100   62
 10100   62
 10100   62
 10100   63
 10100   63
 10100   63
 10100   63
 10100   62
 10100   63
 10100   63
 10100   62
 10800   66
 10800   66
 10800   66
 10800   66
 10800   66
 10800   66
 10800   66
 10800   67
 10800   109
 10800   67
 10800   67
 10800   66
 10800   67
 10800   66
 10800   78
 10800   114
 10800   66
 10800   67
 10800   66
 10800   66
 10800   66
 10800   66
 10800   66
 10800   66
 10800   66
 10800   66
 10800   66
 10800   66
 10800   66
 10800   66
 10800   66
 10800   66
 10800   66
 10800   66
 10800   66
 10800   66
 10800   66
 10800   99
 10800   66
 10800   66
 10800   66
 10800   66
 10800   66
 10800   66
 10800   66
 10800   66
 10800   66
 10800   66
 10800   66
 10800   66
 10800   66
 10800   66
 10800   66
 10800   66
 10800   66
 10800   66
 10800   66
 10800   66
 10800   66
 10800   66
 10800   66
 10800   66
 10800   66
 10800   66
 10800   66
 10800   67
 10800   66
 10800   67
 10800   66
 10800   66
 10800   66
 10800   66
 10800   66
 10800   66
 10800   66
 11500   72
 11500   72
 11500   72
 11500   72
 11500   72
 11500   72
 11500   72
 11500   94
 11500   72
 11500   73
 11500   73
 11500   73
 11500   72
 11500   72
 11500   72
 11500   72
 11500   72
 11500   73
 11500   73
 11500   72
 11500   73
 11500   72
 11500   72
 11500   72
 11500   72
 11500   72
 11500   72
 11500   72
 11500   90
 11500   72
 11500   72
 11500   72
 11500   73
 11500   73
 11500   72
 11500   73
 11500   72
 11500   72
 11500   72
 11500   72
 11500   73
 11500   72
 11500   73
 11500   73
 11500   73
 11500   73
 11500   72
 11500   73
 11500   88
 11500   73
 11500   73
 11500   72
 11500   73
 11500   72
 11500   73
 11500   73
 11500   72
 11500   73
 11500   72
 11500   73
 11500   73
 11500   72
 11500   73
 11500   72
 11500   73
 11500   73
 11500   73
 11500   73
 11500   72
 11500   73
 11500   119
 11500   72
 11500   72
 11500   72
 11500   72
 12200   124
 12200   80
 12200   80
 12200   80
 12200   80
 12200   80
 12200   81
 12200   81
 12200   80
 12200   80
 12200   80
 12200   80
 12200   81
 12200   80
 12200   81
 12200   80
 12200   81
 12200   151
 12200   81
 12200   81
 12200   80
 12200   81
 12200   80
 12200   81
 12200   81
 12200   80
 12200   81
 12200   80
 12200   81
 12200   111
 12200   81
 12200   81
 12200   80
 12200   81
 12200   80
 12200   81
 12200   81
 12200   80
 12200   80
 12200   80
 12200   80
 12200   80
 12200   80
 12200   80
 12200   80
 12200   80
 12200   80
 12200   80
 12200   80
 12200   80
 12200   80
 12200   81
 12200   80
 12200   81
 12200   80
 12200   81
 12200   95
 12200   81
 12200   81
 12200   80
 12200   81
 12200   80
 12200   81
 12200   81
 12200   80
 12200   81
 12200   80
 12200   81
 12200   81
 12200   81
 12200   82
 12200   80
 12200   81
 12200   81
 12200   81
 12900   80
 12900   79
 12900   79
 12900   79
 12900   80
 12900   87
 12900   79
 12900   79
 12900   79
 12900   79
 12900   79
 12900   80
 12900   80
 12900   79
 12900   79
 12900   79
 12900   79
 12900   79
 12900   80
 12900   80
 12900   79
 12900   80
 12900   79
 12900   79
 12900   79
 12900   79
 12900   80
 12900   79
 12900   80
 12900   80
 12900   79
 12900   79
 12900   79
 12900   80
 12900   79
 12900   80
 12900   80
 12900   79
 12900   79
 12900   79
 12900   79
 12900   79
 12900   79
 12900   79
 12900   80
 12900   79
 12900   80
 12900   81
 12900   80
 12900   79
 12900   80
 12900   79
 12900   96
 12900   79
 12900   79
 12900   79
 12900   79
 12900   79
 12900   79
 12900   79
 12900   80
 12900   79
 12900   79
 12900   79
 12900   80
 12900   80
 12900   79
 12900   79
 12900   79
 12900   79
 12900   79
 12900   79
 12900   79
 12900   79
 12900   79
 13600   79
 13600   79
 13600   80
 13600   79
 13600   80
 13600   79
 13600   79
 13600   80
 13600   79
 13600   80
 13600   79
 13600   80
 13600   79
 13600   79
 13600   79
 13600   79
 13600   79
 13600   79
 13600   79
 13600   79
 13600   79
 13600   79
 13600   79
 13600   80
 13600   122
 13600   79
 13600   79
 13600   79
 13600   79
 13600   79
 13600   79
 13600   79
 13600   79
 13600   79
 13600   79
 13600   80
 13600   80
 13600   80
 13600   80
 13600   79
 13600   79
 13600   79
 13600   79
 13600   79
 13600   79
 13600   79
 13600   79
 13600   79
 13600   80
 13600   80
 13600   80
 13600   79
 13600   79
 13600   79
 13600   79
 13600   79
 13600   79
 13600   79
 13600   79
 13600   79
 13600   79
 13600   80
 13600   80
 13600   79
 13600   80
 13600   79
 13600   79
 13600   79
 13600   79
 13600   79
 13600   79
 13600   79
 13600   92
 13600   79
 13600   79
 14300   80
 14300   79
 14300   79
 14300   79
 14300   79
 14300   79
 14300   96
 14300   98
 14300   80
 14300   80
 14300   80
 14300   79
 14300   79
 14300   79
 14300   79
 14300   79
 14300   80
 14300   79
 14300   79
 14300   79
 14300   209
 14300   79
 14300   79
 14300   79
 14300   79
 14300   79
 14300   79
 14300   79
 14300   79
 14300   79
 14300   79
 14300   79
 14300   122
 14300   79
 14300   79
 14300   79
 14300   79
 14300   79
 14300   79
 14300   79
 14300   79
 14300   79
 14300   79
 14300   79
 14300   79
 14300   79
 14300   79
 14300   79
 14300   79
 14300   79
 14300   79
 14300   79
 14300   79
 14300   79
 14300   79
 14300   79
 14300   79
 14300   79
 14300   79
 14300   79
 14300   79
 14300   79
 14300   79
 14300   79
 14300   79
 14300   79
 14300   79
 14300   79
 14300   79
 14300   79
 14300   79
 14300   79
 14300   79
 14300   79
 14300   79
 15000   79
 15000   79
 15000   79
 15000   79
 15000   79
 15000   79
 15000   79
 15000   79
 15000   79
 15000   79
 15000   79
 15000   79
 15000   123
 15000   79
 15000   79
 15000   79
 15000   79
 15000   79
 15000   79
 15000   79
 15000   79
 15000   79
 15000   79
 15000   79
 15000   79
 15000   79
 15000   79
 15000   79
 15000   79
 15000   79
 15000   79
 15000   79
 15000   80
 15000   79
 15000   79
 15000   79
 15000   79
 15000   79
 15000   79
 15000   79
 15000   79
 15000   79
 15000   79
 15000   80
 15000   79
 15000   79
 15000   79
 15000   79
 15000   79
 15000   79
 15000   121
 15000   79
 15000   79
 15000   79
 15000   79
 15000   78
 15000   79
 15000   79
 15000   79
 15000   79
 15000   79
 15000   79
 15000   79
 15000   79
 15000   80
 15000   79
 15000   80
 15000   79
 15000   79
 15000   79
 15000   79
 15000   79
 15000   79
 15000   80
 15000   79
 15700   79
 15700   79
 15700   79
 15700   79
 15700   79
 15700   79
 15700   79
 15700   80
 15700   79
 15700   80
 15700   80
 15700   79
 15700   79
 15700   79
 15700   80
 15700   79
 15700   80
 15700   80
 15700   79
 15700   79
 15700   79
 15700   79
 15700   79
 15700   79
 15700   79
 15700   80
 15700   80
 15700   79
 15700   80
 15700   79
 15700   79
 15700   79
 15700   79
 15700   79
 15700   79
 15700   79
 15700   79
 15700   79
 15700   79
 15700   80
 15700   80
 15700   79
 15700   80
 15700   79
 15700   80
 15700   79
 15700   79
 15700   79
 15700   79
 15700   80
 15700   79
 15700   80
 15700   79
 15700   79
 15700   79
 15700   79
 15700   79
 15700   79
 15700   79
 15700   79
 15700   79
 15700   79
 15700   79
 15700   98
 15700   79
 15700   80
 15700   79
 15700   80
 15700   79
 15700   80
 15700   80
 15700   79
 15700   80
 15700   79
 15700   79
 16400   79
 16400   79
 16400   148
 16400   79
 16400   79
 16400   79
 16400   80
 16400   80
 16400   80
 16400   79
 16400   80
 16400   79
 16400   80
 16400   94
 16400   79
 16400   79
 16400   79
 16400   79
 16400   79
 16400   80
 16400   79
 16400   80
 16400   80
 16400   80
 16400   80
 16400   80
 16400   80
 16400   79
 16400   80
 16400   79
 16400   80
 16400   79
 16400   80
 16400   79
 16400   80
 16400   80
 16400   79
 16400   79
 16400   79
 16400   79
 16400   79
 16400   79
 16400   79
 16400   79
 16400   79
 16400   80
 16400   80
 16400   79
 16400   80
 16400   79
 16400   80
 16400   79
 16400   79
 16400   79
 16400   79
 16400   79
 16400   82
 16400   79
 16400   79
 16400   80
 16400   79
 16400   80
 16400   79
 16400   80
 16400   125
 16400   80
 16400   80
 16400   79
 16400   80
 16400   79
 16400   79
 16400   79
 16400   79
 16400   79
 16400   79
 17100   88
 17100   88
 17100   88
 17100   88
 17100   88
 17100   88
 17100   88
 17100   88
 17100   88
 17100   88
 17100   88
 17100   88
 17100   89
 17100   88
 17100   88
 17100   89
 17100   89
 17100   88
 17100   88
 17100   88
 17100   88
 17100   88
 17100   88
 17100   88
 17100   108
 17100   88
 17100   88
 17100   88
 17100   88
 17100   88
 17100   88
 17100   88
 17100   88
 17100   88
 17100   88
 17100   88
 17100   88
 17100   88
 17100   88
 17100   88
 17100   88
 17100   89
 17100   118
 17100   88
 17100   88
 17100   88
 17100   88
 17100   88
 17100   88
 17100   88
 17100   88
 17100   105
 17100   88
 17100   88
 17100   88
 17100   88
 17100   88
 17100   88
 17100   88
 17100   88
 17100   88
 17100   88
 17100   88
 17100   88
 17100   88
 17100   88
 17100   88
 17100   88
 17100   88
 17100   91
 17100   88
 17100   88
 17100   88
 17100   88
 17100   88
 17800   97
 17800   97
 17800   97
 17800   97
 17800   119
 17800   97
 17800   97
 17800   97
 17800   96
 17800   97
 17800   116
 17800   97
 17800   97
 17800   97
 17800   96
 17800   163
 17800   96
 17800   97
 17800   97
 17800   97
 17800   97
 17800   96
 17800   97
 17800   98
 17800   97
 17800   96
 17800   139
 17800   97
 17800   97
 17800   97
 17800   97
 17800   97
 17800   97
 17800   97
 17800   96
 17800   97
 17800   97
 17800   198
 17800   97
 17800   97
 17800   97
 17800   97
 17800   97
 17800   97
 17800   97
 17800   97
 17800   97
 17800   98
 17800   97
 17800   97
 17800   97
 17800   97
 17800   97
 17800   97
 17800   97
 17800   97
 17800   97
 17800   96
 17800   97
 17800   97
 17800   97
 17800   125
 17800   97
 17800   97
 17800   97
 17800   97
 17800   97
 17800   97
 17800   97
 17800   97
 17800   97
 17800   98
 17800   97
 17800   98
 17800   97
 18500   102
 18500   102
 18500   102
 18500   102
 18500   102
 18500   101
 18500   102
 18500   102
 18500   102
 18500   102
 18500   102
 18500   102
 18500   102
 18500   102
 18500   102
 18500   102
 18500   102
 18500   102
 18500   176
 18500   102
 18500   102
 18500   102
 18500   102
 18500   102
 18500   102
 18500   102
 18500   102
 18500   102
 18500   102
 18500   102
 18500   102
 18500   102
 18500   102
 18500   102
 18500   102
 18500   102
 18500   102
 18500   102
 18500   102
 18500   102
 18500   102
 18500   102
 18500   102
 18500   102
 18500   102
 18500   102
 18500   101
 18500   102
 18500   101
 18500   102
 18500   102
 18500   102
 18500   172
 18500   102
 18500   102
 18500   102
 18500   102
 18500   102
 18500   102
 18500   102
 18500   102
 18500   102
 18500   102
 18500   102
 18500   102
 18500   102
 18500   102
 18500   102
 18500   102
 18500   102
 18500   102
 18500   115
 18500   102
 18500   102
 18500   102
 19200   116
 19200   117
 19200   116
 19200   115
 19200   118
 19200   115
 19200   116
 19200   116
 19200   117
 19200   115
 19200   116
 19200   115
 19200   119
 19200   117
 19200   116
 19200   116
 19200   116
 19200   115
 19200   115
 19200   116
 19200   115
 19200   116
 19200   115
 19200   117
 19200   116
 19200   117
 19200   115
 19200   117
 19200   117
 19200   116
 19200   116
 19200   116
 19200   117
 19200   116
 19200   117
 19200   115
 19200   115
 19200   116
 19200   116
 19200   114
 19200   114
 19200   116
 19200   115
 19200   116
 19200   115
 19200   118
 19200   115
 19200   117
 19200   193
 19200   117
 19200   148
 19200   116
 19200   118
 19200   116
 19200   116
 19200   116
 19200   115
 19200   116
 19200   117
 19200   116
 19200   115
 19200   116
 19200   115
 19200   116
 19200   115
 19200   116
 19200   115
 19200   114
 19200   114
 19200   114
 19200   115
 19200   119
 19200   116
 19200   116
 19200   115
 19900   118
 19900   117
 19900   118
 19900   117
 19900   117
 19900   117
 19900   118
 19900   117
 19900   117
 19900   117
 19900   117
 19900   117
 19900   117
 19900   117
 19900   117
 19900   117
 19900   117
 19900   117
 19900   118
 19900   117
 19900   117
 19900   117
 19900   117
 19900   117
 19900   117
 19900   117
 19900   117
 19900   117
 19900   117
 19900   178
 19900   118
 19900   183
 19900   117
 19900   160
 19900   117
 19900   118
 19900   118
 19900   117
 19900   117
 19900   118
 19900   117
 19900   117
 19900   117
 19900   117
 19900   117
 19900   117
 19900   117
 19900   117
 19900   117
 19900   118
 19900   117
 19900   117
 19900   117
 19900   117
 19900   117
 19900   117
 19900   117
 19900   118
 19900   117
 19900   118
 19900   117
 19900   118
 19900   117
 19900   118
 19900   117
 19900   117
 19900   117
 19900   117
 19900   135
 19900   122
 19900   117
 19900   118
 19900   117
 19900   117
 19900   117
 20600   121
 20600   121
 20600   121
 20600   121
 20600   121
 20600   121
 20600   121
 20600   121
 20600   121
 20600   121
 20600   121
 20600   121
 20600   121
 20600   217
 20600   121
 20600   146
 20600   121
 20600   121
 20600   121
 20600   168
 20600   121
 20600   121
 20600   121
 20600   121
 20600   121
 20600   121
 20600   121
 20600   121
 20600   121
 20600   121
 20600   121
 20600   121
 20600   121
 20600   121
 20600   121
 20600   121
 20600   121
 20600   121
 20600   121
 20600   121
 20600   121
 20600   121
 20600   227
 20600   121
 20600   162
 20600   121
 20600   137
 20600   121
 20600   121
 20600   121
 20600   121
 20600   121
 20600   121
 20600   121
 20600   121
 20600   121
 20600   121
 20600   121
 20600   121
 20600   121
 20600   121
 20600   121
 20600   121
 20600   121
 20600   121
 20600   121
 20600   121
 20600   121
 20600   121
 20600   162
 20600   121
 20600   121
 20600   121
 20600   121
 20600   121
 21300   133
 21300   134
 21300   134
 21300   133
 21300   134
 21300   134
 21300   133
 21300   133
 21300   133
 21300   133
 21300   133
 21300   135
 21300   134
 21300   133
 21300   133
 21300   133
 21300   134
 21300   133
 21300   133
 21300   134
 21300   151
 21300   133
 21300   134
 21300   155
 21300   134
 21300   134
 21300   133
 21300   134
 21300   134
 21300   134
 21300   135
 21300   133
 21300   134
 21300   133
 21300   134
 21300   134
 21300   133
 21300   133
 21300   133
 21300   134
 21300   134
 21300   133
 21300   134
 21300   133
 21300   136
 21300   134
 21300   134
 21300   133
 21300   134
 21300   134
 21300   134
 21300   133
 21300   134
 21300   133
 21300   134
 21300   133
 21300   134
 21300   133
 21300   133
 21300   135
 21300   134
 21300   133
 21300   134
 21300   134
 21300   134
 21300   133
 21300   134
 21300   134
 21300   134
 21300   133
 21300   134
 21300   133
 21300   133
 21300   133
 21300   133
 22000   134
 22000   134
 22000   134
 22000   135
 22000   134
 22000   135
 22000   134
 22000   134
 22000   134
 22000   134
 22000   134
 22000   135
 22000   134
 22000   134
 22000   134
 22000   135
 22000   134
 22000   135
 22000   134
 22000   135
 22000   135
 22000   136
 22000   134
 22000   135
 22000   134
 22000   135
 22000   134
 22000   135
 22000   134
 22000   135
 22000   134
 22000   135
 22000   134
 22000   134
 22000   134
 22000   134
 22000   134
 22000   134
 22000   134
 22000   135
 22000   134
 22000   135
 22000   134
 22000   135
 22000   134
 22000   135
 22000   134
 22000   135
 22000   134
 22000   134
 22000   134
 22000   134
 22000   134
 22000   134
 22000   134
 22000   135
 22000   134
 22000   135
 22000   134
 22000   135
 22000   134
 22000   135
 22000   134
 22000   135
 22000   134
 22000   135
 22000   134
 22000   135
 22000   135
 22000   135
 22000   135
 22000   239
 22000   135
 22000   134
 22000   135
 22700   141
 22700   142
 22700   141
 22700   142
 22700   141
 22700   142
 22700   141
 22700   143
 22700   141
 22700   141
 22700   141
 22700   141
 22700   141
 22700   141
 22700   141
 22700   143
 22700   141
 22700   142
 22700   141
 22700   142
 22700   141
 22700   142
 22700   141
 22700   142
 22700   141
 22700   142
 22700   142
 22700   197
 22700   143
 22700   141
 22700   142
 22700   141
 22700   143
 22700   141
 22700   142
 22700   141
 22700   142
 22700   141
 22700   142
 22700   141
 22700   142
 22700   143
 22700   142
 22700   141
 22700   143
 22700   141
 22700   142
 22700   141
 22700   142
 22700   141
 22700   142
 22700   141
 22700   142
 22700   141
 22700   142
 22700   141
 22700   143
 22700   141
 22700   141
 22700   141
 22700   141
 22700   141
 22700   141
 22700   141
 22700   141
 22700   141
 22700   142
 22700   141
 22700   141
 22700   195
 22700   141
 22700   143
 22700   141
 22700   142
 22700   141
 23400   150
 23400   150
 23400   150
 23400   150
 23400   150
 23400   150
 23400   150
 23400   150
 23400   150
 23400   150
 23400   150
 23400   150
 23400   150
 23400   150
 23400   150
 23400   150
 23400   150
 23400   150
 23400   150
 23400   150
 23400   150
 23400   150
 23400   150
 23400   150
 23400   193
 23400   150
 23400   234
 23400   150
 23400   164
 23400   150
 23400   150
 23400   150
 23400   150
 23400   150
 23400   150
 23400   150
 23400   150
 23400   150
 23400   150
 23400   150
 23400   150
 23400   150
 23400   150
 23400   150
 23400   150
 23400   150
 23400   150
 23400   150
 23400   150
 23400   150
 23400   150
 23400   150
 23400   150
 23400   150
 23400   150
 23400   150
 23400   150
 23400   150
 23400   150
 23400   150
 23400   150
 23400   150
 23400   150
 23400   149
 23400   150
 23400   182
 23400   150
 23400   150
 23400   179
 23400   149
 23400   150
 23400   150
 23400   150
 23400   150
 23400   152
 24100   233
 24100   168
 24100   167
 24100   168
 24100   167
 24100   167
 24100   167
 24100   168
 24100   168
 24100   168
 24100   168
 24100   168
 24100   168
 24100   168
 24100   168
 24100   167
 24100   167
 24100   167
 24100   168
 24100   169
 24100   169
 24100   234
 24100   168
 24100   168
 24100   168
 24100   168
 24100   169
 24100   168
 24100   168
 24100   168
 24100   169
 24100   168
 24100   168
 24100   168
 24100   169
 24100   168
 24100   212
 24100   168
 24100   168
 24100   168
 24100   168
 24100   167
 24100   167
 24100   168
 24100   167
 24100   168
 24100   168
 24100   169
 24100   168
 24100   168
 24100   168
 24100   168
 24100   168
 24100   168
 24100   168
 24100   168
 24100   167
 24100   214
 24100   167
 24100   167
 24100   169
 24100   169
 24100   168
 24100   168
 24100   168
 24100   168
 24100   168
 24100   168
 24100   169
 24100   168
 24100   169
 24100   167
 24100   168
 24100   168
 24100   168
 24800   159
 24800   157
 24800   159
 24800   157
 24800   159
 24800   157
 24800   159
 24800   157
 24800   159
 24800   157
 24800   233
 24800   159
 24800   157
 24800   159
 24800   157
 24800   159
 24800   158
 24800   159
 24800   158
 24800   159
 24800   157
 24800   159
 24800   163
 24800   157
 24800   157
 24800   217
 24800   159
 24800   157
 24800   159
 24800   157
 24800   157
 24800   157
 24800   157
 24800   157
 24800   157
 24800   157
 24800   159
 24800   157
 24800   159
 24800   158
 24800   158
 24800   159
 24800   216
 24800   157
 24800   157
 24800   157
 24800   157
 24800   159
 24800   157
 24800   159
 24800   157
 24800   159
 24800   157
 24800   159
 24800   157
 24800   159
 24800   159
 24800   226
 24800   159
 24800   158
 24800   159
 24800   158
 24800   159
 24800   158
 24800   163
 24800   157
 24800   157
 24800   157
 24800   157
 24800   157
 24800   159
 24800   159
 24800   157
 24800   159
 24800   158
 25500   159
 25500   158
 25500   157
 25500   157
 25500   158
 25500   157
 25500   157
 25500   157
 25500   157
 25500   157
 25500   205
 25500   159
 25500   157
 25500   157
 25500   157
 25500   157
 25500   157
 25500   159
 25500   158
 25500   159
 25500   157
 25500   159
 25500   157
 25500   159
 25500   157
 25500   203
 25500   157
 25500   157
 25500   157
 25500   157
 25500   157
 25500   157
 25500   159
 25500   157
 25500   159
 25500   157
 25500   159
 25500   157
 25500   157
 25500   157
 25500   157
 25500   157
 25500   185
 25500   157
 25500   157
 25500   159
 25500   157
 25500   159
 25500   157
 25500   159
 25500   157
 25500   159
 25500   157
 25500   159
 25500   166
 25500   281
 25500   159
 25500   157
 25500   159
 25500   157
 25500   159
 25500   158
 25500   220
 25500   163
 25500   163
 25500   163
 25500   163
 25500   165
 25500   163
 25500   165
 25500   163
 25500   165
 25500   165
 25500   170
 25500   163
 26200   163
 26200   165
 26200   157
 26200   159
 26200   157
 26200   159
 26200   159
 26200   158
 26200   158
 26200   172
 26200   159
 26200   159
 26200   159
 26200   158
 26200   158
 26200   159
 26200   158
 26200   159
 26200   158
 26200   159
 26200   159
 26200   159
 26200   159
 26200   159
 26200   197
 26200   159
 26200   159
 26200   158
 26200   157
 26200   157
 26200   160
 26200   157
 26200   157
 26200   157
 26200   157
 26200   158
 26200   157
 26200   159
 26200   157
 26200   244
 26200   157
 26200   157
 26200   157
 26200   157
 26200   158
 26200   157
 26200   159
 26200   157
 26200   159
 26200   157
 26200   158
 26200   159
 26200   157
 26200   158
 26200   157
 26200   159
 26200   157
 26200   159
 26200   157
 26200   158
 26200   157
 26200   214
 26200   157
 26200   157
 26200   157
 26200   157
 26200   159
 26200   157
 26200   159
 26200   157
 26200   159
 26200   157
 26200   157
 26200   157
 26200   170
 26900   157
 26900   157
 26900   159
 26900   158
 26900   159
 26900   158
 26900   158
 26900   157
 26900   159
 26900   159
 26900   158
 26900   157
 26900   157
 26900   157
 26900   157
 26900   157
 26900   157
 26900   157
 26900   157
 26900   157
 26900   157
 26900   201
 26900   159
 26900   157
 26900   159
 26900   157
 26900   157
 26900   157
 26900   157
 26900   157
 26900   157
 26900   157
 26900   157
 26900   159
 26900   157
 26900   159
 26900   157
 26900   159
 26900   158
 26900   157
 26900   157
 26900   157
 26900   157
 26900   159
 26900   159
 26900   158
 26900   159
 26900   191
 26900   157
 26900   157
 26900   157
 26900   157
 26900   157
 26900   157
 26900   159
 26900   159
 26900   157
 26900   158
 26900   157
 26900   159
 26900   157
 26900   159
 26900   162
 26900   159
 26900   189
 26900   158
 26900   159
 26900   255
 26900   159
 26900   157
 26900   159
 26900   157
 26900   159
 26900   158
 26900   212
 27600   159
 27600   158
 27600   159
 27600   157
 27600   159
 27600   157
 27600   159
 27600   157
 27600   253
 27600   159
 27600   157
 27600   159
 27600   157
 27600   159
 27600   157
 27600   159
 27600   157
 27600   203
 27600   159
 27600   157
 27600   159
 27600   157
 27600   159
 27600   157
 27600   159
 27600   157
 27600   226
 27600   159
 27600   157
 27600   159
 27600   158
 27600   159
 27600   157
 27600   159
 27600   157
 27600   199
 27600   159
 27600   157
 27600   157
 27600   158
 27600   157
 27600   157
 27600   157
 27600   157
 27600   159
 27600   159
 27600   157
 27600   159
 27600   157
 27600   157
 27600   158
 27600   159
 27600   157
 27600   159
 27600   159
 27600   157
 27600   159
 27600   158
 27600   158
 27600   158
 27600   159
 27600   157
 27600   159
 27600   159
 27600   157
 27600   159
 27600   157
 27600   157
 27600   157
 27600   159
 27600   157
 27600   159
 27600   198
 27600   197
 27600   197
 28300   197
 28300   157
 28300   159
 28300   157
 28300   159
 28300   157
 28300   159
 28300   157
 28300   159
 28300   157
 28300   159
 28300   159
 28300   157
 28300   157
 28300   157
 28300   157
 28300   157
 28300   157
 28300   157
 28300   157
 28300   159
 28300   157
 28300   159
 28300   157
 28300   159
 28300   157
 28300   157
 28300   160
 28300   204
 28300   157
 28300   157
 28300   159
 28300   157
 28300   159
 28300   208
 28300   157
 28300   157
 28300   157
 28300   157
 28300   157
 28300   157
 28300   157
 28300   157
 28300   157
 28300   199
 28300   157
 28300   157
 28300   157
 28300   157
 28300   159
 28300   158
 28300   157
 28300   157
 28300   157
 28300   157
 28300   158
 28300   159
 28300   157
 28300   157
 28300   157
 28300   159
 28300   157
 28300   210
 28300   159
 28300   157
 28300   157
 28300   157
 28300   157
 28300   157
 28300   157
 28300   157
 28300   159
 28300   159
 28300   157
 28300   159
 29000   158
 29000   159
 29000   158
 29000   159
 29000   159
 29000   157
 29000   159
 29000   158
 29000   159
 29000   157
 29000   159
 29000   157
 29000   212
 29000   157
 29000   157
 29000   157
 29000   157
 29000   157
 29000   157
 29000   157
 29000   158
 29000   227
 29000   157
 29000   157
 29000   157
 29000   157
 29000   157
 29000   157
 29000   157
 29000   158
 29000   157
 29000   159
 29000   158
 29000   159
 29000   157
 29000   157
 29000   157
 29000   157
 29000   157
 29000   222
 29000   158
 29000   157
 29000   159
 29000   158
 29000   159
 29000   158
 29000   159
 29000   157
 29000   158
 29000   159
 29000   158
 29000   158
 29000   157
 29000   157
 29000   157
 29000   157
 29000   159
 29000   175
 29000   157
 29000   157
 29000   157
 29000   157
 29000   157
 29000   157
 29000   157
 29000   157
 29000   159
 29000   159
 29000   158
 29000   159
 29000   157
 29000   159
 29000   158
 29000   159
 29000   157
 29700   158
 29700   157
 29700   157
 29700   159
 29700   157
 29700   159
 29700   157
 29700   221
 29700   157
 29700   157
 29700   157
 29700   157
 29700   157
 29700   157
 29700   157
 29700   157
 29700   257
 29700   159
 29700   157
 29700   159
 29700   157
 29700   159
 29700   157
 29700   278
 29700   159
 29700   157
 29700   159
 29700   157
 29700   159
 29700   157
 29700   221
 29700   159
 29700   157
 29700   159
 29700   157
 29700   159
 29700   157
 29700   234
 29700   159
 29700   157
 29700   159
 29700   157
 29700   159
 29700   157
 29700   204
 29700   159
 29700   157
 29700   159
 29700   157
 29700   159
 29700   157
 29700   157
 29700   157
 29700   157
 29700   157
 29700   157
 29700   157
 29700   157
 29700   157
 29700   157
 29700   159
 29700   158
 29700   157
 29700   157
 29700   157
 29700   157
 29700   157
 29700   159
 29700   158
 29700   216
 29700   159
 29700   157
 29700   159
 29700   157
 29700   159
 30400   157
 30400   234
 30400   159
 30400   158
 30400   159
 30400   157
 30400   157
 30400   157
 30400   158
 30400   159
 30400   157
 30400   159
 30400   157
 30400   159
 30400   160
 30400   157
 30400   159
 30400   157
 30400   159
 30400   157
 30400   157
 30400   157
 30400   173
 30400   157
 30400   157
 30400   157
 30400   157
 30400   157
 30400   157
 30400   157
 30400   157
 30400   157
 30400   157
 30400   157
 30400   159
 30400   157
 30400   159
 30400   157
 30400   158
 30400   159
 30400   157
 30400   159
 30400   157
 30400   159
 30400   157
 30400   157
 30400   159
 30400   157
 30400   157
 30400   157
 30400   157
 30400   158
 30400   158
 30400   159
 30400   157
 30400   157
 30400   158
 30400   157
 30400   157
 30400   159
 30400   159
 30400   158
 30400   157
 30400   157
 30400   158
 30400   158
 30400   249
 30400   159
 30400   157
 30400   159
 30400   177
 30400   157
 30400   159
 30400   157
 30400   159
 31100   158
 31100   199
 31100   157
 31100   157
 31100   157
 31100   157
 31100   157
 31100   157
 31100   211
 31100   157
 31100   157
 31100   159
 31100   157
 31100   159
 31100   157
 31100   158
 31100   159
 31100   157
 31100   159
 31100   157
 31100   159
 31100   157
 31100   157
 31100   157
 31100   157
 31100   157
 31100   157
 31100   159
 31100   157
 31100   157
 31100   159
 31100   157
 31100   157
 31100   157
 31100   157
 31100   157
 31100   157
 31100   157
 31100   157
 31100   159
 31100   157
 31100   159
 31100   159
 31100   157
 31100   159
 31100   157
 31100   159
 31100   157
 31100   206
 31100   159
 31100   158
 31100   159
 31100   157
 31100   159
 31100   158
 31100   157
 31100   159
 31100   157
 31100   159
 31100   157
 31100   159
 31100   157
 31100   157
 31100   157
 31100   157
 31100   157
 31100   157
 31100   159
 31100   157
 31100   246
 31100   157
 31100   157
 31100   157
 31100   157
 31100   157
 31800   157
 31800   241
 31800   159
 31800   157
 31800   157
 31800   267
 31800   157
 31800   159
 31800   157
 31800   159
 31800   157
 31800   157
 31800   157
 31800   157
 31800   157
 31800   157
 31800   159
 31800   157
 31800   159
 31800   157
 31800   157
 31800   159
 31800   157
 31800   159
 31800   157
 31800   157
 31800   157
 31800   157
 31800   157
 31800   157
 31800   159
 31800   157
 31800   204
 31800   159
 31800   157
 31800   159
 31800   157
 31800   159
 31800   157
 31800   157
 31800   159
 31800   158
 31800   159
 31800   157
 31800   236
 31800   159
 31800   157
 31800   159
 31800   157
 31800   157
 31800   176
 31800   157
 31800   159
 31800   157
 31800   159
 31800   157
 31800   157
 31800   157
 31800   157
 31800   157
 31800   157
 31800   157
 31800   157
 31800   201
 31800   159
 31800   157
 31800   159
 31800   157
 31800   159
 31800   157
 31800   157
 31800   159
 31800   157
 31800   159
 31800   157
 32500   250
 32500   157
 32500   157
 32500   159
 32500   157
 32500   158
 32500   157
 32500   157
 32500   157
 32500   157
 32500   157
 32500   157
 32500   157
 32500   157
 32500   157
 32500   157
 32500   157
 32500   159
 32500   157
 32500   229
 32500   157
 32500   157
 32500   157
 32500   157
 32500   159
 32500   157
 32500   157
 32500   158
 32500   158
 32500   157
 32500   157
 32500   232
 32500   157
 32500   157
 32500   159
 32500   157
 32500   159
 32500   159
 32500   157
 32500   157
 32500   157
 32500   157
 32500   157
 32500   157
 32500   157
 32500   157
 32500   157
 32500   157
 32500   159
 32500   157
 32500   201
 32500   159
 32500   157
 32500   159
 32500   157
 32500   159
 32500   159
 32500   157
 32500   159
 32500   158
 32500   159
 32500   159
 32500   157
 32500   159
 32500   158
 32500   159
 32500   157
 32500   157
 32500   158
 32500   158
 32500   159
 32500   157
 32500   246
 32500   157
 32500   157
 33200   188
 33200   164
 33200   163
 33200   165
 33200   164
 33200   165
 33200   163
 33200   163
 33200   189
 33200   163
 33200   165
 33200   163
 33200   163
 33200   163
 33200   163
 33200   165
 33200   165
 33200   163
 33200   165
 33200   163
 33200   227
 33200   165
 33200   164
 33200   165
 33200   163
 33200   163
 33200   165
 33200   163
 33200   164
 33200   165
 33200   164
 33200   165
 33200   163
 33200   188
 33200   163
 33200   163
 33200   164
 33200   164
 33200   163
 33200   163
 33200   163
 33200   163
 33200   163
 33200   165
 33200   163
 33200   163
 33200   163
 33200   163
 33200   163
 33200   163
 33200   163
 33200   164
 33200   163
 33200   163
 33200   189
 33200   163
 33200   163
 33200   164
 33200   163
 33200   163
 33200   170
 33200   163
 33200   163
 33200   190
 33200   163
 33200   163
 33200   163
 33200   163
 33200   163
 33200   164
 33200   163
 33200   163
 33200   163
 33200   163
 33200   163
 33900   170
 33900   170
 33900   170
 33900   170
 33900   170
 33900   170
 33900   170
 33900   171
 33900   170
 33900   199
 33900   170
 33900   170
 33900   170
 33900   170
 33900   265
 33900   170
 33900   170
 33900   170
 33900   170
 33900   170
 33900   170
 33900   174
 33900   171
 33900   170
 33900   170
 33900   171
 33900   170
 33900   238
 33900   171
 33900   170
 33900   170
 33900   170
 33900   170
 33900   170
 33900   170
 33900   171
 33900   170
 33900   170
 33900   171
 33900   170
 33900   244
 33900   171
 33900   170
 33900   172
 33900   202
 33900   170
 33900   172
 33900   170
 33900   199
 33900   171
 33900   170
 33900   172
 33900   170
 33900   170
 33900   171
 33900   170
 33900   171
 33900   172
 33900   170
 33900   172
 33900   170
 33900   170
 33900   171
 33900   170
 33900   171
 33900   172
 33900   170
 33900   171
 33900   171
 33900   170
 33900   171
 33900   170
 33900   171
 33900   170
 33900   170
 34600   184
 34600   182
 34600   182
 34600   183
 34600   182
 34600   183
 34600   183
 34600   183
 34600   182
 34600   182
 34600   182
 34600   184
 34600   182
 34600   183
 34600   183
 34600   182
 34600   183
 34600   182
 34600   183
 34600   184
 34600   182
 34600   182
 34600   182
 34600   182
 34600   183
 34600   182
 34600   182
 34600   183
 34600   182
 34600   217
 34600   183
 34600   182
 34600   184
 34600   182
 34600   182
 34600   183
 34600   182
 34600   277
 34600   182
 34600   183
 34600   183
 34600   182
 34600   183
 34600   183
 34600   182
 34600   247
 34600   183
 34600   182
 34600   183
 34600   182
 34600   182
 34600   183
 34600   182
 34600   182
 34600   183
 34600   182
 34600   183
 34600   182
 34600   182
 34600   184
 34600   182
 34600   183
 34600   183
 34600   182
 34600   183
 34600   183
 34600   182
 34600   183
 34600   181
 34600   182
 34600   183
 34600   182
 34600   183
 34600   183
 34600   182
 35300   186
 35300   184
 35300   184
 35300   186
 35300   184
 35300   184
 35300   185
 35300   184
 35300   185
 35300   185
 35300   185
 35300   185
 35300   184
 35300   184
 35300   185
 35300   184
 35300   185
 35300   185
 35300   184
 35300   229
 35300   185
 35300   184
 35300   185
 35300   184
 35300   184
 35300   184
 35300   184
 35300   259
 35300   184
 35300   184
 35300   185
 35300   184
 35300   184
 35300   185
 35300   184
 35300   184
 35300   184
 35300   184
 35300   184
 35300   185
 35300   184
 35300   185
 35300   185
 35300   229
 35300   261
 35300   184
 35300   185
 35300   185
 35300   184
 35300   184
 35300   185
 35300   184
 35300   184
 35300   184
 35300   184
 35300   184
 35300   184
 35300   186
 35300   184
 35300   184
 35300   184
 35300   184
 35300   184
 35300   184
 35300   184
 35300   229
 35300   184
 35300   184
 35300   184
 35300   184
 35300   185
 35300   184
 35300   184
 35300   184
 35300   184
