

*******************************************************************************
Thu Mar 14 11:56:51 2019


FIT:    data read from 'mediasburbuja.dat'
        format = z
        #datapoints = 28
        residuals are weighted equally (unit weight)

function used for fitting: f(x)
	f(x)=a0*x*x+a1*x+a2
fitted parameters initialized with current variable values

iter      chisq       delta/lim  lambda   a0            a1            a2           
   0 7.7002166913e+17   0.00e+00  9.60e+07    1.000000e+00   1.000000e+00   1.000000e+00
  11 1.0970108478e+09  -6.84e-03  9.60e-04    3.156435e-03  -6.443835e+00   8.554020e+03

After 11 iterations the fit converged.
final sum of squares of residuals : 1.09701e+09
rel. change during last iteration : -6.83502e-08

degrees of freedom    (FIT_NDF)                        : 25
rms of residuals      (FIT_STDFIT) = sqrt(WSSR/ndf)    : 6624.23
variance of residuals (reduced chisquare) = WSSR/ndf   : 4.38804e+07

Final set of parameters            Asymptotic Standard Error
=======================            ==========================
a0              = 0.00315643       +/- 4.386e-05    (1.39%)
a1              = -6.44384         +/- 0.8665       (13.45%)
a2              = 8554.02          +/- 3576         (41.8%)

correlation matrix of the fit parameters:
                a0     a1     a2     
a0              1.000 
a1             -0.967  1.000 
a2              0.727 -0.853  1.000 


*******************************************************************************
Sat Mar 16 19:16:38 2019


FIT:    data read from 'resultados_burbuja_JA.dat'
        format = z
        #datapoints = 28
        residuals are weighted equally (unit weight)

function used for fitting: f(x)
	f(x)=a0*x*x+a1*x+a2
fitted parameters initialized with current variable values

iter      chisq       delta/lim  lambda   a0            a1            a2           
   0 7.7002166913e+17   0.00e+00  9.60e+07    1.000000e+00   1.000000e+00   1.000000e+00
  11 1.0970108478e+09  -6.84e-03  9.60e-04    3.156435e-03  -6.443835e+00   8.554020e+03

After 11 iterations the fit converged.
final sum of squares of residuals : 1.09701e+09
rel. change during last iteration : -6.83502e-08

degrees of freedom    (FIT_NDF)                        : 25
rms of residuals      (FIT_STDFIT) = sqrt(WSSR/ndf)    : 6624.23
variance of residuals (reduced chisquare) = WSSR/ndf   : 4.38804e+07

Final set of parameters            Asymptotic Standard Error
=======================            ==========================
a0              = 0.00315643       +/- 4.386e-05    (1.39%)
a1              = -6.44384         +/- 0.8665       (13.45%)
a2              = 8554.02          +/- 3576         (41.8%)

correlation matrix of the fit parameters:
                a0     a1     a2     
a0              1.000 
a1             -0.967  1.000 
a2              0.727 -0.853  1.000 
