 6  1000
 11  1700
 17  2400
 22  3100
 22  3800
 26  4500
 32  5200
 38  5900
 39  6600
 40  7300
 40  8000
 45  8700
 54  9400
 62  10100
 66  10800
 72  11500
 80  12200
 79  12900
 79  13600
 79  14300
 79  15000
 79  15700
 79  16400
 88  17100
 97  17800
 102  18500
 115  19200
 117  19900
 204  20600
 146  21300
 140  22000
 141  22700
 150  23400
 168  24100
 157  24800
 164  25500
 187  26200
 157  26900
 157  27600
 157  28300
 158  29000
 157  29700
 173  30400
 157  31100
 158  31800
 157  32500
 213  33200
 170  33900
 218  34600
 185  35300
