 1000  204
 1000  127
 1000  120
 1000  140
 1000  108
 1000  113
 1000  108
 1000  135
 1000  152
 1000  117
 1000  170
 1000  98
 1000  93
 1000  125
 1000  106
 1000  72
 1000  169
 1000  129
 1000  102
 1000  137
 1000  125
 1000  128
 1000  124
 1000  93
 1000  101
 1000  135
 1000  93
 1000  117
 1000  95
 1000  141
 1000  184
 1000  159
 1000  135
 1000  178
 1000  133
 1000  180
 1000  116
 1000  166
 1000  113
 1000  105
 1000  104
 1000  86
 1000  133
 1000  138
 1000  131
 1000  74
 1000  171
 1000  134
 1000  90
 1000  113
 1000  136
 1000  140
 1000  90
 1000  90
 1000  94
 1000  99
 1000  107
 1000  93
 1000  82
 1000  98
 1000  149
 1000  75
 1000  141
 1000  175
 1000  137
 1000  118
 1000  123
 1000  98
 1000  189
 1000  129
 1000  97
 1000  127
 1000  114
 1000  121
 1000  62
 1000  105
 1000  99
 1000  131
 1000  121
 1000  99
 1000  122
 1000  122
 1000  96
 1000  111
 1000  135
 1000  144
 1000  115
 1000  82
 1000  112
 1000  105
 1000  100
 1000  150
 1000  101
 1000  120
 1000  134
 1000  91
 1000  132
 1000  127
 1000  106
 1000  139
 1700  121
 1700  151
 1700  105
 1700  96
 1700  141
 1700  113
 1700  134
 1700  101
 1700  118
 1700  130
 1700  110
 1700  120
 1700  100
 1700  134
 1700  128
 1700  101
 1700  139
 1700  125
 1700  113
 1700  115
 1700  98
 1700  113
 1700  134
 1700  100
 1700  87
 1700  145
 1700  80
 1700  88
 1700  145
 1700  128
 1700  122
 1700  132
 1700  142
 1700  129
 1700  134
 1700  146
 1700  137
 1700  137
 1700  128
 1700  83
 1700  95
 1700  93
 1700  171
 1700  154
 1700  152
 1700  88
 1700  184
 1700  102
 1700  73
 1700  117
 1700  174
 1700  169
 1700  138
 1700  188
 1700  127
 1700  109
 1700  106
 1700  110
 1700  118
 1700  126
 1700  106
 1700  91
 1700  152
 1700  100
 1700  141
 1700  89
 1700  120
 1700  111
 1700  92
 1700  259
 1700  105
 1700  188
 1700  95
 1700  123
 1700  129
 1700  141
 1700  126
 1700  105
 1700  138
 1700  97
 1700  98
 1700  79
 1700  129
 1700  113
 1700  99
 1700  142
 1700  106
 1700  130
 1700  126
 1700  185
 1700  137
 1700  110
 1700  152
 1700  131
 1700  88
 1700  143
 1700  182
 1700  131
 1700  123
 1700  95
 2400  92
 2400  80
 2400  134
 2400  81
 2400  110
 2400  82
 2400  88
 2400  92
 2400  107
 2400  99
 2400  119
 2400  150
 2400  109
 2400  102
 2400  111
 2400  120
 2400  121
 2400  102
 2400  109
 2400  111
 2400  139
 2400  82
 2400  134
 2400  118
 2400  121
 2400  136
 2400  107
 2400  129
 2400  132
 2400  120
 2400  89
 2400  115
 2400  119
 2400  101
 2400  130
 2400  134
 2400  114
 2400  136
 2400  90
 2400  81
 2400  125
 2400  124
 2400  105
 2400  125
 2400  100
 2400  126
 2400  126
 2400  112
 2400  121
 2400  94
 2400  92
 2400  121
 2400  98
 2400  117
 2400  107
 2400  115
 2400  97
 2400  127
 2400  187
 2400  91
 2400  96
 2400  89
 2400  107
 2400  132
 2400  136
 2400  87
 2400  110
 2400  136
 2400  133
 2400  68
 2400  101
 2400  162
 2400  94
 2400  185
 2400  93
 2400  131
 2400  108
 2400  85
 2400  133
 2400  131
 2400  122
 2400  106
 2400  126
 2400  112
 2400  131
 2400  62
 2400  109
 2400  110
 2400  110
 2400  117
 2400  115
 2400  111
 2400  117
 2400  123
 2400  90
 2400  114
 2400  113
 2400  113
 2400  142
 2400  128
 3100  129
 3100  136
 3100  134
 3100  127
 3100  100
 3100  102
 3100  97
 3100  124
 3100  133
 3100  157
 3100  198
 3100  130
 3100  212
 3100  149
 3100  138
 3100  145
 3100  126
 3100  107
 3100  120
 3100  168
 3100  134
 3100  119
 3100  115
 3100  99
 3100  129
 3100  101
 3100  113
 3100  114
 3100  96
 3100  131
 3100  86
 3100  98
 3100  122
 3100  92
 3100  106
 3100  63
 3100  90
 3100  92
 3100  110
 3100  116
 3100  135
 3100  106
 3100  109
 3100  84
 3100  117
 3100  122
 3100  100
 3100  103
 3100  116
 3100  74
 3100  129
 3100  97
 3100  118
 3100  103
 3100  113
 3100  88
 3100  109
 3100  83
 3100  90
 3100  92
 3100  95
 3100  190
 3100  125
 3100  117
 3100  134
 3100  114
 3100  159
 3100  132
 3100  143
 3100  123
 3100  134
 3100  123
 3100  83
 3100  100
 3100  115
 3100  117
 3100  66
 3100  108
 3100  135
 3100  124
 3100  125
 3100  135
 3100  96
 3100  125
 3100  104
 3100  99
 3100  137
 3100  133
 3100  88
 3100  128
 3100  118
 3100  106
 3100  137
 3100  104
 3100  136
 3100  125
 3100  89
 3100  97
 3100  121
 3100  98
 3800  182
 3800  152
 3800  180
 3800  131
 3800  112
 3800  131
 3800  110
 3800  163
 3800  108
 3800  110
 3800  84
 3800  134
 3800  104
 3800  133
 3800  105
 3800  136
 3800  134
 3800  113
 3800  94
 3800  83
 3800  82
 3800  100
 3800  122
 3800  145
 3800  104
 3800  100
 3800  136
 3800  114
 3800  120
 3800  128
 3800  75
 3800  95
 3800  107
 3800  102
 3800  147
 3800  128
 3800  126
 3800  157
 3800  137
 3800  138
 3800  115
 3800  111
 3800  106
 3800  139
 3800  138
 3800  121
 3800  191
 3800  123
 3800  151
 3800  125
 3800  121
 3800  79
 3800  100
 3800  107
 3800  112
 3800  100
 3800  175
 3800  109
 3800  108
 3800  197
 3800  121
 3800  107
 3800  116
 3800  103
 3800  96
 3800  89
 3800  131
 3800  109
 3800  130
 3800  143
 3800  94
 3800  122
 3800  138
 3800  99
 3800  101
 3800  117
 3800  119
 3800  95
 3800  155
 3800  90
 3800  172
 3800  106
 3800  109
 3800  97
 3800  142
 3800  155
 3800  151
 3800  140
 3800  115
 3800  174
 3800  79
 3800  148
 3800  108
 3800  119
 3800  112
 3800  127
 3800  102
 3800  142
 3800  192
 3800  122
 4500  121
 4500  132
 4500  118
 4500  116
 4500  177
 4500  101
 4500  134
 4500  143
 4500  99
 4500  119
 4500  144
 4500  138
 4500  128
 4500  100
 4500  381
 4500  113
 4500  163
 4500  119
 4500  125
 4500  106
 4500  111
 4500  194
 4500  113
 4500  114
 4500  194
 4500  130
 4500  123
 4500  140
 4500  110
 4500  81
 4500  137
 4500  66
 4500  86
 4500  98
 4500  140
 4500  110
 4500  101
 4500  96
 4500  103
 4500  112
 4500  70
 4500  169
 4500  100
 4500  209
 4500  96
 4500  102
 4500  130
 4500  102
 4500  135
 4500  110
 4500  175
 4500  148
 4500  101
 4500  153
 4500  115
 4500  117
 4500  146
 4500  147
 4500  159
 4500  180
 4500  102
 4500  202
 4500  152
 4500  117
 4500  162
 4500  108
 4500  89
 4500  109
 4500  101
 4500  102
 4500  102
 4500  72
 4500  125
 4500  99
 4500  116
 4500  100
 4500  81
 4500  122
 4500  116
 4500  156
 4500  102
 4500  178
 4500  139
 4500  101
 4500  195
 4500  99
 4500  137
 4500  118
 4500  93
 4500  139
 4500  100
 4500  118
 4500  115
 4500  108
 4500  101
 4500  113
 4500  94
 4500  144
 4500  94
 4500  103
 5200  173
 5200  104
 5200  165
 5200  109
 5200  93
 5200  89
 5200  102
 5200  130
 5200  126
 5200  135
 5200  124
 5200  128
 5200  107
 5200  138
 5200  73
 5200  89
 5200  138
 5200  121
 5200  121
 5200  94
 5200  100
 5200  105
 5200  184
 5200  106
 5200  143
 5200  116
 5200  122
 5200  120
 5200  120
 5200  105
 5200  115
 5200  132
 5200  158
 5200  133
 5200  137
 5200  104
 5200  126
 5200  179
 5200  210
 5200  144
 5200  139
 5200  99
 5200  103
 5200  108
 5200  122
 5200  139
 5200  113
 5200  136
 5200  109
 5200  134
 5200  132
 5200  124
 5200  110
 5200  119
 5200  95
 5200  91
 5200  160
 5200  144
 5200  101
 5200  128
 5200  151
 5200  111
 5200  115
 5200  93
 5200  120
 5200  104
 5200  188
 5200  127
 5200  120
 5200  91
 5200  131
 5200  106
 5200  163
 5200  96
 5200  96
 5200  101
 5200  133
 5200  132
 5200  117
 5200  124
 5200  162
 5200  104
 5200  119
 5200  129
 5200  87
 5200  84
 5200  91
 5200  109
 5200  131
 5200  189
 5200  126
 5200  91
 5200  94
 5200  135
 5200  123
 5200  126
 5200  139
 5200  175
 5200  110
 5200  62
 5900  95
 5900  157
 5900  124
 5900  96
 5900  169
 5900  134
 5900  119
 5900  125
 5900  110
 5900  126
 5900  135
 5900  117
 5900  112
 5900  111
 5900  97
 5900  112
 5900  126
 5900  107
 5900  148
 5900  193
 5900  92
 5900  187
 5900  185
 5900  119
 5900  290
 5900  112
 5900  133
 5900  102
 5900  104
 5900  124
 5900  130
 5900  115
 5900  103
 5900  168
 5900  105
 5900  114
 5900  106
 5900  111
 5900  115
 5900  149
 5900  128
 5900  108
 5900  97
 5900  133
 5900  122
 5900  109
 5900  97
 5900  106
 5900  87
 5900  109
 5900  103
 5900  142
 5900  144
 5900  109
 5900  107
 5900  124
 5900  142
 5900  126
 5900  110
 5900  128
 5900  121
 5900  105
 5900  129
 5900  154
 5900  147
 5900  80
 5900  103
 5900  116
 5900  123
 5900  127
 5900  174
 5900  108
 5900  97
 5900  49
 5900  131
 5900  111
 5900  117
 5900  132
 5900  118
 5900  102
 5900  86
 5900  138
 5900  107
 5900  101
 5900  137
 5900  117
 5900  148
 5900  125
 5900  142
 5900  113
 5900  111
 5900  117
 5900  96
 5900  117
 5900  126
 5900  114
 5900  141
 5900  132
 5900  97
 5900  132
 6600  120
 6600  170
 6600  110
 6600  139
 6600  135
 6600  152
 6600  124
 6600  128
 6600  103
 6600  90
 6600  121
 6600  93
 6600  95
 6600  87
 6600  128
 6600  122
 6600  101
 6600  97
 6600  120
 6600  119
 6600  122
 6600  93
 6600  145
 6600  75
 6600  101
 6600  127
 6600  115
 6600  128
 6600  100
 6600  108
 6600  136
 6600  107
 6600  141
 6600  180
 6600  181
 6600  121
 6600  93
 6600  102
 6600  95
 6600  133
 6600  123
 6600  112
 6600  106
 6600  121
 6600  102
 6600  94
 6600  125
 6600  181
 6600  138
 6600  111
 6600  119
 6600  156
 6600  109
 6600  97
 6600  109
 6600  123
 6600  107
 6600  102
 6600  98
 6600  150
 6600  142
 6600  105
 6600  110
 6600  100
 6600  95
 6600  126
 6600  128
 6600  90
 6600  119
 6600  102
 6600  124
 6600  100
 6600  134
 6600  223
 6600  131
 6600  131
 6600  107
 6600  120
 6600  118
 6600  110
 6600  171
 6600  156
 6600  146
 6600  118
 6600  98
 6600  99
 6600  101
 6600  116
 6600  122
 6600  176
 6600  105
 6600  132
 6600  134
 6600  119
 6600  119
 6600  113
 6600  131
 6600  87
 6600  110
 6600  125
 7300  133
 7300  142
 7300  99
 7300  97
 7300  135
 7300  129
 7300  124
 7300  210
 7300  109
 7300  107
 7300  147
 7300  128
 7300  137
 7300  132
 7300  95
 7300  126
 7300  118
 7300  147
 7300  130
 7300  109
 7300  121
 7300  118
 7300  107
 7300  115
 7300  165
 7300  105
 7300  181
 7300  127
 7300  127
 7300  113
 7300  166
 7300  118
 7300  108
 7300  113
 7300  125
 7300  185
 7300  116
 7300  124
 7300  93
 7300  114
 7300  117
 7300  89
 7300  125
 7300  144
 7300  116
 7300  113
 7300  107
 7300  115
 7300  196
 7300  98
 7300  89
 7300  140
 7300  128
 7300  189
 7300  205
 7300  171
 7300  131
 7300  109
 7300  109
 7300  154
 7300  111
 7300  97
 7300  96
 7300  122
 7300  115
 7300  162
 7300  113
 7300  129
 7300  138
 7300  118
 7300  98
 7300  94
 7300  124
 7300  140
 7300  73
 7300  89
 7300  146
 7300  97
 7300  137
 7300  91
 7300  87
 7300  117
 7300  125
 7300  93
 7300  101
 7300  138
 7300  193
 7300  147
 7300  177
 7300  158
 7300  183
 7300  130
 7300  136
 7300  124
 7300  119
 7300  96
 7300  102
 7300  128
 7300  139
 7300  125
 8000  98
 8000  117
 8000  158
 8000  101
 8000  80
 8000  87
 8000  108
 8000  164
 8000  85
 8000  78
 8000  117
 8000  111
 8000  108
 8000  79
 8000  129
 8000  118
 8000  103
 8000  91
 8000  121
 8000  99
 8000  132
 8000  106
 8000  168
 8000  151
 8000  125
 8000  143
 8000  239
 8000  144
 8000  92
 8000  144
 8000  103
 8000  99
 8000  119
 8000  118
 8000  142
 8000  148
 8000  124
 8000  110
 8000  100
 8000  113
 8000  120
 8000  100
 8000  186
 8000  104
 8000  93
 8000  119
 8000  139
 8000  144
 8000  116
 8000  99
 8000  93
 8000  158
 8000  113
 8000  125
 8000  138
 8000  103
 8000  123
 8000  114
 8000  149
 8000  115
 8000  91
 8000  129
 8000  136
 8000  136
 8000  92
 8000  116
 8000  102
 8000  158
 8000  103
 8000  104
 8000  116
 8000  143
 8000  119
 8000  105
 8000  129
 8000  136
 8000  133
 8000  97
 8000  127
 8000  115
 8000  97
 8000  106
 8000  107
 8000  106
 8000  190
 8000  127
 8000  97
 8000  134
 8000  95
 8000  123
 8000  117
 8000  148
 8000  126
 8000  89
 8000  130
 8000  136
 8000  130
 8000  135
 8000  130
 8000  123
 8700  128
 8700  124
 8700  113
 8700  188
 8700  118
 8700  107
 8700  103
 8700  142
 8700  107
 8700  194
 8700  83
 8700  102
 8700  128
 8700  94
 8700  155
 8700  140
 8700  114
 8700  125
 8700  117
 8700  166
 8700  84
 8700  113
 8700  95
 8700  153
 8700  92
 8700  121
 8700  132
 8700  128
 8700  91
 8700  128
 8700  112
 8700  107
 8700  118
 8700  128
 8700  111
 8700  110
 8700  112
 8700  189
 8700  75
 8700  76
 8700  90
 8700  129
 8700  122
 8700  94
 8700  100
 8700  113
 8700  104
 8700  92
 8700  87
 8700  105
 8700  113
 8700  114
 8700  134
 8700  78
 8700  130
 8700  112
 8700  88
 8700  141
 8700  151
 8700  108
 8700  141
 8700  89
 8700  97
 8700  112
 8700  127
 8700  108
 8700  119
 8700  130
 8700  95
 8700  121
 8700  131
 8700  148
 8700  94
 8700  87
 8700  90
 8700  97
 8700  92
 8700  129
 8700  135
 8700  124
 8700  175
 8700  131
 8700  150
 8700  99
 8700  103
 8700  95
 8700  180
 8700  127
 8700  102
 8700  200
 8700  86
 8700  142
 8700  98
 8700  100
 8700  141
 8700  130
 8700  192
 8700  89
 8700  122
 8700  113
 9400  106
 9400  135
 9400  98
 9400  97
 9400  128
 9400  113
 9400  203
 9400  95
 9400  93
 9400  100
 9400  111
 9400  128
 9400  117
 9400  103
 9400  98
 9400  98
 9400  136
 9400  94
 9400  92
 9400  119
 9400  122
 9400  127
 9400  118
 9400  119
 9400  95
 9400  97
 9400  94
 9400  100
 9400  131
 9400  100
 9400  91
 9400  119
 9400  323
 9400  119
 9400  144
 9400  103
 9400  77
 9400  120
 9400  113
 9400  129
 9400  97
 9400  116
 9400  190
 9400  93
 9400  94
 9400  119
 9400  109
 9400  90
 9400  133
 9400  136
 9400  109
 9400  100
 9400  122
 9400  138
 9400  126
 9400  128
 9400  151
 9400  93
 9400  125
 9400  147
 9400  114
 9400  89
 9400  174
 9400  99
 9400  147
 9400  119
 9400  120
 9400  82
 9400  95
 9400  101
 9400  76
 9400  144
 9400  102
 9400  140
 9400  107
 9400  95
 9400  112
 9400  95
 9400  145
 9400  137
 9400  127
 9400  189
 9400  144
 9400  107
 9400  135
 9400  147
 9400  110
 9400  113
 9400  184
 9400  121
 9400  131
 9400  101
 9400  90
 9400  101
 9400  93
 9400  187
 9400  124
 9400  173
 9400  98
 9400  118
 10100  142
 10100  130
 10100  113
 10100  104
 10100  115
 10100  115
 10100  178
 10100  108
 10100  110
 10100  120
 10100  147
 10100  130
 10100  115
 10100  116
 10100  102
 10100  134
 10100  122
 10100  150
 10100  82
 10100  96
 10100  149
 10100  161
 10100  139
 10100  203
 10100  211
 10100  141
 10100  188
 10100  127
 10100  120
 10100  82
 10100  114
 10100  96
 10100  118
 10100  105
 10100  112
 10100  152
 10100  143
 10100  140
 10100  115
 10100  111
 10100  140
 10100  120
 10100  122
 10100  90
 10100  100
 10100  153
 10100  98
 10100  115
 10100  156
 10100  128
 10100  91
 10100  113
 10100  88
 10100  157
 10100  101
 10100  136
 10100  109
 10100  149
 10100  121
 10100  125
 10100  200
 10100  118
 10100  137
 10100  184
 10100  188
 10100  140
 10100  195
 10100  128
 10100  175
 10100  139
 10100  108
 10100  127
 10100  105
 10100  180
 10100  87
 10100  117
 10100  122
 10100  148
 10100  110
 10100  88
 10100  94
 10100  107
 10100  103
 10100  102
 10100  117
 10100  132
 10100  131
 10100  139
 10100  122
 10100  117
 10100  142
 10100  180
 10100  214
 10100  118
 10100  220
 10100  86
 10100  150
 10100  88
 10100  150
 10100  122
 10800  98
 10800  105
 10800  165
 10800  129
 10800  94
 10800  116
 10800  106
 10800  126
 10800  145
 10800  134
 10800  117
 10800  112
 10800  89
 10800  171
 10800  108
 10800  185
 10800  123
 10800  91
 10800  119
 10800  99
 10800  104
 10800  142
 10800  102
 10800  113
 10800  108
 10800  119
 10800  107
 10800  116
 10800  111
 10800  128
 10800  114
 10800  126
 10800  136
 10800  93
 10800  132
 10800  102
 10800  103
 10800  148
 10800  89
 10800  133
 10800  132
 10800  133
 10800  90
 10800  200
 10800  94
 10800  128
 10800  144
 10800  110
 10800  111
 10800  116
 10800  137
 10800  127
 10800  137
 10800  198
 10800  184
 10800  124
 10800  139
 10800  113
 10800  132
 10800  144
 10800  101
 10800  144
 10800  136
 10800  148
 10800  152
 10800  119
 10800  127
 10800  143
 10800  137
 10800  187
 10800  112
 10800  112
 10800  108
 10800  108
 10800  163
 10800  100
 10800  137
 10800  139
 10800  128
 10800  106
 10800  93
 10800  107
 10800  95
 10800  178
 10800  103
 10800  115
 10800  142
 10800  97
 10800  84
 10800  125
 10800  124
 10800  138
 10800  133
 10800  169
 10800  91
 10800  136
 10800  94
 10800  178
 10800  134
 10800  103
 11500  94
 11500  105
 11500  132
 11500  99
 11500  123
 11500  135
 11500  130
 11500  103
 11500  104
 11500  99
 11500  121
 11500  116
 11500  140
 11500  131
 11500  142
 11500  91
 11500  140
 11500  131
 11500  117
 11500  115
 11500  124
 11500  91
 11500  130
 11500  132
 11500  147
 11500  130
 11500  198
 11500  149
 11500  135
 11500  125
 11500  160
 11500  97
 11500  100
 11500  133
 11500  94
 11500  132
 11500  97
 11500  95
 11500  139
 11500  140
 11500  122
 11500  183
 11500  98
 11500  131
 11500  100
 11500  130
 11500  88
 11500  182
 11500  105
 11500  133
 11500  98
 11500  108
 11500  100
 11500  121
 11500  183
 11500  121
 11500  114
 11500  156
 11500  133
 11500  125
 11500  106
 11500  154
 11500  94
 11500  174
 11500  115
 11500  140
 11500  92
 11500  134
 11500  93
 11500  109
 11500  122
 11500  112
 11500  143
 11500  100
 11500  135
 11500  114
 11500  133
 11500  128
 11500  116
 11500  108
 11500  143
 11500  97
 11500  130
 11500  96
 11500  125
 11500  104
 11500  93
 11500  122
 11500  94
 11500  131
 11500  129
 11500  132
 11500  126
 11500  132
 11500  124
 11500  108
 11500  124
 11500  182
 11500  112
 11500  121
 12200  168
 12200  190
 12200  149
 12200  130
 12200  168
 12200  154
 12200  144
 12200  186
 12200  95
 12200  108
 12200  116
 12200  129
 12200  96
 12200  97
 12200  132
 12200  145
 12200  129
 12200  132
 12200  90
 12200  128
 12200  120
 12200  115
 12200  153
 12200  93
 12200  127
 12200  96
 12200  99
 12200  123
 12200  93
 12200  121
 12200  94
 12200  94
 12200  127
 12200  85
 12200  121
 12200  123
 12200  101
 12200  123
 12200  99
 12200  116
 12200  89
 12200  110
 12200  92
 12200  117
 12200  142
 12200  100
 12200  199
 12200  104
 12200  111
 12200  103
 12200  95
 12200  104
 12200  148
 12200  185
 12200  109
 12200  100
 12200  111
 12200  125
 12200  121
 12200  134
 12200  108
 12200  183
 12200  190
 12200  173
 12200  125
 12200  169
 12200  157
 12200  166
 12200  140
 12200  151
 12200  140
 12200  165
 12200  147
 12200  121
 12200  215
 12200  112
 12200  90
 12200  128
 12200  110
 12200  275
 12200  294
 12200  182
 12200  229
 12200  122
 12200  175
 12200  99
 12200  104
 12200  105
 12200  105
 12200  122
 12200  97
 12200  164
 12200  124
 12200  126
 12200  99
 12200  98
 12200  155
 12200  107
 12200  151
 12200  191
 12900  102
 12900  98
 12900  110
 12900  134
 12900  147
 12900  121
 12900  99
 12900  149
 12900  186
 12900  166
 12900  109
 12900  88
 12900  118
 12900  91
 12900  114
 12900  169
 12900  155
 12900  157
 12900  65
 12900  132
 12900  154
 12900  134
 12900  102
 12900  97
 12900  135
 12900  84
 12900  142
 12900  96
 12900  106
 12900  118
 12900  97
 12900  102
 12900  164
 12900  99
 12900  95
 12900  107
 12900  106
 12900  177
 12900  135
 12900  141
 12900  180
 12900  204
 12900  215
 12900  94
 12900  120
 12900  119
 12900  125
 12900  114
 12900  159
 12900  136
 12900  169
 12900  81
 12900  110
 12900  110
 12900  181
 12900  181
 12900  92
 12900  118
 12900  138
 12900  141
 12900  122
 12900  103
 12900  90
 12900  129
 12900  97
 12900  116
 12900  109
 12900  94
 12900  130
 12900  107
 12900  129
 12900  121
 12900  119
 12900  128
 12900  122
 12900  104
 12900  123
 12900  136
 12900  106
 12900  124
 12900  145
 12900  95
 12900  110
 12900  128
 12900  128
 12900  105
 12900  93
 12900  111
 12900  124
 12900  107
 12900  119
 12900  113
 12900  123
 12900  110
 12900  88
 12900  86
 12900  120
 12900  128
 12900  125
 12900  125
 13600  161
 13600  175
 13600  198
 13600  130
 13600  102
 13600  109
 13600  74
 13600  95
 13600  129
 13600  97
 13600  121
 13600  109
 13600  121
 13600  110
 13600  128
 13600  99
 13600  114
 13600  119
 13600  127
 13600  157
 13600  131
 13600  97
 13600  111
 13600  118
 13600  91
 13600  113
 13600  108
 13600  115
 13600  143
 13600  110
 13600  125
 13600  116
 13600  92
 13600  74
 13600  89
 13600  137
 13600  124
 13600  108
 13600  100
 13600  102
 13600  124
 13600  171
 13600  98
 13600  116
 13600  108
 13600  102
 13600  141
 13600  103
 13600  86
 13600  133
 13600  126
 13600  122
 13600  93
 13600  142
 13600  71
 13600  106
 13600  118
 13600  152
 13600  126
 13600  91
 13600  119
 13600  111
 13600  90
 13600  120
 13600  102
 13600  148
 13600  128
 13600  111
 13600  172
 13600  127
 13600  151
 13600  117
 13600  121
 13600  77
 13600  80
 13600  132
 13600  117
 13600  88
 13600  70
 13600  124
 13600  103
 13600  112
 13600  94
 13600  118
 13600  92
 13600  133
 13600  80
 13600  153
 13600  138
 13600  122
 13600  104
 13600  93
 13600  128
 13600  76
 13600  120
 13600  114
 13600  98
 13600  116
 13600  143
 13600  82
 14300  91
 14300  92
 14300  115
 14300  86
 14300  100
 14300  99
 14300  130
 14300  138
 14300  156
 14300  112
 14300  103
 14300  123
 14300  130
 14300  95
 14300  120
 14300  102
 14300  100
 14300  98
 14300  79
 14300  197
 14300  104
 14300  113
 14300  115
 14300  144
 14300  122
 14300  146
 14300  135
 14300  131
 14300  168
 14300  125
 14300  141
 14300  132
 14300  105
 14300  124
 14300  90
 14300  126
 14300  109
 14300  183
 14300  101
 14300  129
 14300  109
 14300  114
 14300  136
 14300  133
 14300  174
 14300  106
 14300  88
 14300  45
 14300  125
 14300  116
 14300  102
 14300  126
 14300  104
 14300  135
 14300  138
 14300  109
 14300  105
 14300  123
 14300  120
 14300  116
 14300  93
 14300  120
 14300  115
 14300  123
 14300  117
 14300  107
 14300  112
 14300  70
 14300  139
 14300  115
 14300  66
 14300  116
 14300  133
 14300  135
 14300  126
 14300  128
 14300  111
 14300  98
 14300  98
 14300  115
 14300  102
 14300  104
 14300  104
 14300  120
 14300  130
 14300  98
 14300  100
 14300  141
 14300  114
 14300  107
 14300  157
 14300  118
 14300  100
 14300  135
 14300  124
 14300  150
 14300  125
 14300  166
 14300  157
 14300  119
 15000  130
 15000  155
 15000  78
 15000  117
 15000  123
 15000  99
 15000  146
 15000  126
 15000  131
 15000  131
 15000  124
 15000  125
 15000  104
 15000  94
 15000  100
 15000  133
 15000  124
 15000  131
 15000  129
 15000  115
 15000  88
 15000  132
 15000  120
 15000  109
 15000  139
 15000  128
 15000  114
 15000  130
 15000  188
 15000  128
 15000  130
 15000  99
 15000  111
 15000  105
 15000  129
 15000  151
 15000  93
 15000  99
 15000  97
 15000  125
 15000  106
 15000  168
 15000  137
 15000  100
 15000  123
 15000  101
 15000  124
 15000  142
 15000  145
 15000  103
 15000  131
 15000  94
 15000  82
 15000  92
 15000  122
 15000  182
 15000  160
 15000  104
 15000  129
 15000  167
 15000  128
 15000  132
 15000  109
 15000  167
 15000  142
 15000  145
 15000  165
 15000  98
 15000  100
 15000  158
 15000  89
 15000  78
 15000  125
 15000  107
 15000  126
 15000  107
 15000  80
 15000  104
 15000  73
 15000  72
 15000  111
 15000  105
 15000  98
 15000  130
 15000  107
 15000  129
 15000  123
 15000  141
 15000  145
 15000  136
 15000  119
 15000  181
 15000  130
 15000  122
 15000  124
 15000  121
 15000  117
 15000  138
 15000  150
 15000  98
 15700  104
 15700  124
 15700  127
 15700  108
 15700  96
 15700  144
 15700  169
 15700  127
 15700  135
 15700  125
 15700  101
 15700  136
 15700  110
 15700  104
 15700  106
 15700  110
 15700  113
 15700  138
 15700  124
 15700  108
 15700  137
 15700  128
 15700  129
 15700  112
 15700  113
 15700  145
 15700  146
 15700  99
 15700  100
 15700  109
 15700  222
 15700  159
 15700  159
 15700  105
 15700  124
 15700  156
 15700  111
 15700  133
 15700  108
 15700  91
 15700  138
 15700  123
 15700  104
 15700  103
 15700  111
 15700  104
 15700  95
 15700  143
 15700  145
 15700  135
 15700  96
 15700  91
 15700  156
 15700  133
 15700  94
 15700  108
 15700  138
 15700  142
 15700  144
 15700  101
 15700  138
 15700  103
 15700  134
 15700  150
 15700  116
 15700  113
 15700  116
 15700  148
 15700  104
 15700  134
 15700  120
 15700  113
 15700  140
 15700  153
 15700  123
 15700  122
 15700  136
 15700  109
 15700  99
 15700  181
 15700  145
 15700  80
 15700  95
 15700  157
 15700  163
 15700  90
 15700  100
 15700  122
 15700  175
 15700  199
 15700  136
 15700  91
 15700  127
 15700  96
 15700  75
 15700  145
 15700  132
 15700  90
 15700  130
 15700  102
 16400  83
 16400  125
 16400  81
 16400  109
 16400  85
 16400  183
 16400  73
 16400  117
 16400  105
 16400  83
 16400  110
 16400  84
 16400  109
 16400  113
 16400  121
 16400  103
 16400  141
 16400  179
 16400  120
 16400  127
 16400  145
 16400  104
 16400  115
 16400  110
 16400  101
 16400  105
 16400  83
 16400  106
 16400  98
 16400  96
 16400  110
 16400  134
 16400  107
 16400  97
 16400  75
 16400  109
 16400  105
 16400  202
 16400  173
 16400  127
 16400  120
 16400  130
 16400  156
 16400  119
 16400  143
 16400  132
 16400  140
 16400  189
 16400  161
 16400  145
 16400  199
 16400  95
 16400  140
 16400  98
 16400  90
 16400  129
 16400  97
 16400  91
 16400  81
 16400  157
 16400  155
 16400  105
 16400  124
 16400  188
 16400  118
 16400  78
 16400  101
 16400  104
 16400  141
 16400  132
 16400  90
 16400  125
 16400  100
 16400  108
 16400  128
 16400  100
 16400  184
 16400  125
 16400  95
 16400  167
 16400  126
 16400  104
 16400  128
 16400  100
 16400  142
 16400  132
 16400  187
 16400  112
 16400  106
 16400  105
 16400  112
 16400  127
 16400  109
 16400  92
 16400  95
 16400  135
 16400  121
 16400  124
 16400  127
 16400  180
 17100  89
 17100  181
 17100  122
 17100  74
 17100  103
 17100  96
 17100  130
 17100  109
 17100  126
 17100  104
 17100  100
 17100  97
 17100  108
 17100  122
 17100  175
 17100  153
 17100  117
 17100  106
 17100  105
 17100  112
 17100  75
 17100  110
 17100  116
 17100  156
 17100  186
 17100  114
 17100  127
 17100  97
 17100  118
 17100  97
 17100  89
 17100  77
 17100  165
 17100  103
 17100  149
 17100  130
 17100  112
 17100  156
 17100  131
 17100  93
 17100  112
 17100  81
 17100  128
 17100  158
 17100  103
 17100  121
 17100  113
 17100  131
 17100  109
 17100  155
 17100  78
 17100  117
 17100  106
 17100  125
 17100  127
 17100  150
 17100  90
 17100  107
 17100  127
 17100  140
 17100  118
 17100  122
 17100  153
 17100  89
 17100  119
 17100  107
 17100  150
 17100  148
 17100  125
 17100  136
 17100  193
 17100  160
 17100  108
 17100  133
 17100  128
 17100  76
 17100  77
 17100  115
 17100  87
 17100  142
 17100  92
 17100  136
 17100  81
 17100  122
 17100  75
 17100  74
 17100  111
 17100  98
 17100  655
 17100  127
 17100  80
 17100  100
 17100  144
 17100  93
 17100  110
 17100  125
 17100  123
 17100  103
 17100  135
 17100  133
 17800  140
 17800  115
 17800  130
 17800  135
 17800  87
 17800  162
 17800  132
 17800  129
 17800  93
 17800  158
 17800  114
 17800  93
 17800  181
 17800  94
 17800  108
 17800  146
 17800  136
 17800  125
 17800  109
 17800  124
 17800  99
 17800  158
 17800  247
 17800  126
 17800  108
 17800  153
 17800  110
 17800  151
 17800  108
 17800  140
 17800  114
 17800  119
 17800  113
 17800  96
 17800  99
 17800  193
 17800  140
 17800  118
 17800  123
 17800  121
 17800  123
 17800  106
 17800  100
 17800  107
 17800  112
 17800  103
 17800  121
 17800  132
 17800  124
 17800  120
 17800  90
 17800  133
 17800  84
 17800  134
 17800  119
 17800  128
 17800  85
 17800  154
 17800  125
 17800  137
 17800  100
 17800  121
 17800  127
 17800  115
 17800  117
 17800  138
 17800  140
 17800  104
 17800  90
 17800  102
 17800  102
 17800  122
 17800  95
 17800  122
 17800  180
 17800  139
 17800  116
 17800  215
 17800  111
 17800  166
 17800  105
 17800  79
 17800  112
 17800  137
 17800  95
 17800  112
 17800  119
 17800  86
 17800  116
 17800  69
 17800  129
 17800  100
 17800  92
 17800  100
 17800  148
 17800  149
 17800  121
 17800  129
 17800  172
 17800  98
 18500  146
 18500  80
 18500  121
 18500  123
 18500  107
 18500  81
 18500  142
 18500  140
 18500  195
 18500  78
 18500  195
 18500  155
 18500  137
 18500  88
 18500  125
 18500  129
 18500  113
 18500  137
 18500  86
 18500  135
 18500  141
 18500  91
 18500  154
 18500  159
 18500  107
 18500  143
 18500  111
 18500  152
 18500  111
 18500  107
 18500  160
 18500  135
 18500  178
 18500  203
 18500  169
 18500  131
 18500  107
 18500  138
 18500  108
 18500  94
 18500  100
 18500  105
 18500  95
 18500  121
 18500  96
 18500  114
 18500  111
 18500  195
 18500  104
 18500  77
 18500  147
 18500  88
 18500  138
 18500  99
 18500  144
 18500  136
 18500  113
 18500  147
 18500  92
 18500  118
 18500  78
 18500  105
 18500  119
 18500  130
 18500  86
 18500  103
 18500  101
 18500  86
 18500  144
 18500  105
 18500  134
 18500  135
 18500  163
 18500  115
 18500  125
 18500  144
 18500  149
 18500  138
 18500  125
 18500  79
 18500  96
 18500  134
 18500  170
 18500  118
 18500  112
 18500  108
 18500  138
 18500  99
 18500  83
 18500  180
 18500  112
 18500  137
 18500  207
 18500  166
 18500  147
 18500  160
 18500  106
 18500  92
 18500  90
 18500  84
 19200  126
 19200  101
 19200  83
 19200  81
 19200  79
 19200  135
 19200  80
 19200  80
 19200  102
 19200  148
 19200  119
 19200  130
 19200  143
 19200  96
 19200  111
 19200  110
 19200  128
 19200  176
 19200  137
 19200  134
 19200  85
 19200  137
 19200  109
 19200  131
 19200  134
 19200  135
 19200  80
 19200  95
 19200  93
 19200  78
 19200  90
 19200  145
 19200  68
 19200  89
 19200  111
 19200  142
 19200  96
 19200  135
 19200  103
 19200  108
 19200  120
 19200  111
 19200  119
 19200  133
 19200  123
 19200  168
 19200  96
 19200  144
 19200  200
 19200  186
 19200  201
 19200  148
 19200  70
 19200  123
 19200  103
 19200  106
 19200  99
 19200  131
 19200  92
 19200  149
 19200  79
 19200  157
 19200  86
 19200  112
 19200  179
 19200  86
 19200  128
 19200  102
 19200  94
 19200  100
 19200  99
 19200  141
 19200  141
 19200  146
 19200  110
 19200  111
 19200  79
 19200  157
 19200  127
 19200  84
 19200  108
 19200  95
 19200  107
 19200  115
 19200  126
 19200  128
 19200  114
 19200  69
 19200  90
 19200  150
 19200  136
 19200  111
 19200  132
 19200  87
 19200  110
 19200  132
 19200  88
 19200  184
 19200  104
 19200  101
 19900  109
 19900  105
 19900  129
 19900  91
 19900  131
 19900  138
 19900  167
 19900  137
 19900  211
 19900  179
 19900  125
 19900  87
 19900  103
 19900  121
 19900  141
 19900  83
 19900  107
 19900  91
 19900  135
 19900  86
 19900  103
 19900  151
 19900  145
 19900  148
 19900  93
 19900  153
 19900  121
 19900  94
 19900  94
 19900  124
 19900  114
 19900  86
 19900  132
 19900  150
 19900  113
 19900  96
 19900  134
 19900  138
 19900  105
 19900  141
 19900  120
 19900  100
 19900  107
 19900  109
 19900  107
 19900  107
 19900  95
 19900  105
 19900  122
 19900  115
 19900  81
 19900  130
 19900  111
 19900  139
 19900  134
 19900  139
 19900  92
 19900  99
 19900  163
 19900  125
 19900  146
 19900  148
 19900  158
 19900  104
 19900  154
 19900  181
 19900  99
 19900  161
 19900  140
 19900  104
 19900  140
 19900  125
 19900  132
 19900  105
 19900  101
 19900  128
 19900  101
 19900  145
 19900  137
 19900  123
 19900  124
 19900  131
 19900  92
 19900  94
 19900  92
 19900  100
 19900  160
 19900  105
 19900  108
 19900  102
 19900  83
 19900  100
 19900  76
 19900  177
 19900  133
 19900  191
 19900  85
 19900  184
 19900  97
 19900  80
 20600  106
 20600  123
 20600  132
 20600  131
 20600  113
 20600  83
 20600  87
 20600  128
 20600  142
 20600  341
 20600  111
 20600  130
 20600  134
 20600  140
 20600  86
 20600  72
 20600  136
 20600  95
 20600  137
 20600  134
 20600  123
 20600  157
 20600  159
 20600  97
 20600  89
 20600  200
 20600  92
 20600  120
 20600  143
 20600  175
 20600  104
 20600  129
 20600  132
 20600  91
 20600  149
 20600  126
 20600  125
 20600  90
 20600  114
 20600  149
 20600  86
 20600  130
 20600  131
 20600  172
 20600  135
 20600  141
 20600  176
 20600  103
 20600  127
 20600  176
 20600  74
 20600  98
 20600  103
 20600  132
 20600  133
 20600  108
 20600  153
 20600  90
 20600  137
 20600  130
 20600  153
 20600  123
 20600  142
 20600  76
 20600  105
 20600  124
 20600  126
 20600  116
 20600  105
 20600  61
 20600  97
 20600  119
 20600  116
 20600  133
 20600  103
 20600  173
 20600  153
 20600  146
 20600  164
 20600  176
 20600  128
 20600  117
 20600  140
 20600  108
 20600  117
 20600  137
 20600  182
 20600  108
 20600  190
 20600  105
 20600  80
 20600  97
 20600  111
 20600  151
 20600  121
 20600  105
 20600  160
 20600  100
 20600  102
 20600  200
 21300  101
 21300  99
 21300  125
 21300  128
 21300  105
 21300  123
 21300  98
 21300  86
 21300  101
 21300  97
 21300  120
 21300  133
 21300  107
 21300  145
 21300  132
 21300  152
 21300  182
 21300  147
 21300  105
 21300  90
 21300  112
 21300  137
 21300  89
 21300  200
 21300  145
 21300  112
 21300  87
 21300  204
 21300  172
 21300  192
 21300  145
 21300  146
 21300  150
 21300  125
 21300  191
 21300  185
 21300  146
 21300  139
 21300  115
 21300  127
 21300  152
 21300  120
 21300  107
 21300  93
 21300  108
 21300  147
 21300  187
 21300  135
 21300  116
 21300  132
 21300  124
 21300  144
 21300  163
 21300  95
 21300  105
 21300  142
 21300  127
 21300  100
 21300  90
 21300  155
 21300  95
 21300  133
 21300  164
 21300  123
 21300  76
 21300  102
 21300  111
 21300  90
 21300  125
 21300  101
 21300  135
 21300  100
 21300  96
 21300  81
 21300  75
 21300  120
 21300  74
 21300  98
 21300  103
 21300  123
 21300  109
 21300  100
 21300  107
 21300  129
 21300  98
 21300  114
 21300  114
 21300  121
 21300  104
 21300  125
 21300  164
 21300  195
 21300  99
 21300  239
 21300  148
 21300  140
 21300  141
 21300  136
 21300  128
 21300  139
 22000  63
 22000  111
 22000  130
 22000  90
 22000  138
 22000  192
 22000  118
 22000  100
 22000  122
 22000  141
 22000  144
 22000  109
 22000  107
 22000  108
 22000  115
 22000  120
 22000  126
 22000  160
 22000  111
 22000  137
 22000  120
 22000  54
 22000  112
 22000  123
 22000  131
 22000  74
 22000  139
 22000  90
 22000  106
 22000  183
 22000  114
 22000  122
 22000  101
 22000  135
 22000  104
 22000  100
 22000  181
 22000  136
 22000  98
 22000  99
 22000  83
 22000  137
 22000  143
 22000  112
 22000  90
 22000  122
 22000  175
 22000  126
 22000  79
 22000  102
 22000  83
 22000  91
 22000  101
 22000  141
 22000  102
 22000  95
 22000  80
 22000  115
 22000  117
 22000  123
 22000  81
 22000  109
 22000  104
 22000  134
 22000  91
 22000  151
 22000  97
 22000  140
 22000  103
 22000  90
 22000  84
 22000  113
 22000  134
 22000  113
 22000  128
 22000  133
 22000  94
 22000  110
 22000  196
 22000  106
 22000  97
 22000  137
 22000  99
 22000  134
 22000  130
 22000  97
 22000  107
 22000  122
 22000  82
 22000  95
 22000  86
 22000  86
 22000  115
 22000  137
 22000  103
 22000  95
 22000  136
 22000  124
 22000  118
 22000  221
 22700  110
 22700  156
 22700  176
 22700  104
 22700  130
 22700  153
 22700  141
 22700  107
 22700  90
 22700  127
 22700  137
 22700  114
 22700  123
 22700  99
 22700  74
 22700  139
 22700  148
 22700  170
 22700  112
 22700  155
 22700  141
 22700  110
 22700  113
 22700  139
 22700  72
 22700  120
 22700  161
 22700  84
 22700  104
 22700  131
 22700  93
 22700  128
 22700  239
 22700  135
 22700  121
 22700  122
 22700  95
 22700  117
 22700  133
 22700  119
 22700  104
 22700  132
 22700  121
 22700  130
 22700  96
 22700  104
 22700  125
 22700  134
 22700  95
 22700  129
 22700  146
 22700  116
 22700  90
 22700  123
 22700  144
 22700  100
 22700  201
 22700  128
 22700  110
 22700  223
 22700  113
 22700  125
 22700  95
 22700  91
 22700  141
 22700  156
 22700  125
 22700  146
 22700  113
 22700  142
 22700  107
 22700  123
 22700  116
 22700  104
 22700  131
 22700  116
 22700  92
 22700  113
 22700  133
 22700  127
 22700  99
 22700  108
 22700  117
 22700  121
 22700  129
 22700  90
 22700  118
 22700  131
 22700  137
 22700  74
 22700  99
 22700  87
 22700  126
 22700  114
 22700  116
 22700  126
 22700  96
 22700  101
 22700  150
 22700  114
 23400  202
 23400  118
 23400  111
 23400  124
 23400  123
 23400  115
 23400  131
 23400  121
 23400  125
 23400  124
 23400  90
 23400  114
 23400  136
 23400  121
 23400  92
 23400  108
 23400  204
 23400  131
 23400  104
 23400  100
 23400  107
 23400  114
 23400  122
 23400  131
 23400  105
 23400  140
 23400  79
 23400  115
 23400  127
 23400  109
 23400  91
 23400  104
 23400  104
 23400  93
 23400  134
 23400  125
 23400  210
 23400  85
 23400  130
 23400  98
 23400  180
 23400  141
 23400  132
 23400  123
 23400  108
 23400  86
 23400  130
 23400  116
 23400  130
 23400  110
 23400  104
 23400  107
 23400  118
 23400  128
 23400  115
 23400  123
 23400  99
 23400  125
 23400  60
 23400  105
 23400  84
 23400  103
 23400  89
 23400  128
 23400  151
 23400  102
 23400  154
 23400  102
 23400  178
 23400  148
 23400  93
 23400  138
 23400  146
 23400  115
 23400  143
 23400  147
 23400  115
 23400  92
 23400  120
 23400  128
 23400  183
 23400  132
 23400  97
 23400  103
 23400  129
 23400  109
 23400  82
 23400  123
 23400  149
 23400  113
 23400  113
 23400  92
 23400  130
 23400  190
 23400  94
 23400  135
 23400  116
 23400  112
 23400  142
 23400  117
 24100  108
 24100  119
 24100  114
 24100  159
 24100  109
 24100  130
 24100  127
 24100  134
 24100  91
 24100  118
 24100  98
 24100  89
 24100  103
 24100  92
 24100  91
 24100  105
 24100  118
 24100  107
 24100  152
 24100  100
 24100  115
 24100  107
 24100  96
 24100  111
 24100  101
 24100  104
 24100  107
 24100  215
 24100  157
 24100  86
 24100  123
 24100  129
 24100  125
 24100  106
 24100  130
 24100  141
 24100  104
 24100  102
 24100  122
 24100  108
 24100  122
 24100  114
 24100  105
 24100  78
 24100  133
 24100  117
 24100  106
 24100  108
 24100  108
 24100  110
 24100  121
 24100  100
 24100  112
 24100  194
 24100  84
 24100  130
 24100  141
 24100  104
 24100  186
 24100  190
 24100  77
 24100  109
 24100  99
 24100  208
 24100  97
 24100  120
 24100  136
 24100  106
 24100  94
 24100  143
 24100  124
 24100  136
 24100  93
 24100  131
 24100  109
 24100  109
 24100  83
 24100  103
 24100  110
 24100  129
 24100  156
 24100  135
 24100  177
 24100  185
 24100  150
 24100  69
 24100  80
 24100  90
 24100  108
 24100  89
 24100  101
 24100  157
 24100  161
 24100  87
 24100  143
 24100  88
 24100  164
 24100  106
 24100  116
 24100  109
 24800  89
 24800  111
 24800  80
 24800  103
 24800  130
 24800  146
 24800  101
 24800  90
 24800  73
 24800  80
 24800  86
 24800  92
 24800  97
 24800  104
 24800  120
 24800  78
 24800  104
 24800  110
 24800  106
 24800  89
 24800  140
 24800  71
 24800  99
 24800  150
 24800  87
 24800  120
 24800  155
 24800  104
 24800  128
 24800  146
 24800  131
 24800  101
 24800  129
 24800  146
 24800  140
 24800  183
 24800  203
 24800  105
 24800  160
 24800  155
 24800  82
 24800  111
 24800  93
 24800  113
 24800  100
 24800  104
 24800  106
 24800  127
 24800  129
 24800  108
 24800  119
 24800  92
 24800  105
 24800  79
 24800  145
 24800  86
 24800  129
 24800  109
 24800  157
 24800  138
 24800  134
 24800  130
 24800  94
 24800  136
 24800  82
 24800  162
 24800  124
 24800  100
 24800  100
 24800  170
 24800  83
 24800  145
 24800  97
 24800  107
 24800  94
 24800  103
 24800  88
 24800  98
 24800  132
 24800  125
 24800  105
 24800  177
 24800  93
 24800  131
 24800  134
 24800  116
 24800  125
 24800  157
 24800  99
 24800  137
 24800  131
 24800  140
 24800  206
 24800  139
 24800  129
 24800  116
 24800  130
 24800  83
 24800  148
 24800  80
 25500  111
 25500  100
 25500  111
 25500  146
 25500  147
 25500  171
 25500  206
 25500  88
 25500  104
 25500  151
 25500  101
 25500  92
 25500  138
 25500  97
 25500  140
 25500  57
 25500  92
 25500  130
 25500  131
 25500  111
 25500  118
 25500  107
 25500  103
 25500  120
 25500  128
 25500  128
 25500  130
 25500  129
 25500  132
 25500  120
 25500  112
 25500  119
 25500  127
 25500  113
 25500  142
 25500  115
 25500  131
 25500  109
 25500  124
 25500  113
 25500  94
 25500  132
 25500  116
 25500  122
 25500  139
 25500  98
 25500  151
 25500  142
 25500  138
 25500  136
 25500  117
 25500  112
 25500  108
 25500  113
 25500  101
 25500  146
 25500  120
 25500  178
 25500  90
 25500  138
 25500  155
 25500  106
 25500  79
 25500  98
 25500  103
 25500  113
 25500  141
 25500  138
 25500  147
 25500  82
 25500  118
 25500  73
 25500  148
 25500  97
 25500  124
 25500  137
 25500  119
 25500  99
 25500  123
 25500  106
 25500  140
 25500  95
 25500  109
 25500  99
 25500  129
 25500  76
 25500  72
 25500  119
 25500  105
 25500  97
 25500  97
 25500  92
 25500  125
 25500  136
 25500  98
 25500  108
 25500  103
 25500  165
 25500  179
 25500  133
 26200  116
 26200  132
 26200  135
 26200  74
 26200  77
 26200  125
 26200  154
 26200  77
 26200  122
 26200  118
 26200  151
 26200  131
 26200  131
 26200  125
 26200  101
 26200  96
 26200  163
 26200  97
 26200  120
 26200  105
 26200  98
 26200  100
 26200  116
 26200  99
 26200  120
 26200  103
 26200  88
 26200  100
 26200  109
 26200  119
 26200  134
 26200  112
 26200  99
 26200  140
 26200  114
 26200  100
 26200  101
 26200  139
 26200  130
 26200  107
 26200  111
 26200  127
 26200  103
 26200  139
 26200  182
 26200  103
 26200  99
 26200  110
 26200  113
 26200  128
 26200  107
 26200  124
 26200  151
 26200  94
 26200  158
 26200  91
 26200  160
 26200  89
 26200  92
 26200  143
 26200  80
 26200  142
 26200  81
 26200  141
 26200  109
 26200  84
 26200  129
 26200  120
 26200  105
 26200  156
 26200  136
 26200  115
 26200  75
 26200  126
 26200  111
 26200  110
 26200  108
 26200  136
 26200  125
 26200  104
 26200  110
 26200  125
 26200  78
 26200  84
 26200  91
 26200  145
 26200  99
 26200  135
 26200  114
 26200  90
 26200  85
 26200  121
 26200  114
 26200  124
 26200  112
 26200  117
 26200  92
 26200  136
 26200  81
 26200  102
 26900  153
 26900  168
 26900  131
 26900  175
 26900  99
 26900  131
 26900  128
 26900  111
 26900  143
 26900  116
 26900  126
 26900  106
 26900  109
 26900  83
 26900  109
 26900  132
 26900  138
 26900  133
 26900  155
 26900  125
 26900  124
 26900  128
 26900  93
 26900  117
 26900  114
 26900  92
 26900  132
 26900  73
 26900  113
 26900  190
 26900  120
 26900  87
 26900  132
 26900  129
 26900  115
 26900  128
 26900  87
 26900  91
 26900  137
 26900  94
 26900  119
 26900  135
 26900  90
 26900  135
 26900  125
 26900  89
 26900  105
 26900  109
 26900  100
 26900  155
 26900  188
 26900  110
 26900  108
 26900  183
 26900  163
 26900  176
 26900  114
 26900  154
 26900  83
 26900  145
 26900  91
 26900  105
 26900  82
 26900  100
 26900  115
 26900  77
 26900  80
 26900  84
 26900  151
 26900  155
 26900  120
 26900  92
 26900  100
 26900  105
 26900  103
 26900  125
 26900  134
 26900  63
 26900  108
 26900  143
 26900  89
 26900  96
 26900  82
 26900  141
 26900  148
 26900  99
 26900  89
 26900  121
 26900  118
 26900  95
 26900  74
 26900  185
 26900  132
 26900  106
 26900  124
 26900  51
 26900  118
 26900  139
 26900  97
 26900  116
 27600  126
 27600  137
 27600  69
 27600  158
 27600  146
 27600  140
 27600  140
 27600  166
 27600  133
 27600  163
 27600  122
 27600  114
 27600  108
 27600  123
 27600  120
 27600  84
 27600  89
 27600  127
 27600  85
 27600  139
 27600  103
 27600  141
 27600  122
 27600  117
 27600  85
 27600  136
 27600  76
 27600  109
 27600  130
 27600  128
 27600  94
 27600  75
 27600  151
 27600  151
 27600  125
 27600  102
 27600  142
 27600  92
 27600  73
 27600  98
 27600  110
 27600  141
 27600  110
 27600  141
 27600  114
 27600  107
 27600  113
 27600  137
 27600  85
 27600  90
 27600  93
 27600  123
 27600  97
 27600  94
 27600  100
 27600  163
 27600  127
 27600  89
 27600  96
 27600  108
 27600  163
 27600  150
 27600  200
 27600  90
 27600  130
 27600  122
 27600  126
 27600  100
 27600  127
 27600  98
 27600  186
 27600  90
 27600  144
 27600  137
 27600  108
 27600  122
 27600  124
 27600  99
 27600  124
 27600  150
 27600  108
 27600  69
 27600  95
 27600  149
 27600  125
 27600  136
 27600  90
 27600  106
 27600  100
 27600  133
 27600  101
 27600  208
 27600  171
 27600  109
 27600  150
 27600  88
 27600  142
 27600  127
 27600  87
 27600  93
 28300  131
 28300  100
 28300  134
 28300  127
 28300  121
 28300  129
 28300  123
 28300  96
 28300  150
 28300  110
 28300  137
 28300  122
 28300  138
 28300  132
 28300  145
 28300  170
 28300  114
 28300  111
 28300  135
 28300  97
 28300  118
 28300  127
 28300  139
 28300  80
 28300  106
 28300  91
 28300  141
 28300  158
 28300  106
 28300  116
 28300  121
 28300  107
 28300  126
 28300  90
 28300  208
 28300  152
 28300  91
 28300  93
 28300  115
 28300  101
 28300  133
 28300  89
 28300  131
 28300  123
 28300  93
 28300  194
 28300  103
 28300  125
 28300  100
 28300  115
 28300  102
 28300  75
 28300  194
 28300  103
 28300  96
 28300  108
 28300  106
 28300  112
 28300  110
 28300  105
 28300  108
 28300  110
 28300  133
 28300  116
 28300  89
 28300  119
 28300  200
 28300  190
 28300  151
 28300  183
 28300  132
 28300  95
 28300  72
 28300  105
 28300  171
 28300  139
 28300  150
 28300  101
 28300  115
 28300  79
 28300  103
 28300  107
 28300  102
 28300  133
 28300  119
 28300  94
 28300  77
 28300  154
 28300  92
 28300  119
 28300  90
 28300  134
 28300  139
 28300  109
 28300  107
 28300  136
 28300  110
 28300  150
 28300  93
 28300  128
 29000  73
 29000  163
 29000  83
 29000  112
 29000  81
 29000  86
 29000  75
 29000  81
 29000  150
 29000  81
 29000  105
 29000  153
 29000  82
 29000  205
 29000  123
 29000  208
 29000  142
 29000  151
 29000  121
 29000  111
 29000  106
 29000  104
 29000  139
 29000  117
 29000  89
 29000  87
 29000  139
 29000  51
 29000  143
 29000  150
 29000  115
 29000  141
 29000  128
 29000  130
 29000  113
 29000  103
 29000  113
 29000  121
 29000  92
 29000  107
 29000  90
 29000  122
 29000  107
 29000  125
 29000  120
 29000  90
 29000  128
 29000  128
 29000  155
 29000  94
 29000  92
 29000  153
 29000  132
 29000  92
 29000  118
 29000  103
 29000  109
 29000  81
 29000  98
 29000  117
 29000  117
 29000  145
 29000  89
 29000  172
 29000  154
 29000  173
 29000  185
 29000  140
 29000  118
 29000  152
 29000  106
 29000  197
 29000  754
 29000  144
 29000  129
 29000  126
 29000  91
 29000  97
 29000  148
 29000  119
 29000  122
 29000  88
 29000  97
 29000  87
 29000  120
 29000  90
 29000  180
 29000  72
 29000  125
 29000  97
 29000  127
 29000  104
 29000  131
 29000  135
 29000  131
 29000  116
 29000  104
 29000  92
 29000  134
 29000  106
 29700  142
 29700  99
 29700  92
 29700  124
 29700  96
 29700  110
 29700  125
 29700  121
 29700  121
 29700  185
 29700  113
 29700  104
 29700  103
 29700  110
 29700  107
 29700  95
 29700  177
 29700  176
 29700  105
 29700  186
 29700  166
 29700  104
 29700  124
 29700  135
 29700  133
 29700  91
 29700  83
 29700  123
 29700  145
 29700  131
 29700  204
 29700  111
 29700  117
 29700  78
 29700  115
 29700  110
 29700  104
 29700  75
 29700  98
 29700  97
 29700  114
 29700  125
 29700  177
 29700  136
 29700  111
 29700  103
 29700  104
 29700  124
 29700  145
 29700  156
 29700  120
 29700  99
 29700  104
 29700  138
 29700  88
 29700  87
 29700  135
 29700  186
 29700  98
 29700  117
 29700  125
 29700  101
 29700  121
 29700  112
 29700  107
 29700  108
 29700  140
 29700  132
 29700  137
 29700  139
 29700  211
 29700  143
 29700  113
 29700  98
 29700  130
 29700  77
 29700  75
 29700  137
 29700  90
 29700  128
 29700  128
 29700  154
 29700  140
 29700  99
 29700  93
 29700  113
 29700  111
 29700  93
 29700  114
 29700  142
 29700  125
 29700  128
 29700  144
 29700  132
 29700  87
 29700  97
 29700  123
 29700  136
 29700  124
 29700  119
 30400  124
 30400  123
 30400  124
 30400  120
 30400  94
 30400  92
 30400  100
 30400  129
 30400  88
 30400  94
 30400  88
 30400  129
 30400  123
 30400  109
 30400  103
 30400  133
 30400  101
 30400  143
 30400  123
 30400  100
 30400  105
 30400  198
 30400  182
 30400  170
 30400  105
 30400  144
 30400  117
 30400  194
 30400  195
 30400  126
 30400  132
 30400  127
 30400  93
 30400  109
 30400  128
 30400  104
 30400  168
 30400  94
 30400  139
 30400  87
 30400  150
 30400  135
 30400  76
 30400  89
 30400  205
 30400  137
 30400  146
 30400  128
 30400  136
 30400  79
 30400  129
 30400  137
 30400  162
 30400  108
 30400  94
 30400  122
 30400  160
 30400  143
 30400  141
 30400  114
 30400  113
 30400  115
 30400  106
 30400  136
 30400  121
 30400  139
 30400  193
 30400  194
 30400  188
 30400  115
 30400  122
 30400  150
 30400  108
 30400  150
 30400  136
 30400  126
 30400  101
 30400  135
 30400  124
 30400  119
 30400  119
 30400  125
 30400  123
 30400  133
 30400  113
 30400  101
 30400  85
 30400  80
 30400  129
 30400  115
 30400  144
 30400  75
 30400  127
 30400  79
 30400  120
 30400  87
 30400  159
 30400  142
 30400  147
 30400  104
 31100  106
 31100  99
 31100  108
 31100  95
 31100  91
 31100  102
 31100  123
 31100  104
 31100  111
 31100  108
 31100  92
 31100  127
 31100  125
 31100  106
 31100  87
 31100  142
 31100  154
 31100  140
 31100  184
 31100  116
 31100  83
 31100  151
 31100  128
 31100  144
 31100  127
 31100  146
 31100  133
 31100  113
 31100  123
 31100  108
 31100  123
 31100  134
 31100  105
 31100  145
 31100  75
 31100  131
 31100  134
 31100  136
 31100  69
 31100  151
 31100  108
 31100  119
 31100  196
 31100  124
 31100  106
 31100  103
 31100  113
 31100  129
 31100  90
 31100  127
 31100  142
 31100  128
 31100  108
 31100  115
 31100  94
 31100  112
 31100  123
 31100  127
 31100  97
 31100  100
 31100  93
 31100  95
 31100  148
 31100  130
 31100  140
 31100  127
 31100  132
 31100  122
 31100  172
 31100  126
 31100  116
 31100  123
 31100  98
 31100  100
 31100  195
 31100  135
 31100  148
 31100  101
 31100  81
 31100  96
 31100  101
 31100  101
 31100  141
 31100  95
 31100  90
 31100  90
 31100  183
 31100  138
 31100  140
 31100  91
 31100  123
 31100  138
 31100  102
 31100  91
 31100  119
 31100  102
 31100  122
 31100  77
 31100  104
 31100  115
 31800  93
 31800  134
 31800  114
 31800  90
 31800  132
 31800  79
 31800  123
 31800  106
 31800  103
 31800  106
 31800  115
 31800  138
 31800  160
 31800  81
 31800  77
 31800  156
 31800  141
 31800  132
 31800  178
 31800  145
 31800  175
 31800  134
 31800  71
 31800  98
 31800  85
 31800  117
 31800  100
 31800  112
 31800  94
 31800  79
 31800  101
 31800  79
 31800  75
 31800  111
 31800  147
 31800  99
 31800  94
 31800  101
 31800  106
 31800  92
 31800  72
 31800  116
 31800  92
 31800  79
 31800  117
 31800  79
 31800  78
 31800  96
 31800  131
 31800  127
 31800  126
 31800  101
 31800  131
 31800  99
 31800  102
 31800  71
 31800  162
 31800  110
 31800  80
 31800  140
 31800  100
 31800  96
 31800  128
 31800  95
 31800  114
 31800  128
 31800  109
 31800  177
 31800  150
 31800  109
 31800  100
 31800  89
 31800  144
 31800  85
 31800  158
 31800  78
 31800  83
 31800  117
 31800  86
 31800  122
 31800  96
 31800  91
 31800  115
 31800  167
 31800  135
 31800  88
 31800  126
 31800  99
 31800  96
 31800  105
 31800  94
 31800  87
 31800  115
 31800  133
 31800  108
 31800  111
 31800  113
 31800  103
 31800  100
 31800  78
 32500  96
 32500  122
 32500  118
 32500  372
 32500  164
 32500  97
 32500  120
 32500  143
 32500  129
 32500  102
 32500  97
 32500  145
 32500  146
 32500  116
 32500  127
 32500  158
 32500  105
 32500  176
 32500  149
 32500  134
 32500  155
 32500  145
 32500  112
 32500  113
 32500  101
 32500  127
 32500  144
 32500  141
 32500  105
 32500  150
 32500  95
 32500  130
 32500  135
 32500  125
 32500  111
 32500  108
 32500  164
 32500  104
 32500  113
 32500  151
 32500  137
 32500  75
 32500  93
 32500  108
 32500  113
 32500  105
 32500  116
 32500  91
 32500  96
 32500  95
 32500  136
 32500  96
 32500  130
 32500  135
 32500  110
 32500  108
 32500  121
 32500  105
 32500  125
 32500  87
 32500  138
 32500  99
 32500  106
 32500  126
 32500  94
 32500  155
 32500  159
 32500  149
 32500  145
 32500  132
 32500  105
 32500  119
 32500  88
 32500  101
 32500  83
 32500  131
 32500  133
 32500  131
 32500  175
 32500  172
 32500  78
 32500  81
 32500  138
 32500  78
 32500  79
 32500  96
 32500  90
 32500  114
 32500  121
 32500  101
 32500  138
 32500  109
 32500  85
 32500  193
 32500  106
 32500  117
 32500  107
 32500  131
 32500  115
 32500  149
 33200  126
 33200  145
 33200  119
 33200  112
 33200  104
 33200  119
 33200  94
 33200  104
 33200  96
 33200  94
 33200  96
 33200  94
 33200  114
 33200  133
 33200  168
 33200  170
 33200  192
 33200  113
 33200  80
 33200  138
 33200  108
 33200  75
 33200  116
 33200  102
 33200  83
 33200  154
 33200  77
 33200  118
 33200  150
 33200  99
 33200  151
 33200  121
 33200  75
 33200  124
 33200  141
 33200  99
 33200  74
 33200  133
 33200  127
 33200  120
 33200  109
 33200  125
 33200  79
 33200  145
 33200  92
 33200  70
 33200  143
 33200  96
 33200  108
 33200  98
 33200  70
 33200  98
 33200  78
 33200  119
 33200  142
 33200  92
 33200  105
 33200  150
 33200  147
 33200  130
 33200  133
 33200  147
 33200  113
 33200  148
 33200  101
 33200  99
 33200  196
 33200  119
 33200  150
 33200  133
 33200  127
 33200  107
 33200  118
 33200  140
 33200  120
 33200  121
 33200  128
 33200  125
 33200  153
 33200  81
 33200  73
 33200  103
 33200  84
 33200  95
 33200  95
 33200  75
 33200  104
 33200  78
 33200  88
 33200  147
 33200  144
 33200  132
 33200  92
 33200  112
 33200  151
 33200  146
 33200  125
 33200  83
 33200  102
 33200  99
 33900  116
 33900  155
 33900  145
 33900  92
 33900  117
 33900  126
 33900  124
 33900  191
 33900  156
 33900  131
 33900  197
 33900  131
 33900  75
 33900  109
 33900  131
 33900  151
 33900  117
 33900  105
 33900  126
 33900  79
 33900  111
 33900  119
 33900  220
 33900  124
 33900  129
 33900  99
 33900  135
 33900  135
 33900  93
 33900  185
 33900  100
 33900  119
 33900  90
 33900  98
 33900  187
 33900  110
 33900  194
 33900  132
 33900  141
 33900  103
 33900  200
 33900  76
 33900  126
 33900  91
 33900  139
 33900  110
 33900  86
 33900  120
 33900  240
 33900  91
 33900  135
 33900  116
 33900  107
 33900  93
 33900  128
 33900  113
 33900  191
 33900  104
 33900  123
 33900  178
 33900  80
 33900  173
 33900  90
 33900  96
 33900  208
 33900  135
 33900  105
 33900  112
 33900  88
 33900  112
 33900  94
 33900  155
 33900  129
 33900  94
 33900  179
 33900  208
 33900  83
 33900  74
 33900  195
 33900  132
 33900  100
 33900  190
 33900  106
 33900  174
 33900  138
 33900  142
 33900  177
 33900  144
 33900  113
 33900  84
 33900  157
 33900  125
 33900  98
 33900  113
 33900  130
 33900  110
 33900  119
 33900  101
 33900  166
 33900  117
 34600  95
 34600  164
 34600  96
 34600  171
 34600  181
 34600  145
 34600  126
 34600  107
 34600  125
 34600  104
 34600  76
 34600  150
 34600  91
 34600  167
 34600  205
 34600  82
 34600  141
 34600  145
 34600  96
 34600  136
 34600  144
 34600  91
 34600  149
 34600  84
 34600  80
 34600  197
 34600  141
 34600  92
 34600  140
 34600  100
 34600  199
 34600  133
 34600  122
 34600  92
 34600  88
 34600  110
 34600  145
 34600  109
 34600  127
 34600  135
 34600  121
 34600  190
 34600  111
 34600  197
 34600  132
 34600  103
 34600  143
 34600  150
 34600  183
 34600  143
 34600  126
 34600  191
 34600  100
 34600  90
 34600  117
 34600  123
 34600  103
 34600  156
 34600  115
 34600  127
 34600  108
 34600  133
 34600  144
 34600  80
 34600  78
 34600  86
 34600  157
 34600  180
 34600  127
 34600  125
 34600  114
 34600  115
 34600  111
 34600  81
 34600  140
 34600  119
 34600  131
 34600  120
 34600  212
 34600  126
 34600  145
 34600  104
 34600  98
 34600  130
 34600  86
 34600  118
 34600  92
 34600  100
 34600  110
 34600  92
 34600  91
 34600  106
 34600  91
 34600  147
 34600  138
 34600  179
 34600  100
 34600  127
 34600  72
 34600  115
 35300  146
 35300  118
 35300  90
 35300  116
 35300  98
 35300  103
 35300  131
 35300  168
 35300  176
 35300  77
 35300  65
 35300  161
 35300  107
 35300  140
 35300  102
 35300  132
 35300  138
 35300  126
 35300  155
 35300  125
 35300  145
 35300  160
 35300  111
 35300  93
 35300  184
 35300  97
 35300  86
 35300  104
 35300  117
 35300  113
 35300  79
 35300  99
 35300  132
 35300  132
 35300  98
 35300  176
 35300  155
 35300  145
 35300  131
 35300  155
 35300  277
 35300  76
 35300  100
 35300  115
 35300  181
 35300  81
 35300  118
 35300  132
 35300  124
 35300  91
 35300  127
 35300  88
 35300  84
 35300  95
 35300  132
 35300  132
 35300  93
 35300  73
 35300  107
 35300  100
 35300  105
 35300  113
 35300  141
 35300  141
 35300  100
 35300  98
 35300  104
 35300  103
 35300  162
 35300  102
 35300  130
 35300  115
 35300  66
 35300  94
 35300  115
 35300  147
 35300  175
 35300  107
 35300  117
 35300  92
 35300  90
 35300  133
 35300  139
 35300  105
 35300  150
 35300  211
 35300  100
 35300  128
 35300  136
 35300  116
 35300  85
 35300  128
 35300  166
 35300  84
 35300  92
 35300  84
 35300  115
 35300  100
 35300  90
 35300  134
