50 9998 14
50 9981 13
50 9980 13
50 9998 13
50 9989 13
50 9987 12
50 10000 14
50 9975 12
50 9978 12
50 10000 13
50 10000 12
50 10000 13
50 9996 12
50 10000 12
50 9981 14
50 9998 12
50 9996 12
50 9992 13
50 9979 12
50 9983 12
50 9964 12
50 10000 14
50 10000 12
50 9983 12
50 10000 12
50 10000 12
50 9994 12
50 9907 11
50 9989 14
50 9995 13
50 9990 14
50 9972 12
50 9978 13
50 9999 13
50 9988 11
50 9985 13
50 9964 13
50 9992 12
50 9990 13
50 9984 13
50 10000 13
50 9985 14
50 10000 12
50 9998 11
50 9982 13
50 10000 13
50 9992 12
50 9986 14
50 9982 12
50 9992 13
100 9999 11
100 9999 14
100 9997 12
100 9996 13
100 9999 12
100 10000 12
100 10000 11
100 10000 11
100 9980 11
100 9998 12
100 9999 12
100 9999 11
100 10000 12
100 9990 12
100 9999 12
100 9997 12
100 9988 11
100 9989 12
100 9995 11
100 10000 13
100 9986 12
100 9996 11
100 9991 11
100 9997 11
100 9994 12
100 9996 11
100 10000 11
100 9998 12
100 9998 12
100 9997 12
100 9995 12
100 9998 11
100 9997 11
100 9997 11
100 9991 11
100 9994 11
100 9998 13
100 9996 11
100 9998 11
100 9993 13
100 9991 11
100 9998 11
100 9993 12
100 9998 11
100 10000 12
100 9998 11
100 9999 12
100 9998 11
100 10000 12
100 10000 11
150 9996 11
150 9998 13
150 9996 12
150 10000 12
150 9999 13
150 9998 13
150 9998 12
150 10000 11
150 10000 11
150 9993 12
150 10000 11
150 9998 12
150 9997 13
150 9998 11
150 9999 12
150 10000 13
150 9997 12
150 9998 12
150 9997 13
150 10000 12
150 10000 12
150 9990 12
150 10000 11
150 9998 12
150 9994 11
150 9995 12
150 9999 11
150 10000 13
150 9999 11
150 9993 11
150 9999 12
150 9999 12
150 9999 11
150 10000 12
150 9999 13
150 9999 11
150 9994 11
150 10000 11
150 9995 13
150 9999 11
150 10000 13
150 9999 11
150 9999 11
150 9997 11
150 10000 11
150 10000 12
150 9998 12
150 9997 12
150 9988 11
150 9997 11
200 9999 12
200 9999 11
200 9999 12
200 9999 12
200 10000 13
200 10000 12
200 10000 11
200 9993 11
200 10000 12
200 10000 12
200 9999 11
200 9998 12
200 9999 11
200 10000 12
200 9997 12
200 10000 12
200 9996 12
200 9991 11
200 10000 12
200 10000 12
200 9999 11
200 10000 12
200 9999 11
200 10000 13
200 9999 13
200 9998 13
200 10000 12
200 9999 12
200 9999 12
200 9999 12
200 9999 11
200 9999 11
200 9998 11
200 10000 13
200 9992 12
200 10000 11
200 9999 11
200 10000 11
200 9997 13
200 9997 12
200 10000 12
200 9997 13
200 9997 11
200 10000 12
200 9994 12
200 9998 12
200 9999 13
200 9998 12
200 10000 11
200 9996 12
250 10000 12
250 9998 12
250 9999 11
250 10000 13
250 10000 12
250 9999 12
250 10000 13
250 9999 11
250 9998 12
250 10000 12
250 9999 12
250 10000 13
250 10000 12
250 9999 11
250 9999 11
250 10000 11
250 10000 13
250 9998 11
250 10000 12
250 9998 13
250 9998 11
250 9997 13
250 10000 11
250 9999 12
250 10000 11
250 10000 11
250 10000 13
250 9999 11
250 9999 13
250 10000 12
250 9997 12
250 9997 11
250 10000 11
250 10000 12
250 10000 12
250 9994 11
250 9999 12
250 9998 11
250 10000 14
250 10000 13
250 10000 13
250 9999 11
250 10000 11
250 10000 11
250 9997 11
250 10000 12
250 9998 11
250 9999 11
250 9990 11
250 9999 11
300 10000 11
300 10000 12
300 9998 11
300 10000 13
300 9995 11
300 9996 11
300 10000 12
300 9998 12
300 10000 12
300 10000 12
300 10000 12
300 9999 11
300 9999 11
300 9999 11
300 9999 12
300 10000 12
300 10000 12
300 9998 11
300 9996 11
300 9999 11
300 10000 13
300 10000 13
300 10000 11
300 10000 12
300 10000 11
300 9999 12
300 10000 11
300 10000 13
300 9998 13
300 9998 12
300 9995 12
300 10000 12
300 10000 11
300 10000 12
300 10000 11
300 10000 12
300 9999 12
300 9998 11
300 10000 11
300 9999 12
300 9999 11
300 10000 12
300 9999 11
300 9996 11
300 9997 12
300 10000 11
300 10000 11
300 9999 12
300 9999 11
300 9998 13
350 9999 11
350 9999 12
350 9999 12
350 9999 11
350 10000 12
350 9999 14
350 10000 11
350 9999 11
350 9997 12
350 10000 12
350 9997 11
350 10000 12
350 9999 11
350 9997 12
350 9999 12
350 9998 11
350 9997 11
350 10000 11
350 9999 11
350 10000 11
350 10000 13
350 10000 12
350 9999 13
350 10000 11
350 9998 11
350 9996 11
350 9999 12
350 10000 13
350 9999 12
350 10000 12
350 10000 11
350 10000 13
350 9997 11
350 10000 11
350 10000 12
350 9999 13
350 9999 11
350 10000 11
350 9999 13
350 9997 13
350 10000 13
350 9998 11
350 9997 13
350 9999 13
350 10000 12
350 9999 11
350 10000 13
350 10000 11
350 9997 13
350 10000 11
400 10000 12
400 9999 12
400 10000 13
400 10000 12
400 9998 11
400 9999 11
400 10000 12
400 10000 13
400 10000 11
400 9998 12
400 10000 11
400 9998 11
400 10000 12
400 10000 11
400 10000 12
400 10000 11
400 9999 12
400 10000 12
400 9998 11
400 10000 11
400 9998 11
400 9999 11
400 10000 13
400 10000 12
400 10000 11
400 10000 13
400 10000 12
400 10000 12
400 10000 11
400 10000 12
400 9999 12
400 10000 11
400 10000 12
400 9998 13
400 10000 11
400 9999 12
400 10000 12
400 9999 12
400 10000 12
400 9998 11
400 10000 12
400 9999 11
400 10000 11
400 9998 14
400 10000 11
400 10000 11
400 9998 12
400 9998 11
400 9999 11
400 10000 13
450 10000 11
450 10000 11
450 9998 12
450 10000 12
450 10000 11
450 9996 12
450 10000 12
450 10000 11
450 10000 12
450 10000 12
450 9998 13
450 9999 12
450 10000 12
450 9999 11
450 10000 12
450 9999 12
450 10000 12
450 10000 13
450 10000 13
450 9999 12
450 10000 13
450 9998 13
450 10000 12
450 10000 12
450 10000 11
450 10000 12
450 9998 11
450 10000 13
450 9998 12
450 9999 13
450 10000 13
450 9998 12
450 10000 13
450 10000 12
450 9999 11
450 10000 11
450 10000 12
450 10000 13
450 10000 11
450 9996 12
450 10000 11
450 9999 13
450 9999 12
450 10000 11
450 10000 13
450 10000 12
450 9997 12
450 10000 12
450 10000 12
450 10000 14
500 9998 12
500 10000 13
500 10000 12
500 9999 11
500 9999 13
500 10000 11
500 9999 12
500 10000 12
500 10000 12
500 10000 12
500 9998 11
500 10000 11
500 10000 11
500 10000 12
500 9999 13
500 9999 14
500 10000 11
500 9998 11
500 10000 12
500 10000 11
500 9999 12
500 10000 11
500 10000 14
500 10000 11
500 10000 13
500 10000 11
500 10000 12
500 9998 11
500 10000 12
500 10000 11
500 10000 11
500 10000 12
500 9999 11
500 10000 12
500 9998 11
500 10000 12
500 9999 13
500 9999 11
500 10000 11
500 10000 13
500 10000 13
500 10000 12
500 10000 12
500 9999 11
500 10000 11
500 9998 12
500 10000 11
500 10000 11
500 9998 12
500 10000 12
550 10000 13
550 10000 12
550 9999 12
550 9999 11
550 9999 11
550 9999 11
550 10000 12
550 10000 11
550 10000 11
550 9999 11
550 9999 12
550 10000 12
550 10000 14
550 10000 13
550 10000 12
550 10000 12
550 10000 12
550 10000 11
550 10000 12
550 10000 11
550 10000 12
550 9999 12
550 10000 11
550 10000 12
550 9999 12
550 10000 12
550 10000 11
550 10000 11
550 10000 11
550 10000 13
550 9999 11
550 9999 12
550 10000 12
550 9999 11
550 10000 11
550 9999 12
550 10000 11
550 10000 11
550 10000 12
550 10000 11
550 10000 11
550 10000 12
550 9999 12
550 10000 11
550 9999 11
550 10000 12
550 9999 11
550 10000 12
550 10000 12
550 10000 12
600 9999 13
600 10000 13
600 10000 13
600 9999 11
600 9998 11
600 10000 12
600 10000 12
600 9999 11
600 10000 12
600 10000 11
600 9999 13
600 10000 12
600 9999 12
600 10000 12
600 10000 12
600 10000 12
600 10000 11
600 10000 13
600 10000 13
600 10000 11
600 9998 12
600 9997 12
600 10000 12
600 10000 12
600 10000 12
600 10000 11
600 10000 13
600 10000 13
600 10000 11
600 10000 11
600 9999 12
600 10000 12
600 9999 11
600 9999 12
600 9999 11
600 10000 11
600 10000 12
600 9999 11
600 9999 11
600 9999 11
600 9998 11
600 10000 13
600 10000 12
600 9999 13
600 10000 11
600 10000 12
600 10000 11
600 10000 12
600 10000 11
600 10000 12
650 9999 13
650 10000 12
650 10000 12
650 10000 12
650 9999 12
650 10000 12
650 10000 11
650 10000 11
650 10000 11
650 10000 12
650 10000 12
650 10000 11
650 9999 13
650 10000 13
650 10000 13
650 9999 12
650 10000 13
650 10000 13
650 10000 13
650 10000 12
650 10000 13
650 10000 12
650 9999 12
650 10000 12
650 10000 13
650 9998 12
650 10000 12
650 9997 13
650 10000 12
650 10000 14
650 10000 13
650 10000 11
650 10000 11
650 9998 11
650 10000 11
650 9999 12
650 10000 11
650 10000 11
650 10000 12
650 10000 12
650 10000 12
650 10000 11
650 10000 11
650 9998 11
650 10000 13
650 10000 12
650 10000 11
650 10000 13
650 9999 12
650 9999 12
700 10000 12
700 10000 11
700 10000 14
700 10000 12
700 10000 11
700 10000 12
700 9999 12
700 10000 13
700 10000 11
700 10000 13
700 10000 12
700 10000 12
700 10000 13
700 9999 12
700 9999 13
700 10000 13
700 10000 13
700 10000 11
700 9999 12
700 9999 12
700 10000 13
700 10000 13
700 10000 11
700 10000 12
700 10000 11
700 9999 12
700 10000 11
700 10000 13
700 10000 13
700 10000 12
700 10000 12
700 10000 11
700 9999 11
700 9999 11
700 10000 12
700 10000 12
700 10000 11
700 10000 12
700 10000 13
700 10000 12
700 9999 11
700 10000 12
700 10000 12
700 10000 12
700 9999 12
700 9999 12
700 10000 12
700 10000 12
700 9999 11
700 10000 12
750 10000 11
750 10000 11
750 10000 13
750 9999 11
750 10000 13
750 10000 11
750 10000 12
750 10000 13
750 10000 11
750 10000 12
750 10000 11
750 10000 12
750 10000 13
750 10000 11
750 10000 11
750 10000 11
750 10000 12
750 10000 12
750 10000 13
750 10000 12
750 10000 12
750 10000 11
750 10000 11
750 9999 12
750 10000 11
750 10000 13
750 10000 13
750 9999 12
750 10000 12
750 9999 12
750 10000 13
750 10000 12
750 10000 12
750 9999 12
750 10000 11
750 10000 11
750 9999 12
750 10000 11
750 10000 12
750 10000 13
750 9999 11
750 10000 12
750 10000 12
750 10000 11
750 10000 12
750 10000 11
750 10000 12
750 10000 12
750 10000 13
750 10000 12
800 10000 12
800 10000 14
800 10000 12
800 10000 12
800 10000 11
800 10000 12
800 9999 12
800 10000 12
800 10000 11
800 10000 11
800 10000 11
800 9999 12
800 10000 13
800 10000 12
800 9999 11
800 10000 13
800 9999 12
800 10000 12
800 10000 12
800 10000 11
800 10000 11
800 10000 13
800 10000 11
800 10000 11
800 9999 13
800 9999 13
800 9998 12
800 10000 12
800 10000 12
800 9999 13
800 10000 11
800 10000 12
800 9999 11
800 10000 11
800 10000 12
800 10000 12
800 10000 12
800 10000 12
800 10000 12
800 10000 12
800 9999 13
800 10000 12
800 10000 13
800 10000 11
800 10000 12
800 10000 13
800 10000 12
800 10000 11
800 9999 11
800 10000 12
850 10000 11
850 10000 13
850 10000 11
850 10000 12
850 10000 11
850 10000 11
850 10000 12
850 10000 12
850 9999 12
850 10000 12
850 10000 12
850 10000 11
850 9998 12
850 10000 12
850 10000 12
850 10000 11
850 9999 11
850 9999 13
850 9997 12
850 10000 13
850 10000 12
850 10000 13
850 10000 11
850 10000 11
850 10000 13
850 10000 12
850 10000 11
850 10000 12
850 10000 12
850 10000 11
850 10000 12
850 10000 11
850 10000 12
850 10000 13
850 10000 12
850 10000 12
850 10000 12
850 10000 11
850 9999 11
850 10000 12
850 9999 13
850 10000 11
850 10000 11
850 10000 11
850 10000 12
850 9999 12
850 9999 11
850 10000 12
850 10000 12
850 9998 13
900 10000 12
900 10000 11
900 10000 12
900 10000 11
900 10000 12
900 10000 12
900 10000 13
900 10000 13
900 10000 12
900 9999 11
900 10000 12
900 9999 12
900 10000 12
900 10000 13
900 10000 13
900 10000 11
900 10000 12
900 10000 11
900 10000 12
900 10000 13
900 10000 11
900 10000 13
900 10000 13
900 10000 13
900 10000 11
900 10000 11
900 9999 12
900 10000 12
900 10000 13
900 10000 13
900 10000 11
900 10000 13
900 9999 12
900 10000 12
900 10000 11
900 10000 11
900 9999 12
900 10000 11
900 9999 11
900 10000 11
900 10000 11
900 10000 13
900 10000 13
900 9999 13
900 10000 12
900 10000 11
900 10000 13
900 10000 11
900 10000 13
900 10000 12
950 10000 12
950 10000 11
950 10000 11
950 10000 13
950 10000 11
950 10000 12
950 10000 11
950 10000 11
950 10000 12
950 10000 12
950 10000 12
950 9999 11
950 10000 12
950 10000 13
950 10000 12
950 10000 12
950 10000 12
950 10000 12
950 10000 14
950 10000 11
950 10000 12
950 10000 12
950 10000 12
950 10000 13
950 10000 13
950 10000 11
950 9997 12
950 10000 11
950 10000 12
950 9999 12
950 10000 12
950 10000 12
950 10000 11
950 10000 12
950 10000 11
950 10000 12
950 10000 12
950 10000 13
950 10000 12
950 10000 11
950 9999 11
950 10000 12
950 10000 12
950 10000 13
950 9999 12
950 10000 12
950 10000 12
950 10000 12
950 10000 12
950 10000 11
1000 10000 11
1000 10000 12
1000 10000 11
1000 10000 13
1000 10000 11
1000 10000 13
1000 10000 13
1000 10000 11
1000 10000 13
1000 10000 11
1000 10000 12
1000 10000 11
1000 10000 14
1000 10000 12
1000 10000 12
1000 10000 12
1000 10000 12
1000 10000 12
1000 10000 12
1000 10000 13
1000 10000 11
1000 10000 12
1000 10000 13
1000 10000 12
1000 10000 12
1000 10000 11
1000 10000 12
1000 10000 12
1000 10000 12
1000 10000 11
1000 10000 11
1000 10000 12
1000 10000 13
1000 10000 13
1000 10000 11
1000 10000 12
1000 10000 12
1000 10000 11
1000 10000 12
1000 10000 12
1000 9999 13
1000 10000 11
1000 9999 12
1000 10000 11
1000 10000 11
1000 10000 11
1000 10000 12
1000 10000 12
1000 10000 12
1000 9999 13
1050 10000 12
1050 10000 12
1050 9999 11
1050 10000 12
1050 10000 11
1050 10000 12
1050 10000 13
1050 10000 12
1050 10000 12
1050 9999 14
1050 10000 13
1050 10000 12
1050 10000 12
1050 10000 11
1050 10000 12
1050 10000 12
1050 10000 13
1050 10000 12
1050 10000 11
1050 10000 11
1050 10000 13
1050 10000 12
1050 10000 11
1050 10000 13
1050 10000 11
1050 10000 11
1050 10000 12
1050 10000 12
1050 10000 11
1050 10000 12
1050 10000 12
1050 10000 12
1050 10000 11
1050 10000 12
1050 10000 12
1050 10000 11
1050 10000 12
1050 10000 12
1050 10000 12
1050 10000 13
1050 10000 11
1050 10000 12
1050 10000 11
1050 9998 11
1050 10000 12
1050 10000 12
1050 10000 11
1050 10000 13
1050 10000 11
1050 9999 12
1100 10000 12
1100 10000 12
1100 10000 11
1100 10000 11
1100 10000 12
1100 10000 11
1100 10000 12
1100 9999 12
1100 10000 13
1100 10000 12
1100 10000 11
1100 10000 12
1100 10000 12
1100 10000 11
1100 10000 12
1100 10000 12
1100 9999 11
1100 10000 11
1100 10000 11
1100 10000 13
1100 10000 11
1100 10000 12
1100 10000 11
1100 10000 12
1100 10000 11
1100 10000 11
1100 10000 12
1100 10000 12
1100 10000 13
1100 9999 13
1100 10000 12
1100 10000 12
1100 9999 11
1100 10000 11
1100 10000 12
1100 10000 12
1100 10000 12
1100 10000 12
1100 10000 13
1100 10000 11
1100 9999 12
1100 9999 11
1100 10000 12
1100 10000 12
1100 10000 12
1100 10000 12
1100 10000 12
1100 10000 12
1100 10000 12
1100 10000 12
1150 10000 12
1150 9999 12
1150 9999 12
1150 9999 12
1150 10000 11
1150 10000 12
1150 10000 12
1150 10000 12
1150 10000 11
1150 10000 12
1150 10000 12
1150 10000 11
1150 9999 13
1150 10000 12
1150 10000 12
1150 10000 12
1150 10000 12
1150 10000 11
1150 10000 11
1150 10000 11
1150 10000 11
1150 10000 12
1150 10000 11
1150 10000 12
1150 10000 12
1150 10000 12
1150 10000 13
1150 10000 12
1150 10000 12
1150 10000 12
1150 10000 11
1150 10000 13
1150 10000 11
1150 10000 12
1150 10000 12
1150 10000 12
1150 10000 12
1150 10000 11
1150 10000 12
1150 10000 12
1150 10000 11
1150 10000 12
1150 10000 12
1150 10000 12
1150 10000 12
1150 10000 12
1150 10000 12
1150 10000 12
1150 10000 11
1150 10000 13
1200 10000 13
1200 9999 11
1200 10000 11
1200 10000 12
1200 10000 12
1200 10000 12
1200 10000 13
1200 10000 12
1200 10000 12
1200 10000 12
1200 10000 12
1200 10000 13
1200 10000 12
1200 10000 12
1200 9999 11
1200 10000 11
1200 10000 12
1200 10000 13
1200 10000 11
1200 10000 12
1200 10000 12
1200 10000 12
1200 10000 11
1200 10000 11
1200 10000 11
1200 10000 12
1200 10000 11
1200 10000 12
1200 10000 11
1200 10000 12
1200 10000 11
1200 10000 12
1200 10000 11
1200 10000 12
1200 10000 11
1200 10000 12
1200 10000 11
1200 10000 12
1200 10000 13
1200 10000 13
1200 10000 12
1200 10000 12
1200 10000 12
1200 10000 12
1200 10000 12
1200 10000 12
1200 10000 12
1200 10000 11
1200 10000 11
1200 10000 12
1250 10000 13
1250 10000 11
1250 10000 11
1250 10000 11
1250 10000 12
1250 10000 11
1250 10000 13
1250 9999 12
1250 10000 11
1250 9999 13
1250 10000 12
1250 10000 11
1250 10000 11
1250 10000 12
1250 10000 12
1250 10000 12
1250 9999 11
1250 9999 12
1250 10000 11
1250 10000 12
1250 9999 13
1250 9998 12
1250 10000 12
1250 10000 12
1250 10000 12
1250 10000 12
1250 10000 12
1250 10000 12
1250 10000 13
1250 9999 12
1250 10000 11
1250 10000 11
1250 10000 11
1250 10000 12
1250 10000 13
1250 10000 12
1250 10000 11
1250 10000 11
1250 10000 12
1250 10000 12
1250 10000 12
1250 10000 11
1250 10000 12
1250 10000 12
1250 10000 12
1250 9999 12
1250 10000 12
1250 10000 12
1250 9999 12
1250 10000 11
