Maximizar contenedores (Contenedores_generados, peso_cargado, contenedores_cargados):
50 9413 30
50 9769 35
50 9583 28
50 9741 30
50 9945 29
50 9621 31
50 9464 30
50 9615 30
50 9925 31
50 9844 32
50 9646 28
50 9647 32
50 9377 36
50 9850 31
50 9523 33
50 9972 30
50 9424 28
50 9954 31
50 9418 31
50 9750 29
50 9371 27
50 9798 33
50 9730 28
50 9412 28
50 9835 34
50 9352 29
50 9480 31
50 9960 33
50 9793 29
50 9624 29
50 9801 31
50 9727 29
50 9710 30
50 9524 30
50 9765 33
50 9603 31
50 9996 30
50 9754 30
50 9467 29
50 9825 29
50 9682 27
50 9648 31
50 9933 31
50 9881 32
50 9781 30
50 9942 32
50 9592 31
50 9678 33
50 9760 28
50 9777 31
100 9902 47
100 9993 36
100 9824 38
100 9655 44
100 9945 43
100 9830 48
100 9794 43
100 9850 44
100 9766 43
100 9554 37
100 9956 46
100 9969 38
100 9676 40
100 9945 47
100 9743 45
100 9903 40
100 9623 38
100 9917 44
100 9582 41
100 9931 41
100 9985 45
100 9765 42
100 9795 39
100 9563 39
100 9533 49
100 9730 43
100 9921 42
100 9943 41
100 9814 41
100 9636 46
100 9747 38
100 9620 40
100 9630 41
100 9718 45
100 9618 41
100 9974 44
100 9861 45
100 9889 40
100 9762 43
100 9812 45
100 9670 40
100 9988 44
100 9720 40
100 9765 40
100 9776 44
100 9834 49
100 9967 43
100 9880 48
100 9937 40
100 9891 48
150 9825 54
150 9690 57
150 9794 56
150 9953 52
150 9918 56
150 9912 61
150 9846 54
150 9767 51
150 9987 51
150 9648 53
150 9839 47
150 9924 56
150 9890 55
150 9691 49
150 9909 53
150 9618 46
150 9944 58
150 9802 50
150 9712 48
150 9849 45
150 9657 50
150 9867 53
150 9744 53
150 9955 50
150 9880 51
150 9837 53
150 9749 46
150 9663 52
150 9896 55
150 9850 56
150 9622 53
150 9740 51
150 9808 50
150 9769 52
150 9684 53
150 9842 51
150 9838 57
150 9968 56
150 9731 52
150 9944 52
150 9980 54
150 9698 56
150 9840 51
150 9889 54
150 9843 52
150 9673 50
150 9991 51
150 9748 54
150 9696 55
150 9890 54
200 9892 61
200 9742 62
200 9826 59
200 9985 56
200 9891 64
200 9694 65
200 9682 59
200 9941 58
200 9820 55
200 9914 60
200 9883 56
200 9694 50
200 9886 61
200 9811 60
200 9785 60
200 9919 67
200 9794 64
200 9835 66
200 9736 62
200 9883 59
200 9997 58
200 9686 57
200 9736 60
200 9802 60
200 9683 61
200 9884 59
200 9879 57
200 9744 61
200 9864 62
200 9951 59
200 9702 61
200 9733 65
200 9942 61
200 9938 57
200 9753 59
200 9752 60
200 9683 59
200 9732 56
200 9923 62
200 9938 56
200 9954 60
200 9957 56
200 9960 62
200 9932 53
200 9899 64
200 9711 58
200 9750 58
200 9787 61
200 9735 60
200 9892 57
250 9784 61
250 9964 64
250 9827 72
250 9702 64
250 9986 65
250 9884 67
250 9832 63
250 9723 63
250 9947 75
250 9807 69
250 9885 75
250 9751 64
250 9826 67
250 9843 65
250 9880 59
250 9700 66
250 9753 62
250 9816 73
250 9721 68
250 9871 66
250 9810 67
250 9943 59
250 9855 60
250 9816 62
250 9764 65
250 9940 58
250 9715 65
250 9964 68
250 9904 64
250 9979 74
250 9860 69
250 9730 63
250 9846 58
250 9844 63
250 9787 72
250 9772 64
250 9888 60
250 9783 64
250 9749 69
250 9943 65
250 9957 63
250 9896 64
250 9784 64
250 9875 69
250 9794 70
250 9741 68
250 9988 74
250 9933 65
250 9714 58
250 9830 65
300 9893 76
300 9989 78
300 9785 68
300 9782 64
300 9871 69
300 9727 71
300 9765 67
300 9753 73
300 9922 67
300 9769 66
300 9968 63
300 9909 77
300 9918 71
300 9766 72
300 9975 69
300 9957 68
300 9906 69
300 9861 72
300 9886 69
300 9727 71
300 9999 74
300 9998 71
300 9774 78
300 9898 78
300 9749 75
300 9961 73
300 9892 75
300 9748 69
300 9966 76
300 9868 68
300 9950 72
300 9758 71
300 9892 75
300 9943 71
300 9724 69
300 9938 74
300 9745 73
300 9879 71
300 9944 71
300 9768 77
300 9816 76
300 9936 70
300 9892 73
300 9941 71
300 9764 72
300 9992 74
300 9942 66
300 9913 79
300 9886 74
300 9961 79
350 9843 84
350 9901 78
350 9935 76
350 9790 77
350 9854 79
350 9788 72
350 9908 78
350 9851 79
350 9837 72
350 9767 73
350 9916 79
350 9908 76
350 9943 75
350 9863 76
350 9861 78
350 9838 83
350 9849 75
350 9799 80
350 9857 73
350 9780 75
350 9833 72
350 9955 83
350 9769 73
350 9957 77
350 9799 78
350 9856 81
350 9970 76
350 9790 73
350 9855 69
350 9774 75
350 9980 78
350 9835 78
350 9964 76
350 9905 71
350 9957 76
350 9974 73
350 9860 82
350 9891 83
350 9798 74
350 9765 72
350 9860 80
350 9828 70
350 9813 81
350 9790 76
350 9859 76
350 9880 78
350 9989 68
350 9960 84
350 9973 80
350 9842 79
400 9833 74
400 9795 79
400 9771 82
400 9870 88
400 9817 84
400 9896 79
400 9846 84
400 9938 74
400 9969 78
400 9749 77
400 9796 75
400 9831 78
400 9815 83
400 9819 80
400 9819 85
400 9985 83
400 9845 90
400 9854 78
400 9802 89
400 9994 79
400 9820 86
400 9981 84
400 9997 82
400 9885 83
400 9958 79
400 9778 77
400 9906 86
400 9977 80
400 9939 78
400 9833 85
400 9939 85
400 9955 90
400 9771 72
400 9941 73
400 9842 84
400 9822 76
400 9758 78
400 9797 85
400 9953 90
400 9801 82
400 9998 86
400 9917 86
400 9914 79
400 9818 80
400 9858 85
400 9789 89
400 9930 77
400 9991 81
400 9922 79
400 9970 79
450 9875 89
450 9827 84
450 9932 87
450 9954 82
450 9799 84
450 9911 85
450 9861 89
450 9864 76
450 9829 93
450 9833 82
450 9837 80
450 9792 76
450 9980 87
450 9925 81
450 9943 86
450 9848 82
450 9821 83
450 9835 81
450 9792 80
450 9916 85
450 9961 85
450 9970 83
450 9856 84
450 9933 83
450 9770 84
450 9942 79
450 9914 80
450 9826 88
450 9867 98
450 9872 83
450 9906 86
450 9969 86
450 9911 85
450 9982 85
450 9770 81
450 9894 81
450 9747 80
450 9938 84
450 9896 81
450 9871 91
450 9952 84
450 9954 80
450 9887 90
450 9798 86
450 9880 85
450 9796 86
450 9969 79
450 9795 87
450 9777 85
450 9828 95
500 9789 94
500 9918 87
500 9819 86
500 9966 87
500 9918 88
500 9993 87
500 9812 90
500 9949 84
500 9835 93
500 9885 90
500 9901 92
500 9984 89
500 9881 95
500 9970 91
500 9774 91
500 9881 88
500 9813 90
500 9972 83
500 9785 86
500 9878 91
500 9880 88
500 9978 98
500 9996 91
500 9792 85
500 9967 94
500 9769 78
500 9780 84
500 9832 86
500 9849 89
500 9863 81
500 9801 95
500 9883 91
500 9865 83
500 9769 86
500 9789 89
500 9891 90
500 10000 93
500 9784 83
500 9955 90
500 9904 88
500 9999 88
500 9785 82
500 9834 90
500 9777 83
500 9851 90
500 9961 85
500 9805 86
500 9987 85
500 9871 96
500 9984 90
550 9925 93
550 9821 90
550 9882 81
550 9809 87
550 9883 92
550 9820 93
550 9913 89
550 9825 88
550 9845 89
550 9812 89
550 9815 95
550 9920 91
550 9808 96
550 9877 87
550 9849 91
550 9888 98
550 9983 89
550 9979 92
550 9854 93
550 9801 92
550 9917 98
550 9968 94
550 9977 100
550 9874 92
550 9931 87
550 9978 94
550 9896 95
550 9956 82
550 9920 96
550 9804 91
550 9908 90
550 9973 92
550 9896 86
550 9991 87
550 9939 91
550 9998 86
550 9840 91
550 9863 85
550 9991 90
550 9934 87
550 9824 91
550 9888 98
550 9892 89
550 9936 100
550 9893 95
550 9963 94
550 9844 89
550 9934 95
550 9831 93
550 9948 88
600 9911 89
600 9915 93
600 9829 85
600 9987 92
600 9979 93
600 9792 98
600 9877 95
600 9898 95
600 9849 90
600 9893 91
600 9959 90
600 9989 92
600 9841 90
600 9897 101
600 9935 98
600 9893 94
600 9975 92
600 9975 97
600 9984 98
600 9803 98
600 9983 95
600 9982 97
600 9807 97
600 9914 94
600 9980 91
600 9924 93
600 9889 92
600 9888 99
600 9834 95
600 9802 94
600 9931 93
600 9942 93
600 9875 97
600 9919 99
600 9814 87
600 9905 103
600 9855 99
600 9992 95
600 9945 95
600 9876 91
600 9923 93
600 9896 99
600 9868 93
600 9826 92
600 9946 89
600 9853 95
600 9896 97
600 9925 93
600 9932 100
600 9850 103
650 9912 94
650 9826 97
650 9842 100
650 9857 96
650 9855 98
650 9839 97
650 9961 93
650 9836 93
650 9803 103
650 9924 102
650 9879 97
650 9954 98
650 9808 100
650 9799 88
650 9915 97
650 9850 94
650 9847 96
650 9857 98
650 9887 96
650 9864 97
650 9926 98
650 9932 101
650 9867 101
650 9840 93
650 9872 101
650 9982 94
650 9927 105
650 9973 101
650 9883 101
650 9906 100
650 9990 101
650 9986 96
650 9921 87
650 9815 98
650 9836 97
650 9811 98
650 9864 96
650 9805 96
650 9980 104
650 9997 100
650 9969 96
650 9919 86
650 9983 97
650 9870 99
650 9881 97
650 9825 105
650 9818 94
650 9972 100
650 9900 91
650 9961 97
700 9922 105
700 9807 101
700 9847 103
700 9971 98
700 9814 99
700 9871 98
700 9963 103
700 9829 104
700 9855 101
700 9966 103
700 9861 98
700 9981 94
700 9935 106
700 9992 107
700 9914 97
700 9928 107
700 9799 95
700 9972 102
700 9916 102
700 9837 98
700 9910 101
700 9999 102
700 9828 104
700 9813 102
700 9939 98
700 9903 99
700 9859 100
700 9934 97
700 9862 96
700 9822 99
700 9959 99
700 9879 103
700 9925 101
700 9864 98
700 9904 96
700 9810 93
700 9854 98
700 9886 100
700 9905 98
700 9978 103
700 9843 96
700 9870 93
700 9983 98
700 9901 101
700 9821 100
700 9983 104
700 9870 98
700 9878 105
700 9906 103
700 9984 105
750 9947 104
750 9888 102
750 9839 104
750 9917 105
750 9917 103
750 9810 99
750 9839 108
750 9943 99
750 9847 104
750 9909 106
750 9916 103
750 9995 103
750 9854 104
750 9887 104
750 9949 102
750 9958 99
750 9952 106
750 9820 103
750 9883 98
750 9855 103
750 9919 99
750 9868 106
750 9866 108
750 9885 104
750 9808 104
750 9969 98
750 9875 104
750 9997 104
750 9835 104
750 9911 102
750 9869 101
750 9963 103
750 9818 101
750 9939 95
750 9966 103
750 9851 105
750 9862 106
750 9834 102
750 9876 99
750 9983 98
750 9816 94
750 9828 108
750 9841 107
750 9931 106
750 9818 110
750 9897 102
750 9986 101
750 9834 93
750 9828 101
750 9995 107
800 9913 109
800 9865 110
800 9937 108
800 9923 105
800 9957 100
800 9859 105
800 9873 105
800 9933 103
800 9912 105
800 9842 105
800 9983 105
800 9982 104
800 9812 102
800 9967 107
800 9937 100
800 9793 97
800 9968 110
800 9971 109
800 9853 95
800 9951 106
800 9928 111
800 9809 104
800 9868 96
800 9977 109
800 9882 106
800 9975 101
800 9919 111
800 9866 103
800 9840 106
800 9913 103
800 9831 105
800 9957 106
800 9813 102
800 9885 113
800 9990 102
800 9822 101
800 9950 104
800 9894 110
800 9840 102
800 9920 109
800 9882 105
800 9838 97
800 9969 108
800 9946 103
800 9892 102
800 9989 102
800 9916 104
800 9825 105
800 9959 111
800 9813 103
850 9846 105
850 9911 106
850 9929 110
850 9876 106
850 9840 105
850 9941 108
850 9912 107
850 9910 116
850 9935 110
850 9990 100
850 9951 110
850 9984 101
850 9827 108
850 9952 107
850 9818 111
850 9829 107
850 9821 105
850 9823 105
850 9966 106
850 9958 104
850 9925 99
850 9939 104
850 9894 107
850 9876 101
850 9819 103
850 9893 106
850 9821 108
850 9860 107
850 9952 111
850 9906 100
850 9986 114
850 9888 107
850 9931 111
850 9901 108
850 9822 104
850 9988 107
850 9872 105
850 9852 104
850 9887 101
850 9974 113
850 9966 100
850 9991 107
850 9929 111
850 9822 101
850 9809 107
850 9883 106
850 9954 111
850 9843 102
850 9898 103
850 9816 105
900 9826 106
900 9963 105
900 9904 110
900 9959 107
900 9932 109
900 9915 106
900 9837 106
900 9879 105
900 9927 108
900 9921 103
900 9894 114
900 9905 104
900 9985 107
900 9985 113
900 9843 108
900 9941 109
900 9821 106
900 9878 110
900 9858 108
900 9867 112
900 9899 110
900 9905 110
900 9982 113
900 9958 118
900 9990 114
900 9839 110
900 9898 113
900 9879 103
900 9993 108
900 9992 113
900 9962 115
900 9971 104
900 9906 106
900 9969 113
900 10000 112
900 9864 113
900 9928 112
900 9828 113
900 9819 109
900 9993 106
900 9996 113
900 9840 105
900 9969 112
900 9959 111
900 9922 114
900 9846 107
900 9843 109
900 9967 107
900 9838 112
900 9993 109
950 9888 119
950 9979 106
950 9934 111
950 9822 113
950 9962 109
950 9930 111
950 9813 106
950 9870 105
950 9892 104
950 9996 114
950 9887 110
950 9839 112
950 9858 108
950 9842 115
950 9974 112
950 9882 114
950 9971 109
950 9998 112
950 9870 110
950 9882 107
950 9972 110
950 9910 113
950 9974 109
950 9956 114
950 9875 109
950 9961 111
950 9871 112
950 9869 115
950 9871 110
950 9933 107
950 9945 109
950 9939 116
950 9884 108
950 9833 111
950 9959 114
950 9904 105
950 9996 113
950 9982 111
950 9998 104
950 9839 111
950 9978 110
950 9954 110
950 9952 116
950 9895 115
950 9840 110
950 9998 114
950 9940 114
950 9974 114
950 9960 110
950 9990 113
1000 9967 113
1000 9938 109
1000 9853 116
1000 9918 116
1000 9836 116
1000 9900 109
1000 9842 104
1000 9833 119
1000 9980 117
1000 9959 113
1000 9955 111
1000 9886 117
1000 9937 115
1000 9917 117
1000 9962 117
1000 9858 107
1000 9975 114
1000 9930 112
1000 9909 112
1000 9879 112
1000 9890 112
1000 9970 115
1000 9866 116
1000 9862 119
1000 9844 113
1000 9839 116
1000 9925 112
1000 9917 115
1000 9909 116
1000 9901 119
1000 9899 110
1000 9935 117
1000 9953 114
1000 9939 109
1000 9911 119
1000 9876 117
1000 9900 116
1000 9904 114
1000 9912 110
1000 9959 117
1000 9964 110
1000 9986 107
1000 9889 112
1000 9850 114
1000 9916 110
1000 9995 116
1000 9986 113
1000 9953 106
1000 9968 111
1000 9940 112
1050 9881 111
1050 9923 119
1050 9968 115
1050 9890 110
1050 9922 103
1050 9957 112
1050 9945 117
1050 9954 115
1050 9878 110
1050 9873 117
1050 9883 114
1050 9911 118
1050 9923 107
1050 9982 115
1050 9995 114
1050 9920 117
1050 9826 110
1050 9843 116
1050 9987 114
1050 9849 118
1050 9852 112
1050 9934 110
1050 9828 111
1050 9964 118
1050 9860 111
1050 9955 119
1050 9870 112
1050 9917 113
1050 9911 115
1050 9894 112
1050 9865 111
1050 9841 109
1050 9914 110
1050 9855 116
1050 9988 111
1050 9916 114
1050 9930 108
1050 9952 110
1050 9967 120
1050 9940 120
1050 9846 110
1050 9974 108
1050 9917 116
1050 9879 112
1050 9933 113
1050 9842 114
1050 9871 111
1050 9871 113
1050 9857 110
1050 9967 108
1100 9860 114
1100 9914 119
1100 9909 116
1100 9933 114
1100 9891 116
1100 9969 115
1100 9948 110
1100 9842 115
1100 9967 112
1100 9888 117
1100 9980 118
1100 9836 117
1100 9950 114
1100 9935 114
1100 9970 116
1100 9898 113
1100 9951 111
1100 9910 111
1100 9837 107
1100 9954 115
1100 9898 116
1100 9965 120
1100 9966 116
1100 9862 110
1100 9961 121
1100 9854 115
1100 9831 115
1100 9995 116
1100 9921 118
1100 9870 117
1100 9871 120
1100 9988 114
1100 9948 113
1100 9898 118
1100 9985 115
1100 9979 110
1100 9969 114
1100 9868 112
1100 9925 112
1100 9857 112
1100 9882 120
1100 9935 121
1100 9860 117
1100 9917 110
1100 9858 115
1100 10000 115
1100 9941 112
1100 9980 110
1100 9871 114
1100 9971 112
1150 9903 121
1150 9849 124
1150 9926 120
1150 9983 118
1150 9941 120
1150 9914 115
1150 9985 119
1150 9987 113
1150 9896 112
1150 9919 119
1150 9860 116
1150 9891 117
1150 9853 109
1150 9960 115
1150 9901 114
1150 9837 121
1150 9998 117
1150 9870 110
1150 9869 118
1150 9926 112
1150 9872 118
1150 9986 112
1150 9902 118
1150 9965 116
1150 9979 114
1150 9936 121
1150 9865 117
1150 9874 116
1150 9998 120
1150 9830 118
1150 9900 119
1150 9932 118
1150 9968 116
1150 9970 115
1150 9979 117
1150 9877 117
1150 9902 115
1150 9909 115
1150 9967 115
1150 9973 113
1150 9957 114
1150 9967 118
1150 9926 112
1150 9902 116
1150 9941 115
1150 9987 120
1150 9957 119
1150 9987 113
1150 9999 110
1150 9904 123
1200 9875 118
1200 9996 126
1200 9924 115
1200 9877 120
1200 9853 122
1200 9952 121
1200 9903 117
1200 9974 113
1200 9913 117
1200 9973 117
1200 9916 114
1200 9979 118
1200 9852 118
1200 9935 119
1200 9861 112
1200 9942 114
1200 9839 114
1200 9930 115
1200 9954 120
1200 9986 121
1200 9898 120
1200 9865 119
1200 9912 114
1200 9928 110
1200 9945 127
1200 9983 117
1200 9970 121
1200 9964 118
1200 9985 116
1200 9983 120
1200 9844 114
1200 9885 119
1200 9830 113
1200 9992 109
1200 9963 122
1200 9933 118
1200 9864 122
1200 9936 123
1200 9841 121
1200 9929 122
1200 9895 115
1200 9844 117
1200 9836 115
1200 9833 120
1200 9895 118
1200 9997 120
1200 9905 122
1200 9984 121
1200 9903 123
1200 9871 118
1250 9928 121
1250 9865 120
1250 9906 121
1250 9843 118
1250 9905 122
1250 9991 122
1250 9877 125
1250 9848 121
1250 9888 116
1250 9844 118
1250 9998 118
1250 9993 125
1250 9979 119
1250 9967 116
1250 9983 119
1250 9865 118
1250 9875 123
1250 9860 120
1250 9936 124
1250 9988 124
1250 9982 122
1250 9924 118
1250 9934 117
1250 9836 116
1250 9907 117
1250 9844 119
1250 9837 119
1250 9997 121
1250 9844 117
1250 9853 120
1250 9854 112
1250 9922 123
1250 9963 121
1250 9919 119
1250 9871 115
1250 9926 119
1250 9872 113
1250 9984 121
1250 9989 117
1250 9981 118
1250 9978 123
1250 9971 124
1250 9976 116
1250 9911 121
1250 9879 118
1250 9899 118
1250 9981 115
1250 9940 118
1250 9944 121
1250 9864 119
