

*******************************************************************************
Sat Mar  9 15:52:30 2019


FIT:    data read from "media_burbuja.dat"
        format = z
        #datapoints = 28
        residuals are weighted equally (unit weight)

function used for fitting: f(x)
	f(x)=a*x**2+b*x+c
fitted parameters initialized with current variable values

iter      chisq       delta/lim  lambda   a             b             c            
   0 7.7075963057e+17   0.00e+00  9.60e+07    1.000000e+00   1.000000e+00   1.000000e+00
  11 3.0306188076e+09  -7.18e-04  9.60e-04    2.537813e-03  -3.992360e+00   4.607594e+03

After 11 iterations the fit converged.
final sum of squares of residuals : 3.03062e+09
rel. change during last iteration : -7.17696e-09

degrees of freedom    (FIT_NDF)                        : 25
rms of residuals      (FIT_STDFIT) = sqrt(WSSR/ndf)    : 11010.2
variance of residuals (reduced chisquare) = WSSR/ndf   : 1.21225e+08

Final set of parameters            Asymptotic Standard Error
=======================            ==========================
a               = 0.00253781       +/- 7.29e-05     (2.873%)
b               = -3.99236         +/- 1.44         (36.07%)
c               = 4607.59          +/- 5943         (129%)

correlation matrix of the fit parameters:
                a      b      c      
a               1.000 
b              -0.967  1.000 
c               0.727 -0.853  1.000 
