1000 18328
1000 18513
1000 17908
1000 17766
1000 18522
1000 17238
1000 21557
1000 17502
1000 18548
1000 18253
1000 17910
1000 17660
1000 17775
1000 17315
1000 17596
1000 17629
1000 17600
1000 18061
1000 17250
1000 16777
1000 17373
1000 16961
1000 16938
1000 16932
1000 17311
1000 17345
1000 17239
1000 16469
1000 16948
1000 17143
1000 17171
1000 16848
1000 16397
1000 16531
1000 16597
1000 17342
1000 17340
1000 17374
1000 17549
1000 16581
1000 17089
1000 17084
1000 16340
1000 16486
1000 16194
1000 16340
1000 16404
1000 16819
1000 16960
1000 17281
1000 17363
1000 16359
1000 16859
1000 16657
1000 17244
1000 17439
1000 16833
1000 16733
1000 16284
1000 16954
1000 16933
1000 16892
1000 16332
1000 16919
1000 16525
1000 22325
1000 16189
1000 16662
1000 16531
1000 16926
1000 16767
1000 16364
1000 17146
1000 16405
1000 16999
1000 16608
1000 17265
1000 17474
1000 17067
1000 16803
1000 17210
1000 16309
1000 17077
1000 16891
1000 16518
1000 17437
1000 16798
1000 16701
1000 16844
1000 16917
1000 17202
1000 16794
1000 16911
1000 16986
1000 16197
1000 16541
1000 15844
1000 15910
1000 17320
1000 17083
1700 30145
1700 30335
1700 30436
1700 28516
1700 28588
1700 29870
1700 30108
1700 29055
1700 29631
1700 29181
1700 29292
1700 28406
1700 28386
1700 28618
1700 29367
1700 28432
1700 28920
1700 30161
1700 29711
1700 30163
1700 28953
1700 30163
1700 29254
1700 28048
1700 28682
1700 28199
1700 28306
1700 28831
1700 28927
1700 28772
1700 29857
1700 27733
1700 27889
1700 29468
1700 27272
1700 29558
1700 28169
1700 28488
1700 28996
1700 28588
1700 30113
1700 29878
1700 28724
1700 28731
1700 27574
1700 28484
1700 28443
1700 28850
1700 28187
1700 46436
1700 29241
1700 30661
1700 30116
1700 29812
1700 30606
1700 29519
1700 29627
1700 30230
1700 30569
1700 28473
1700 28311
1700 28784
1700 28777
1700 28243
1700 28148
1700 27408
1700 28458
1700 29013
1700 29491
1700 28730
1700 28733
1700 28632
1700 29117
1700 28794
1700 32175
1700 28935
1700 28904
1700 28711
1700 32802
1700 28863
1700 29152
1700 28551
1700 29405
1700 28993
1700 27800
1700 31408
1700 28813
1700 28790
1700 29915
1700 28954
1700 28678
1700 28598
1700 28053
1700 28248
1700 27965
1700 29250
1700 28445
1700 29019
1700 29015
1700 29014
2400 51265
2400 40634
2400 40957
2400 40977
2400 40646
2400 41362
2400 41591
2400 41783
2400 41604
2400 41166
2400 44499
2400 41890
2400 41849
2400 40607
2400 41034
2400 47972
2400 42333
2400 41805
2400 41546
2400 41710
2400 44604
2400 49404
2400 40882
2400 42028
2400 41694
2400 41222
2400 42117
2400 40845
2400 41488
2400 40940
2400 42124
2400 49005
2400 41601
2400 40765
2400 41243
2400 64987
2400 40981
2400 41272
2400 40547
2400 40454
2400 41064
2400 41861
2400 41618
2400 40791
2400 41878
2400 40582
2400 40962
2400 40562
2400 41389
2400 41195
2400 40979
2400 44385
2400 41674
2400 41100
2400 42573
2400 41436
2400 42520
2400 40204
2400 40697
2400 40885
2400 40490
2400 42012
2400 39960
2400 41559
2400 40281
2400 41498
2400 40273
2400 41608
2400 41372
2400 40860
2400 40339
2400 41248
2400 41253
2400 41244
2400 40460
2400 41653
2400 41756
2400 45318
2400 40476
2400 41343
2400 42168
2400 40707
2400 42465
2400 41023
2400 41090
2400 41173
2400 40723
2400 42183
2400 40896
2400 41172
2400 41392
2400 41382
2400 40779
2400 41758
2400 41517
2400 41287
2400 40273
2400 41169
2400 41790
2400 41496
3100 52897
3100 52707
3100 59979
3100 52552
3100 53111
3100 52409
3100 50809
3100 52291
3100 52660
3100 51905
3100 52018
3100 52073
3100 52290
3100 52018
3100 53462
3100 53143
3100 51367
3100 52892
3100 51636
3100 52487
3100 52131
3100 52392
3100 55753
3100 52034
3100 51564
3100 53309
3100 53614
3100 52413
3100 52529
3100 51524
3100 52133
3100 52239
3100 59934
3100 51828
3100 51648
3100 52638
3100 53026
3100 54102
3100 51274
3100 51990
3100 53575
3100 54282
3100 52221
3100 52738
3100 51753
3100 53492
3100 53090
3100 52563
3100 52683
3100 51916
3100 52315
3100 53704
3100 52312
3100 52580
3100 52654
3100 52837
3100 63694
3100 52535
3100 52501
3100 52764
3100 53226
3100 52732
3100 54148
3100 54745
3100 51908
3100 54138
3100 54542
3100 54901
3100 53842
3100 62363
3100 55001
3100 53923
3100 54365
3100 53336
3100 53390
3100 53884
3100 53713
3100 52407
3100 54670
3100 57470
3100 55012
3100 55603
3100 53896
3100 54262
3100 53978
3100 53962
3100 54501
3100 52135
3100 51828
3100 52594
3100 54464
3100 53842
3100 54386
3100 55024
3100 54466
3100 53189
3100 53991
3100 54693
3100 52365
3100 53082
3800 63768
3800 63494
3800 62273
3800 61408
3800 61396
3800 59608
3800 60144
3800 64540
3800 59144
3800 59314
3800 63743
3800 61487
3800 62126
3800 61662
3800 62821
3800 60504
3800 62976
3800 61128
3800 61814
3800 62346
3800 58915
3800 60272
3800 59338
3800 59184
3800 59332
3800 60357
3800 59804
3800 60750
3800 61297
3800 59746
3800 59531
3800 60395
3800 59468
3800 59328
3800 58481
3800 57966
3800 58130
3800 56795
3800 56324
3800 57948
3800 58018
3800 87649
3800 57810
3800 57287
3800 56485
3800 56105
3800 56449
3800 55376
3800 55962
3800 72177
3800 56980
3800 70736
3800 56465
3800 54950
3800 55588
3800 56121
3800 55414
3800 56001
3800 56477
3800 56942
3800 57081
3800 55269
3800 55328
3800 56681
3800 55137
3800 58034
3800 56487
3800 57768
3800 57851
3800 56637
3800 58986
3800 57608
3800 57899
3800 56869
3800 56215
3800 55282
3800 56844
3800 58450
3800 56725
3800 54871
3800 57601
3800 58020
3800 56351
3800 58158
3800 56156
3800 55910
3800 56528
3800 56213
3800 55869
3800 69514
3800 54356
3800 54394
3800 53191
3800 54743
3800 54894
3800 53924
3800 58197
3800 53445
3800 54561
3800 54263
4500 65628
4500 65789
4500 65473
4500 65847
4500 65076
4500 65835
4500 65974
4500 64448
4500 64149
4500 65873
4500 65015
4500 64234
4500 62167
4500 63900
4500 62915
4500 64222
4500 63438
4500 63875
4500 62151
4500 62652
4500 63594
4500 61643
4500 64007
4500 64116
4500 63620
4500 63144
4500 63495
4500 63430
4500 63860
4500 63754
4500 63260
4500 63023
4500 65548
4500 66142
4500 67084
4500 65272
4500 64198
4500 65411
4500 64249
4500 64156
4500 64248
4500 63543
4500 64115
4500 63607
4500 63069
4500 65339
4500 65350
4500 63612
4500 63468
4500 65753
4500 62735
4500 63889
4500 63656
4500 61753
4500 64507
4500 62199
4500 63910
4500 63204
4500 62676
4500 63815
4500 62788
4500 63502
4500 63548
4500 64100
4500 64072
4500 61589
4500 62947
4500 63181
4500 65242
4500 65649
4500 63534
4500 65482
4500 65280
4500 64765
4500 64815
4500 66608
4500 64147
4500 65899
4500 63182
4500 63375
4500 64796
4500 63308
4500 63974
4500 60735
4500 62664
4500 61646
4500 62111
4500 61486
4500 62587
4500 63589
4500 63054
4500 64318
4500 63717
4500 61245
4500 62606
4500 64183
4500 63856
4500 63535
4500 62643
4500 62832
5200 71936
5200 76485
5200 73808
5200 75588
5200 89951
5200 74785
5200 72272
5200 74556
5200 74253
5200 74974
5200 75406
5200 75167
5200 73890
5200 76059
5200 76363
5200 76284
5200 74909
5200 74067
5200 99982
5200 76396
5200 77386
5200 77709
5200 77882
5200 77021
5200 78152
5200 75957
5200 77552
5200 75993
5200 75376
5200 76066
5200 76441
5200 76690
5200 77103
5200 76673
5200 72714
5200 74854
5200 76547
5200 77327
5200 78671
5200 81355
5200 79604
5200 79512
5200 80080
5200 77341
5200 77265
5200 76682
5200 81651
5200 76504
5200 77196
5200 79459
5200 76637
5200 76996
5200 77388
5200 76976
5200 77041
5200 77518
5200 76286
5200 75157
5200 78122
5200 76582
5200 74885
5200 74508
5200 71792
5200 74778
5200 89023
5200 74322
5200 72152
5200 74574
5200 88406
5200 75036
5200 74741
5200 77524
5200 75804
5200 78186
5200 75487
5200 75418
5200 75419
5200 76102
5200 74028
5200 89611
5200 75802
5200 88159
5200 74829
5200 76315
5200 77577
5200 79304
5200 103088
5200 86219
5200 82184
5200 85209
5200 86880
5200 86551
5200 86420
5200 92885
5200 85525
5200 85220
5200 83709
5200 85697
5200 87611
5200 94312
5900 99830
5900 101688
5900 100090
5900 101107
5900 100685
5900 101115
5900 99606
5900 102878
5900 100407
5900 103688
5900 100685
5900 100778
5900 100812
5900 100284
5900 99911
5900 101964
5900 100056
5900 103328
5900 99898
5900 98236
5900 100865
5900 99886
5900 102833
5900 99544
5900 101221
5900 99266
5900 99525
5900 101764
5900 98398
5900 102474
5900 99429
5900 99433
5900 100747
5900 105896
5900 99069
5900 99029
5900 100157
5900 101774
5900 101227
5900 100733
5900 101056
5900 129416
5900 103082
5900 100111
5900 102270
5900 100603
5900 98298
5900 100880
5900 99254
5900 103036
5900 101474
5900 101931
5900 99951
5900 99942
5900 102204
5900 100198
5900 100238
5900 102156
5900 145302
5900 99742
5900 98805
5900 108948
5900 101005
5900 122914
5900 99710
5900 99975
5900 100790
5900 104200
5900 138736
5900 99318
5900 100258
5900 102431
5900 100808
5900 101052
5900 103482
5900 100971
5900 99641
5900 105273
5900 101067
5900 101887
5900 99001
5900 99298
5900 101291
5900 98760
5900 101165
5900 98413
5900 100134
5900 99873
5900 100116
5900 99900
5900 100596
5900 101168
5900 101899
5900 99595
5900 100337
5900 100617
5900 102065
5900 101820
5900 98092
5900 101343
6600 105128
6600 105754
6600 107286
6600 105111
6600 106775
6600 105951
6600 105264
6600 108909
6600 107335
6600 104657
6600 103646
6600 106086
6600 107123
6600 105239
6600 105488
6600 107720
6600 115220
6600 106378
6600 106192
6600 106554
6600 106981
6600 103824
6600 106397
6600 106303
6600 127340
6600 105240
6600 107130
6600 106551
6600 107884
6600 107036
6600 107175
6600 110183
6600 134603
6600 106369
6600 106030
6600 105831
6600 118699
6600 106896
6600 105119
6600 107166
6600 106348
6600 104823
6600 102963
6600 106551
6600 105769
6600 107140
6600 105837
6600 111531
6600 107243
6600 106453
6600 106229
6600 126349
6600 105604
6600 106669
6600 106609
6600 109009
6600 136273
6600 132665
6600 105140
6600 106299
6600 108460
6600 106064
6600 105037
6600 108541
6600 110774
6600 104777
6600 105393
6600 107599
6600 107597
6600 105536
6600 105071
6600 108704
6600 108642
6600 106819
6600 105790
6600 104362
6600 107336
6600 104780
6600 108850
6600 107845
6600 107691
6600 106002
6600 105425
6600 114555
6600 106529
6600 106259
6600 105531
6600 107935
6600 106678
6600 109478
6600 107628
6600 108029
6600 108043
6600 106786
6600 106514
6600 105549
6600 108754
6600 104862
6600 105496
6600 105658
7300 116988
7300 112242
7300 108463
7300 119804
7300 114865
7300 119919
7300 111558
7300 111874
7300 111581
7300 111549
7300 112998
7300 119553
7300 114520
7300 112598
7300 112315
7300 113170
7300 113137
7300 111698
7300 113840
7300 118907
7300 114506
7300 111833
7300 112207
7300 143138
7300 115952
7300 113394
7300 114297
7300 132158
7300 116472
7300 115028
7300 122503
7300 113884
7300 114821
7300 113747
7300 114859
7300 115109
7300 115244
7300 113381
7300 112403
7300 114015
7300 113868
7300 114661
7300 114494
7300 116533
7300 114911
7300 112860
7300 112787
7300 112391
7300 113972
7300 112198
7300 114191
7300 111919
7300 116864
7300 112534
7300 110784
7300 112093
7300 113626
7300 113800
7300 113743
7300 115550
7300 116240
7300 110340
7300 114658
7300 113122
7300 113935
7300 112041
7300 113567
7300 115711
7300 115106
7300 112093
7300 112871
7300 111707
7300 114459
7300 111874
7300 113705
7300 112220
7300 115114
7300 113254
7300 112004
7300 113821
7300 113195
7300 111251
7300 123188
7300 113084
7300 116028
7300 111144
7300 115867
7300 113241
7300 113048
7300 114008
7300 111950
7300 113297
7300 116148
7300 114260
7300 113498
7300 113346
7300 131292
7300 110923
7300 113016
7300 113807
8000 122663
8000 121871
8000 120823
8000 124099
8000 121839
8000 121232
8000 127202
8000 125416
8000 122961
8000 123570
8000 145328
8000 122850
8000 122529
8000 141944
8000 140659
8000 123671
8000 121212
8000 123476
8000 127840
8000 138760
8000 122892
8000 138432
8000 121437
8000 126248
8000 123394
8000 121342
8000 124776
8000 122003
8000 122676
8000 128137
8000 123974
8000 122506
8000 124960
8000 143710
8000 123846
8000 122756
8000 137326
8000 122641
8000 123198
8000 122501
8000 123087
8000 122839
8000 120032
8000 121434
8000 129372
8000 123935
8000 124487
8000 121978
8000 121552
8000 122124
8000 121009
8000 122415
8000 122235
8000 125247
8000 123044
8000 119854
8000 126492
8000 121458
8000 121977
8000 128668
8000 124287
8000 120517
8000 120665
8000 122757
8000 122858
8000 122634
8000 122539
8000 147574
8000 124228
8000 124340
8000 122852
8000 123405
8000 123888
8000 121900
8000 124751
8000 122362
8000 121993
8000 122401
8000 121855
8000 119656
8000 117360
8000 135113
8000 117270
8000 123127
8000 138041
8000 117842
8000 117409
8000 116834
8000 119658
8000 119744
8000 116286
8000 118645
8000 115418
8000 133587
8000 114711
8000 114566
8000 114853
8000 114539
8000 132003
8000 109879
8700 121460
8700 121469
8700 116696
8700 118418
8700 117409
8700 117222
8700 115227
8700 115247
8700 121088
8700 159196
8700 125167
8700 142292
8700 124763
8700 147713
8700 125343
8700 122062
8700 122624
8700 116765
8700 120387
8700 121407
8700 122652
8700 118178
8700 120631
8700 122221
8700 136327
8700 120690
8700 120419
8700 120244
8700 116955
8700 120721
8700 120662
8700 121318
8700 121214
8700 117794
8700 113533
8700 117105
8700 118269
8700 121834
8700 123045
8700 122308
8700 126053
8700 117401
8700 118804
8700 117863
8700 118049
8700 115859
8700 117609
8700 117766
8700 115943
8700 132189
8700 119055
8700 116579
8700 114943
8700 112974
8700 114328
8700 114215
8700 113415
8700 113963
8700 114167
8700 123777
8700 114029
8700 113468
8700 112048
8700 114095
8700 113737
8700 114832
8700 113203
8700 114089
8700 114114
8700 113286
8700 115257
8700 112557
8700 113086
8700 112804
8700 112781
8700 114941
8700 112756
8700 115386
8700 114129
8700 114703
8700 112968
8700 113611
8700 114776
8700 114210
8700 114191
8700 114303
8700 113120
8700 114479
8700 114186
8700 113403
8700 114677
8700 113691
8700 114779
8700 113986
8700 115420
8700 115371
8700 113670
8700 114243
8700 128572
8700 117570
9400 129043
9400 127748
9400 128055
9400 127929
9400 130332
9400 129377
9400 128079
9400 125775
9400 128582
9400 126358
9400 126602
9400 127927
9400 127639
9400 128419
9400 127497
9400 126822
9400 127345
9400 126654
9400 126696
9400 128027
9400 127486
9400 126493
9400 127920
9400 128119
9400 127051
9400 128253
9400 132050
9400 127717
9400 132437
9400 126973
9400 125390
9400 129182
9400 127707
9400 127674
9400 126415
9400 127378
9400 128045
9400 126509
9400 128901
9400 127580
9400 126773
9400 126051
9400 127646
9400 125837
9400 126581
9400 128852
9400 129665
9400 127545
9400 129004
9400 127907
9400 125949
9400 126413
9400 131701
9400 128287
9400 124850
9400 126969
9400 127325
9400 127028
9400 127264
9400 132137
9400 129072
9400 143159
9400 132163
9400 127072
9400 126711
9400 129302
9400 133704
9400 148818
9400 126838
9400 130930
9400 131443
9400 131790
9400 137344
9400 133492
9400 134213
9400 136158
9400 140777
9400 149445
9400 145782
9400 131886
9400 130111
9400 135244
9400 135815
9400 135211
9400 135040
9400 137099
9400 131672
9400 130663
9400 131421
9400 133174
9400 132669
9400 135977
9400 135586
9400 133715
9400 132983
9400 133544
9400 127620
9400 128292
9400 126619
9400 128957
10100 136044
10100 136343
10100 138821
10100 137014
10100 140602
10100 135171
10100 138031
10100 137426
10100 135248
10100 136173
10100 163728
10100 140496
10100 136600
10100 138715
10100 136594
10100 136236
10100 137774
10100 138500
10100 136147
10100 137785
10100 135766
10100 136823
10100 135827
10100 137181
10100 137260
10100 138278
10100 140790
10100 137009
10100 136251
10100 137006
10100 137055
10100 136296
10100 137000
10100 135935
10100 137425
10100 134906
10100 136870
10100 134925
10100 136895
10100 137667
10100 137836
10100 136565
10100 139181
10100 139152
10100 136940
10100 136803
10100 136072
10100 137833
10100 138370
10100 137729
10100 136749
10100 135553
10100 137107
10100 146822
10100 154713
10100 154308
10100 154614
10100 163169
10100 155013
10100 155554
10100 166014
10100 178435
10100 155422
10100 154112
10100 155197
10100 150331
10100 151312
10100 152523
10100 148234
10100 149609
10100 150689
10100 149359
10100 144639
10100 144733
10100 145425
10100 146691
10100 144660
10100 143552
10100 144087
10100 146818
10100 145293
10100 137803
10100 135399
10100 136227
10100 136578
10100 136456
10100 135742
10100 140837
10100 145702
10100 146294
10100 156942
10100 143886
10100 146142
10100 144538
10100 148172
10100 145420
10100 146561
10100 145283
10100 136834
10100 134759
10800 151132
10800 151399
10800 151719
10800 151985
10800 152629
10800 153888
10800 151149
10800 149655
10800 152709
10800 150844
10800 152457
10800 153363
10800 152322
10800 153231
10800 149640
10800 155055
10800 154987
10800 152545
10800 156073
10800 159621
10800 160040
10800 149652
10800 149847
10800 151883
10800 151879
10800 151239
10800 149445
10800 149890
10800 152630
10800 150949
10800 154586
10800 150764
10800 152211
10800 152553
10800 149909
10800 151570
10800 151524
10800 151016
10800 152054
10800 154285
10800 150296
10800 149736
10800 149039
10800 152794
10800 152722
10800 149494
10800 153705
10800 152587
10800 148566
10800 151960
10800 149910
10800 152677
10800 150418
10800 150291
10800 152557
10800 149712
10800 149164
10800 148926
10800 153080
10800 149246
10800 150868
10800 152863
10800 150758
10800 153198
10800 150387
10800 150532
10800 150057
10800 150888
10800 153549
10800 151486
10800 150569
10800 151698
10800 150413
10800 150523
10800 153395
10800 155014
10800 152018
10800 151943
10800 151163
10800 150892
10800 150089
10800 152134
10800 150448
10800 152414
10800 150365
10800 151110
10800 150723
10800 150504
10800 151110
10800 150258
10800 149398
10800 148852
10800 154365
10800 150302
10800 152381
10800 150679
10800 150516
10800 151388
10800 150223
10800 153468
11500 160160
11500 161693
11500 160736
11500 158965
11500 161785
11500 159811
11500 162775
11500 163274
11500 159795
11500 159970
11500 159947
11500 159910
11500 162393
11500 160540
11500 160037
11500 160495
11500 160504
11500 162056
11500 161537
11500 164822
11500 163258
11500 187759
11500 163147
11500 161683
11500 162199
11500 178930
11500 167574
11500 157370
11500 165709
11500 186506
11500 178976
11500 177390
11500 176090
11500 170037
11500 169780
11500 198969
11500 171896
11500 177791
11500 163922
11500 158189
11500 178885
11500 161368
11500 164872
11500 167462
11500 164579
11500 164928
11500 159918
11500 160257
11500 160804
11500 164425
11500 164676
11500 164626
11500 168010
11500 163905
11500 168042
11500 167061
11500 165573
11500 161459
11500 160741
11500 161865
11500 161629
11500 167703
11500 163125
11500 160566
11500 158355
11500 163289
11500 163504
11500 161611
11500 158906
11500 160228
11500 158367
11500 159873
11500 158888
11500 160520
11500 161735
11500 159668
11500 159385
11500 160335
11500 160327
11500 161973
11500 160329
11500 160598
11500 161142
11500 161445
11500 161144
11500 159078
11500 162320
11500 161902
11500 158890
11500 162016
11500 159845
11500 159210
11500 163486
11500 162100
11500 159037
11500 165500
11500 162851
11500 163395
11500 159851
11500 161494
12200 175232
12200 167878
12200 170498
12200 169243
12200 175002
12200 173785
12200 174591
12200 174000
12200 175890
12200 172370
12200 174944
12200 170674
12200 168253
12200 169710
12200 172038
12200 171063
12200 169963
12200 171180
12200 181636
12200 171543
12200 168513
12200 169310
12200 168453
12200 171324
12200 169646
12200 172237
12200 168398
12200 171573
12200 171176
12200 168341
12200 170289
12200 168716
12200 169213
12200 168234
12200 168896
12200 169100
12200 169041
12200 168832
12200 171363
12200 179807
12200 172535
12200 175813
12200 168439
12200 171822
12200 201095
12200 172340
12200 171083
12200 171495
12200 170145
12200 197877
12200 168731
12200 170400
12200 172715
12200 172894
12200 182086
12200 191729
12200 190204
12200 192303
12200 192208
12200 193861
12200 202077
12200 188852
12200 185764
12200 224735
12200 186489
12200 184713
12200 233403
12200 196606
12200 179135
12200 172796
12200 174104
12200 177170
12200 175181
12200 175560
12200 174514
12200 174406
12200 176798
12200 186286
12200 171602
12200 182395
12200 172234
12200 169707
12200 168010
12200 174580
12200 175665
12200 169882
12200 179125
12200 169415
12200 169389
12200 169600
12200 166111
12200 168820
12200 173078
12200 168736
12200 169286
12200 224199
12200 168995
12200 166814
12200 170266
12200 171333
12900 174086
12900 174144
12900 174042
12900 176856
12900 175616
12900 175123
12900 177824
12900 179289
12900 180757
12900 176574
12900 178685
12900 178916
12900 180294
12900 181241
12900 179516
12900 191679
12900 174695
12900 173268
12900 175220
12900 176681
12900 175890
12900 174086
12900 174134
12900 174077
12900 175615
12900 175368
12900 262616
12900 191246
12900 188235
12900 203069
12900 189323
12900 184406
12900 181016
12900 186912
12900 182350
12900 175112
12900 177824
12900 182596
12900 183025
12900 179875
12900 179580
12900 192226
12900 191078
12900 174731
12900 173949
12900 173386
12900 175607
12900 175884
12900 176158
12900 174855
12900 177839
12900 172951
12900 174468
12900 176142
12900 242980
12900 195355
12900 176635
12900 174784
12900 175655
12900 174176
12900 174054
12900 173571
12900 177395
12900 179219
12900 174634
12900 174952
12900 180093
12900 173494
12900 173761
12900 175289
12900 174261
12900 206463
12900 176693
12900 179522
12900 173214
12900 174505
12900 175594
12900 174986
12900 172335
12900 178116
12900 175957
12900 174143
12900 174620
12900 174223
12900 175510
12900 175635
12900 174334
12900 174426
12900 173659
12900 176400
12900 178467
12900 171978
12900 175272
12900 173484
12900 177130
12900 177233
12900 176065
12900 175353
12900 175350
12900 176765
13600 181425
13600 180303
13600 179706
13600 180441
13600 180588
13600 180946
13600 183622
13600 181045
13600 182478
13600 181768
13600 182741
13600 181436
13600 179949
13600 180129
13600 180042
13600 179676
13600 179770
13600 181542
13600 179725
13600 182550
13600 183044
13600 180129
13600 180093
13600 179117
13600 181840
13600 179476
13600 183443
13600 179566
13600 178574
13600 180067
13600 178287
13600 181416
13600 179295
13600 182240
13600 183127
13600 180654
13600 182563
13600 178536
13600 181510
13600 199542
13600 179299
13600 182347
13600 177819
13600 183471
13600 179999
13600 180965
13600 181058
13600 182043
13600 181224
13600 180006
13600 179452
13600 181700
13600 180644
13600 180604
13600 180531
13600 179450
13600 180121
13600 180130
13600 179758
13600 178580
13600 179738
13600 180547
13600 180407
13600 180910
13600 179263
13600 181323
13600 180281
13600 180572
13600 180305
13600 180949
13600 179025
13600 191148
13600 180005
13600 184235
13600 187587
13600 186539
13600 184838
13600 186219
13600 190444
13600 184298
13600 186171
13600 187123
13600 187959
13600 189726
13600 187042
13600 185961
13600 187048
13600 188518
13600 184671
13600 185548
13600 186086
13600 183729
13600 183414
13600 184401
13600 192075
13600 187071
13600 183343
13600 184845
13600 213553
13600 185440
14300 190869
14300 190348
14300 192390
14300 191100
14300 193012
14300 193903
14300 191822
14300 193243
14300 193014
14300 184673
14300 186243
14300 186364
14300 184683
14300 183492
14300 187423
14300 185746
14300 208806
14300 188402
14300 185533
14300 186056
14300 187038
14300 185674
14300 186133
14300 187138
14300 186573
14300 187678
14300 189112
14300 187385
14300 186354
14300 208319
14300 199846
14300 205785
14300 203914
14300 203790
14300 204792
14300 204478
14300 214574
14300 228579
14300 211858
14300 211920
14300 212884
14300 205207
14300 211159
14300 203766
14300 209256
14300 204456
14300 203610
14300 203282
14300 200400
14300 197144
14300 197725
14300 198153
14300 197594
14300 197784
14300 198274
14300 197602
14300 197180
14300 200277
14300 185974
14300 185618
14300 187031
14300 186763
14300 202600
14300 189016
14300 186953
14300 184630
14300 186674
14300 186615
14300 186568
14300 185523
14300 187322
14300 187179
14300 184836
14300 186980
14300 188059
14300 186844
14300 187122
14300 188158
14300 186395
14300 186346
14300 186292
14300 188413
14300 184494
14300 187088
14300 185457
14300 188694
14300 212905
14300 186256
14300 187666
14300 185437
14300 187150
14300 187201
14300 187233
14300 192179
14300 201125
14300 207980
14300 194387
14300 188221
14300 219463
14300 188767
15000 194593
15000 193110
15000 193284
15000 194305
15000 218695
15000 192775
15000 193420
15000 196124
15000 191990
15000 193064
15000 193479
15000 192929
15000 193899
15000 192648
15000 191560
15000 192065
15000 195424
15000 194143
15000 195634
15000 193261
15000 193738
15000 193747
15000 193981
15000 192585
15000 194824
15000 193660
15000 195645
15000 193560
15000 194814
15000 193237
15000 193525
15000 196887
15000 194562
15000 194035
15000 195957
15000 193622
15000 230501
15000 194027
15000 195441
15000 194373
15000 195585
15000 194822
15000 193638
15000 192810
15000 193079
15000 195187
15000 193046
15000 193948
15000 194465
15000 194643
15000 194601
15000 193670
15000 192352
15000 192349
15000 192956
15000 193617
15000 193291
15000 193949
15000 194026
15000 193515
15000 194088
15000 193339
15000 193105
15000 193639
15000 193004
15000 195513
15000 192968
15000 195389
15000 196332
15000 193674
15000 193224
15000 195348
15000 193912
15000 200276
15000 194050
15000 192852
15000 194187
15000 191973
15000 194376
15000 193291
15000 192706
15000 195727
15000 194459
15000 195980
15000 192858
15000 193024
15000 194391
15000 194661
15000 195868
15000 194412
15000 218020
15000 194074
15000 190671
15000 193692
15000 216900
15000 194987
15000 194761
15000 192637
15000 197092
15000 192693
15700 204063
15700 200721
15700 201813
15700 201097
15700 201084
15700 201830
15700 201570
15700 227360
15700 205213
15700 200722
15700 201169
15700 200160
15700 201947
15700 201225
15700 202394
15700 202906
15700 200443
15700 201174
15700 202113
15700 200515
15700 201867
15700 201307
15700 202350
15700 201805
15700 203891
15700 203340
15700 201733
15700 202805
15700 229085
15700 203037
15700 201757
15700 201625
15700 204688
15700 201516
15700 201608
15700 201136
15700 202433
15700 201577
15700 199919
15700 200576
15700 201441
15700 201703
15700 202935
15700 201440
15700 200170
15700 200743
15700 202798
15700 201397
15700 199067
15700 200108
15700 201884
15700 202542
15700 203042
15700 202606
15700 203149
15700 200647
15700 201105
15700 200667
15700 202318
15700 201262
15700 201024
15700 206470
15700 200246
15700 200521
15700 200892
15700 203765
15700 201848
15700 200857
15700 200861
15700 200285
15700 201127
15700 201984
15700 201783
15700 201244
15700 202590
15700 201340
15700 200369
15700 200866
15700 203280
15700 201059
15700 203219
15700 201990
15700 202589
15700 200880
15700 202444
15700 201174
15700 202035
15700 202449
15700 201005
15700 203686
15700 201705
15700 203165
15700 204105
15700 202947
15700 209494
15700 202157
15700 207622
15700 268147
15700 202842
15700 210244
16400 216128
16400 219095
16400 214257
16400 227006
16400 208459
16400 232396
16400 215349
16400 218576
16400 214036
16400 223269
16400 209352
16400 218904
16400 228939
16400 215186
16400 228019
16400 214939
16400 215827
16400 212450
16400 217132
16400 209198
16400 209066
16400 208717
16400 216056
16400 222944
16400 208286
16400 214185
16400 211405
16400 208130
16400 208409
16400 210511
16400 208291
16400 209407
16400 208708
16400 208184
16400 213153
16400 208737
16400 208061
16400 208303
16400 207969
16400 207706
16400 208796
16400 207061
16400 210469
16400 209518
16400 210437
16400 209420
16400 208595
16400 207409
16400 210066
16400 209859
16400 209290
16400 209920
16400 209699
16400 208551
16400 209126
16400 209251
16400 212025
16400 208597
16400 208712
16400 207819
16400 210381
16400 208934
16400 209160
16400 209628
16400 209923
16400 210021
16400 209309
16400 210072
16400 208905
16400 209632
16400 210238
16400 209749
16400 209981
16400 208390
16400 209582
16400 209524
16400 209040
16400 207957
16400 209096
16400 209635
16400 212419
16400 210258
16400 210763
16400 209288
16400 210559
16400 207829
16400 209048
16400 210108
16400 206981
16400 209727
16400 210840
16400 212985
16400 210353
16400 206898
16400 209891
16400 209299
16400 207856
16400 208236
16400 208763
16400 208501
17100 223265
17100 242066
17100 226057
17100 222465
17100 225547
17100 222105
17100 222472
17100 222760
17100 225344
17100 223984
17100 225893
17100 225009
17100 221103
17100 224354
17100 226494
17100 227147
17100 226422
17100 222659
17100 222713
17100 224904
17100 224357
17100 223631
17100 222776
17100 224029
17100 247750
17100 222890
17100 223213
17100 224097
17100 222812
17100 252209
17100 223577
17100 231790
17100 226570
17100 222987
17100 223030
17100 224543
17100 227341
17100 222324
17100 222402
17100 222943
17100 222859
17100 224933
17100 223837
17100 224871
17100 224000
17100 222408
17100 224463
17100 224183
17100 223799
17100 226031
17100 223079
17100 224454
17100 223497
17100 223858
17100 226470
17100 222066
17100 222768
17100 249178
17100 223874
17100 224230
17100 223676
17100 222820
17100 223778
17100 224227
17100 223546
17100 222667
17100 223747
17100 224168
17100 223505
17100 223250
17100 222686
17100 223906
17100 220676
17100 225106
17100 228484
17100 225354
17100 224726
17100 222597
17100 224181
17100 221922
17100 222239
17100 225131
17100 224134
17100 224183
17100 222416
17100 223822
17100 274775
17100 225085
17100 222396
17100 224402
17100 222695
17100 224607
17100 225570
17100 223099
17100 224013
17100 223664
17100 222941
17100 223153
17100 241482
17100 222800
17800 236620
17800 239575
17800 235917
17800 233466
17800 235278
17800 233726
17800 234358
17800 236215
17800 236584
17800 236613
17800 236835
17800 235480
17800 235967
17800 238408
17800 236077
17800 233793
17800 232887
17800 264894
17800 233482
17800 233773
17800 241178
17800 234138
17800 234783
17800 233517
17800 234663
17800 232966
17800 236830
17800 237029
17800 236127
17800 235071
17800 233692
17800 237501
17800 233035
17800 234039
17800 244111
17800 235304
17800 236803
17800 268352
17800 236383
17800 241949
17800 242692
17800 241615
17800 242654
17800 241838
17800 261702
17800 249145
17800 249044
17800 249158
17800 252830
17800 249724
17800 249018
17800 255296
17800 281404
17800 250080
17800 249108
17800 249394
17800 236526
17800 232385
17800 237418
17800 244804
17800 263944
17800 239061
17800 236212
17800 235747
17800 234410
17800 234852
17800 234527
17800 237019
17800 233678
17800 236198
17800 235142
17800 235069
17800 234512
17800 234848
17800 234307
17800 235214
17800 273315
17800 233547
17800 235320
17800 238595
17800 236126
17800 238855
17800 232901
17800 235168
17800 234356
17800 233728
17800 234512
17800 235006
17800 237232
17800 233460
17800 234756
17800 233030
17800 237385
17800 234180
17800 236981
17800 235578
17800 234476
17800 232679
17800 235203
17800 238862
18500 239492
18500 244814
18500 240587
18500 249315
18500 241260
18500 241581
18500 244023
18500 246702
18500 242088
18500 241095
18500 239800
18500 245219
18500 241788
18500 240888
18500 241891
18500 241146
18500 242525
18500 240911
18500 243731
18500 244230
18500 240126
18500 256688
18500 241853
18500 242656
18500 244023
18500 242759
18500 243203
18500 290333
18500 241285
18500 242078
18500 243777
18500 244700
18500 239069
18500 240069
18500 241191
18500 244988
18500 241849
18500 242595
18500 241465
18500 241713
18500 242074
18500 244373
18500 243748
18500 241552
18500 240603
18500 241102
18500 244922
18500 240917
18500 242994
18500 242119
18500 240704
18500 240715
18500 241208
18500 244637
18500 243071
18500 240058
18500 242625
18500 243589
18500 244330
18500 246589
18500 245353
18500 246834
18500 243114
18500 246920
18500 241533
18500 243966
18500 244837
18500 244776
18500 245394
18500 243461
18500 242291
18500 242404
18500 240141
18500 241651
18500 244097
18500 243158
18500 243402
18500 242614
18500 241344
18500 240903
18500 240253
18500 240767
18500 243708
18500 241234
18500 239893
18500 241314
18500 238680
18500 245154
18500 242236
18500 239782
18500 264833
18500 243043
18500 246536
18500 241113
18500 276096
18500 243188
18500 241046
18500 242147
18500 241961
18500 241160
19200 260431
19200 260674
19200 262777
19200 260663
19200 261748
19200 260127
19200 260348
19200 260428
19200 259768
19200 258209
19200 261215
19200 262082
19200 260415
19200 274513
19200 270637
19200 260838
19200 259058
19200 259128
19200 261950
19200 263474
19200 261313
19200 260331
19200 259517
19200 261262
19200 260369
19200 260663
19200 260307
19200 259158
19200 260025
19200 260021
19200 261700
19200 260033
19200 261957
19200 260046
19200 259526
19200 261103
19200 259084
19200 261538
19200 261629
19200 262562
19200 261234
19200 262296
19200 262509
19200 260785
19200 261257
19200 260447
19200 261907
19200 258706
19200 258950
19200 259510
19200 262988
19200 259146
19200 261913
19200 258483
19200 262362
19200 260511
19200 265934
19200 263161
19200 261048
19200 263084
19200 264687
19200 262460
19200 264086
19200 262502
19200 260688
19200 259435
19200 260218
19200 258488
19200 260502
19200 261259
19200 262498
19200 281787
19200 262373
19200 266111
19200 264062
19200 290884
19200 263317
19200 302196
19200 270797
19200 268438
19200 263276
19200 262360
19200 261644
19200 262942
19200 261746
19200 263116
19200 262134
19200 261146
19200 261525
19200 259555
19200 265778
19200 260749
19200 265409
19200 259277
19200 262741
19200 264558
19200 261233
19200 262713
19200 261172
19200 264543
19900 268779
19900 266712
19900 267270
19900 268478
19900 268566
19900 266968
19900 269853
19900 268423
19900 269742
19900 269928
19900 267400
19900 269391
19900 266929
19900 271593
19900 268860
19900 269873
19900 269485
19900 266743
19900 270792
19900 269355
19900 268788
19900 271314
19900 270184
19900 269640
19900 267840
19900 268672
19900 311533
19900 269978
19900 270312
19900 269351
19900 273009
19900 267784
19900 271362
19900 269544
19900 268420
19900 267060
19900 269080
19900 268527
19900 268138
19900 267227
19900 272210
19900 266686
19900 299283
19900 278198
19900 285356
19900 289093
19900 288910
19900 272473
19900 267948
19900 284145
19900 269507
19900 269394
19900 266931
19900 270055
19900 270650
19900 270292
19900 269999
19900 267636
19900 266797
19900 271355
19900 269979
19900 277215
19900 270133
19900 268730
19900 270117
19900 269036
19900 269611
19900 271473
19900 269932
19900 268486
19900 267528
19900 267788
19900 269688
19900 269629
19900 269452
19900 268701
19900 268690
19900 271495
19900 270443
19900 268787
19900 268775
19900 269982
19900 268406
19900 271769
19900 271919
19900 268842
19900 266878
19900 269279
19900 269595
19900 267189
19900 270939
19900 268897
19900 268356
19900 267914
19900 268511
19900 269702
19900 267066
19900 264075
19900 272485
19900 272696
20600 273760
20600 277556
20600 294005
20600 276567
20600 277040
20600 278180
20600 277584
20600 293366
20600 274840
20600 272920
20600 276324
20600 272719
20600 274214
20600 273482
20600 273222
20600 275629
20600 280269
20600 272366
20600 277356
20600 279613
20600 278331
20600 275796
20600 271916
20600 274609
20600 272562
20600 273878
20600 273275
20600 276868
20600 273954
20600 273714
20600 273743
20600 275840
20600 276801
20600 277142
20600 275012
20600 275402
20600 271766
20600 269410
20600 276876
20600 274825
20600 276817
20600 275857
20600 285843
20600 273160
20600 277856
20600 280172
20600 272048
20600 273545
20600 276188
20600 274785
20600 272527
20600 274225
20600 270143
20600 277025
20600 273360
20600 271616
20600 272885
20600 273509
20600 273813
20600 276304
20600 276551
20600 285225
20600 276876
20600 279144
20600 273252
20600 273683
20600 274239
20600 275379
20600 276574
20600 278778
20600 273467
20600 276883
20600 274119
20600 278398
20600 273773
20600 275191
20600 271547
20600 273814
20600 271228
20600 272975
20600 273057
20600 279661
20600 274904
20600 276203
20600 277411
20600 273151
20600 274269
20600 273383
20600 274225
20600 275241
20600 305347
20600 290875
20600 279536
20600 281527
20600 273955
20600 306277
20600 275073
20600 282124
20600 294885
20600 301967
21300 301833
21300 300218
21300 310517
21300 314533
21300 298130
21300 311755
21300 316408
21300 293580
21300 292208
21300 293300
21300 294980
21300 290172
21300 291846
21300 289770
21300 291545
21300 291872
21300 291064
21300 290683
21300 291218
21300 293112
21300 289655
21300 291971
21300 295211
21300 294840
21300 295357
21300 294049
21300 292916
21300 289969
21300 290708
21300 292555
21300 289819
21300 294118
21300 290072
21300 292352
21300 286480
21300 291257
21300 290667
21300 291612
21300 289581
21300 289028
21300 290026
21300 290546
21300 289982
21300 290040
21300 316140
21300 291151
21300 291737
21300 295706
21300 292324
21300 292162
21300 293472
21300 290994
21300 291193
21300 295483
21300 290109
21300 291217
21300 291095
21300 292698
21300 321017
21300 294972
21300 289742
21300 290062
21300 297169
21300 308164
21300 290394
21300 293800
21300 289926
21300 289630
21300 290025
21300 289127
21300 291453
21300 290901
21300 293198
21300 290530
21300 292273
21300 292821
21300 290527
21300 295037
21300 292084
21300 291059
21300 289679
21300 299686
21300 293814
21300 290108
21300 289742
21300 290554
21300 296128
21300 292218
21300 290815
21300 290212
21300 308379
21300 291432
21300 294259
21300 288318
21300 291607
21300 292573
21300 290671
21300 292950
21300 294789
21300 290087
22000 302230
22000 300409
22000 299258
22000 301476
22000 300129
22000 302343
22000 299630
22000 299014
22000 304034
22000 301381
22000 300563
22000 302509
22000 302110
22000 302596
22000 300434
22000 304108
22000 299919
22000 297659
22000 303620
22000 299856
22000 301402
22000 301094
22000 302232
22000 308920
22000 299153
22000 299406
22000 300373
22000 303085
22000 358421
22000 298597
22000 300031
22000 304010
22000 298518
22000 300460
22000 302719
22000 298409
22000 298547
22000 300575
22000 300448
22000 300344
22000 301053
22000 300130
22000 298204
22000 307477
22000 299398
22000 303975
22000 303085
22000 301219
22000 300146
22000 300253
22000 302630
22000 300769
22000 297413
22000 331260
22000 299489
22000 301330
22000 301702
22000 301798
22000 299715
22000 305766
22000 335692
22000 302273
22000 301461
22000 299633
22000 319392
22000 300622
22000 300025
22000 299214
22000 299516
22000 304756
22000 301997
22000 297377
22000 303644
22000 298931
22000 304710
22000 304914
22000 300393
22000 299663
22000 305420
22000 302909
22000 303883
22000 302463
22000 300340
22000 299700
22000 302620
22000 299764
22000 306518
22000 300304
22000 300817
22000 298480
22000 301979
22000 302017
22000 306795
22000 300907
22000 301293
22000 298435
22000 300246
22000 301491
22000 304090
22000 303677
22700 311260
22700 308086
22700 328047
22700 320051
22700 317379
22700 322474
22700 319158
22700 362484
22700 326069
22700 327404
22700 326705
22700 333195
22700 327488
22700 335476
22700 326769
22700 326696
22700 328630
22700 326697
22700 329683
22700 326543
22700 328562
22700 328686
22700 328263
22700 336806
22700 332538
22700 330383
22700 328167
22700 330269
22700 325101
22700 328246
22700 332905
22700 310716
22700 324248
22700 308615
22700 307463
22700 307449
22700 306859
22700 315058
22700 309049
22700 307420
22700 313495
22700 309236
22700 316539
22700 308906
22700 311049
22700 306919
22700 313734
22700 318324
22700 311416
22700 314687
22700 314701
22700 309597
22700 314731
22700 303296
22700 310146
22700 310091
22700 309007
22700 307024
22700 310333
22700 311867
22700 310731
22700 308378
22700 312555
22700 305828
22700 310806
22700 306070
22700 304456
22700 311538
22700 310716
22700 315225
22700 305789
22700 305208
22700 312830
22700 307978
22700 314099
22700 309736
22700 313846
22700 309722
22700 308438
22700 310968
22700 307786
22700 303677
22700 308013
22700 311546
22700 313995
22700 328225
22700 377280
22700 397723
22700 388158
22700 387140
22700 396900
22700 385874
22700 386912
22700 396875
22700 364075
22700 350449
22700 353391
22700 351786
22700 347639
22700 340482
23400 356548
23400 361337
23400 358083
23400 359785
23400 436569
23400 359246
23400 357094
23400 355806
23400 325853
23400 330063
23400 330567
23400 329347
23400 325061
23400 331169
23400 326382
23400 326604
23400 328638
23400 327902
23400 325771
23400 324920
23400 330548
23400 327995
23400 327267
23400 326558
23400 327907
23400 327395
23400 328618
23400 330597
23400 327993
23400 326627
23400 325964
23400 329109
23400 327536
23400 330871
23400 339236
23400 322566
23400 328350
23400 328656
23400 331262
23400 329381
23400 327541
23400 328363
23400 328845
23400 329022
23400 326817
23400 328320
23400 331092
23400 329435
23400 327006
23400 325273
23400 326864
23400 325901
23400 331089
23400 325374
23400 325912
23400 345916
23400 325958
23400 327426
23400 327889
23400 328890
23400 324484
23400 324316
23400 328523
23400 327185
23400 329410
23400 325806
23400 327526
23400 327020
23400 326400
23400 327462
23400 334434
23400 325266
23400 328973
23400 325083
23400 330395
23400 327134
23400 328776
23400 329289
23400 327837
23400 358564
23400 327229
23400 328950
23400 326024
23400 328460
23400 354280
23400 332683
23400 331752
23400 325720
23400 325493
23400 331012
23400 327633
23400 328145
23400 330018
23400 329797
23400 325485
23400 337572
23400 330826
23400 328419
23400 325952
23400 329614
24100 335160
24100 333061
24100 345200
24100 348103
24100 359908
24100 358799
24100 357693
24100 353798
24100 360110
24100 353849
24100 349204
24100 344525
24100 356585
24100 349655
24100 360456
24100 341452
24100 342592
24100 344307
24100 342455
24100 333165
24100 337058
24100 335293
24100 335528
24100 334199
24100 338555
24100 332881
24100 335281
24100 332797
24100 339390
24100 337226
24100 332916
24100 333675
24100 336210
24100 337154
24100 332918
24100 333221
24100 333202
24100 334446
24100 335258
24100 333069
24100 333170
24100 332885
24100 331430
24100 333320
24100 330897
24100 335819
24100 429596
24100 332820
24100 337000
24100 357933
24100 331256
24100 335640
24100 335710
24100 331982
24100 334187
24100 332166
24100 332098
24100 334863
24100 338341
24100 334252
24100 335760
24100 335636
24100 333431
24100 333289
24100 354683
24100 332125
24100 333721
24100 334962
24100 328995
24100 336714
24100 334735
24100 334837
24100 333091
24100 336052
24100 334780
24100 334423
24100 333357
24100 332226
24100 331719
24100 332848
24100 331781
24100 332952
24100 335852
24100 334538
24100 332541
24100 338196
24100 334853
24100 334168
24100 335145
24100 340094
24100 335639
24100 333034
24100 333925
24100 333084
24100 332736
24100 336189
24100 334880
24100 333755
24100 334591
24100 334591
24800 336885
24800 343435
24800 335360
24800 338903
24800 336196
24800 339401
24800 336505
24800 341109
24800 336935
24800 337201
24800 338450
24800 339503
24800 347641
24800 338567
24800 336887
24800 339638
24800 339649
24800 338053
24800 337589
24800 336708
24800 341632
24800 340596
24800 334818
24800 337749
24800 338649
24800 339821
24800 334808
24800 335332
24800 337382
24800 338384
24800 337740
24800 340060
24800 339601
24800 341137
24800 335814
24800 335872
24800 341097
24800 339542
24800 336835
24800 334590
24800 336463
24800 338200
24800 337152
24800 335935
24800 337838
24800 335901
24800 339122
24800 342263
24800 335280
24800 337755
24800 341683
24800 339141
24800 371007
24800 337370
24800 341766
24800 338685
24800 334930
24800 338736
24800 338741
24800 337128
24800 336119
24800 338667
24800 337841
24800 341401
24800 342257
24800 337266
24800 336381
24800 335909
24800 336370
24800 338688
24800 336418
24800 339177
24800 339685
24800 341624
24800 342340
24800 338425
24800 337048
24800 340859
24800 341126
24800 340375
24800 338845
24800 340480
24800 336862
24800 337426
24800 336862
24800 337837
24800 340955
24800 335912
24800 336513
24800 336617
24800 337649
24800 339699
24800 335892
24800 335066
24800 338524
24800 348218
24800 347104
24800 346989
24800 380519
24800 347955
25500 352179
25500 352536
25500 350328
25500 355471
25500 356274
25500 359560
25500 354785
25500 364756
25500 363538
25500 361557
25500 371368
25500 364852
25500 367630
25500 363709
25500 362718
25500 357832
25500 346756
25500 344583
25500 341930
25500 342486
25500 342252
25500 341286
25500 346070
25500 341850
25500 345098
25500 342019
25500 341525
25500 343304
25500 345120
25500 344200
25500 345919
25500 343813
25500 346079
25500 346436
25500 346126
25500 346250
25500 348854
25500 339139
25500 341700
25500 345871
25500 347306
25500 346276
25500 344002
25500 341690
25500 346574
25500 349890
25500 339470
25500 341456
25500 344365
25500 371521
25500 341373
25500 342269
25500 345703
25500 344164
25500 342635
25500 344327
25500 348605
25500 343235
25500 341174
25500 341855
25500 343799
25500 342868
25500 344495
25500 344646
25500 342098
25500 347916
25500 341789
25500 344438
25500 348520
25500 341317
25500 347277
25500 346788
25500 339710
25500 344608
25500 342653
25500 344300
25500 347711
25500 346047
25500 341371
25500 349947
25500 343803
25500 346348
25500 343882
25500 344233
25500 351263
25500 344248
25500 342372
25500 343583
25500 343606
25500 346109
25500 344795
25500 341025
25500 346331
25500 344148
25500 344058
25500 342788
25500 341714
25500 343721
25500 342516
25500 340088
26200 348196
26200 351630
26200 347724
26200 351092
26200 346674
26200 346595
26200 350526
26200 347867
26200 352377
26200 349178
26200 347319
26200 349841
26200 348769
26200 368328
26200 350046
26200 351346
26200 348118
26200 349325
26200 348836
26200 345858
26200 348168
26200 351423
26200 349496
26200 349770
26200 349782
26200 350664
26200 349029
26200 348710
26200 347925
26200 370351
26200 349037
26200 350920
26200 351346
26200 346905
26200 349784
26200 350336
26200 346427
26200 351017
26200 350692
26200 352002
26200 348918
26200 352608
26200 353473
26200 352063
26200 360412
26200 348947
26200 346745
26200 350789
26200 352143
26200 346202
26200 349727
26200 371396
26200 347826
26200 355978
26200 346956
26200 349785
26200 348335
26200 380604
26200 348484
26200 349397
26200 348854
26200 350288
26200 356881
26200 348349
26200 351911
26200 355616
26200 352550
26200 346964
26200 347219
26200 350706
26200 347296
26200 349144
26200 349215
26200 349640
26200 348243
26200 349824
26200 347718
26200 349593
26200 353123
26200 348638
26200 345561
26200 349556
26200 350823
26200 350914
26200 356115
26200 348294
26200 353919
26200 346630
26200 353445
26200 354067
26200 350713
26200 365359
26200 361559
26200 361947
26200 357997
26200 365646
26200 359491
26200 357619
26200 348326
26200 347625
26900 355581
26900 356489
26900 351995
26900 352894
26900 360424
26900 353994
26900 353937
26900 353548
26900 358107
26900 352212
26900 360703
26900 357754
26900 356764
26900 353823
26900 354898
26900 351343
26900 351611
26900 387257
26900 355247
26900 352407
26900 354138
26900 354512
26900 354828
26900 356059
26900 354071
26900 354895
26900 352598
26900 354608
26900 356652
26900 359887
26900 354603
26900 352498
26900 354264
26900 352336
26900 353823
26900 354033
26900 353623
26900 354610
26900 352666
26900 354998
26900 354571
26900 355855
26900 351998
26900 357504
26900 356629
26900 358842
26900 357182
26900 355357
26900 381149
26900 356975
26900 356242
26900 353585
26900 356405
26900 353688
26900 356654
26900 354558
26900 354525
26900 354757
26900 354094
26900 359882
26900 355795
26900 358156
26900 355895
26900 355969
26900 353010
26900 353977
26900 353254
26900 350938
26900 354486
26900 356552
26900 373375
26900 357319
26900 354167
26900 357149
26900 353638
26900 354171
26900 353936
26900 352958
26900 355682
26900 354920
26900 355547
26900 354663
26900 360103
26900 352942
26900 357020
26900 353559
26900 355795
26900 350899
26900 354103
26900 353604
26900 357320
26900 354392
26900 351412
26900 356207
26900 357641
26900 353795
26900 353969
26900 356517
26900 351611
26900 358382
27600 359392
27600 363272
27600 358524
27600 361203
27600 362429
27600 361122
27600 360308
27600 361644
27600 357074
27600 359789
27600 370659
27600 360511
27600 360700
27600 364518
27600 360751
27600 361461
27600 361599
27600 374881
27600 358304
27600 362940
27600 364047
27600 359692
27600 362983
27600 362711
27600 359848
27600 360511
27600 360767
27600 360476
27600 362085
27600 367087
27600 366135
27600 357366
27600 391840
27600 363717
27600 358820
27600 387148
27600 367976
27600 359094
27600 359317
27600 359852
27600 364158
27600 361006
27600 361297
27600 359324
27600 358464
27600 360951
27600 360052
27600 383570
27600 359847
27600 364727
27600 378841
27600 360020
27600 363279
27600 361041
27600 361349
27600 362662
27600 357528
27600 364234
27600 363244
27600 359800
27600 359240
27600 362600
27600 362842
27600 360359
27600 360350
27600 363585
27600 364043
27600 360557
27600 360245
27600 364102
27600 361123
27600 360289
27600 360557
27600 367456
27600 363537
27600 359410
27600 366467
27600 398111
27600 376164
27600 361368
27600 389717
27600 374213
27600 375079
27600 359130
27600 366233
27600 361642
27600 360986
27600 362056
27600 358165
27600 384174
27600 358864
27600 359544
27600 359395
27600 361294
27600 358577
27600 365824
27600 359716
27600 359234
27600 361601
27600 362953
28300 365507
28300 367635
28300 369281
28300 370781
28300 368822
28300 363788
28300 365896
28300 365124
28300 366960
28300 370175
28300 367152
28300 369348
28300 366447
28300 366177
28300 367737
28300 365357
28300 368581
28300 368363
28300 365811
28300 367623
28300 366862
28300 366760
28300 364431
28300 365816
28300 367255
28300 371745
28300 364633
28300 364615
28300 368503
28300 369915
28300 367772
28300 370414
28300 362660
28300 370166
28300 369252
28300 367316
28300 370962
28300 370651
28300 369617
28300 367335
28300 365761
28300 367313
28300 366742
28300 367067
28300 366233
28300 364314
28300 366512
28300 368207
28300 369496
28300 366851
28300 369947
28300 371740
28300 367200
28300 365752
28300 366456
28300 370238
28300 368181
28300 365908
28300 366822
28300 365320
28300 367591
28300 369421
28300 385645
28300 370044
28300 369110
28300 411310
28300 367811
28300 366272
28300 367233
28300 366453
28300 369747
28300 368434
28300 362808
28300 368302
28300 365049
28300 369804
28300 365554
28300 366012
28300 378956
28300 365731
28300 391273
28300 366560
28300 367912
28300 385826
28300 365331
28300 366342
28300 393033
28300 364322
28300 366746
28300 365850
28300 366928
28300 366376
28300 366023
28300 366395
28300 371032
28300 368026
28300 369196
28300 366776
28300 371219
28300 364833
29000 375444
29000 374933
29000 373877
29000 371294
29000 376277
29000 369094
29000 373083
29000 372035
29000 370309
29000 370672
29000 406321
29000 371991
29000 377175
29000 385935
29000 373405
29000 374672
29000 370894
29000 372417
29000 374776
29000 371921
29000 374865
29000 375476
29000 371356
29000 374568
29000 375721
29000 371950
29000 384108
29000 371472
29000 375297
29000 377780
29000 374220
29000 373740
29000 371732
29000 376109
29000 374206
29000 372959
29000 372627
29000 371804
29000 375397
29000 371177
29000 375688
29000 373176
29000 377721
29000 373655
29000 375173
29000 373205
29000 374810
29000 374381
29000 372590
29000 371626
29000 373261
29000 374329
29000 470768
29000 371165
29000 372449
29000 372637
29000 373633
29000 385354
29000 384205
29000 396421
29000 388544
29000 383069
29000 400351
29000 372282
29000 372333
29000 373400
29000 374220
29000 378172
29000 373433
29000 369851
29000 371602
29000 371389
29000 376220
29000 372545
29000 395126
29000 415136
29000 369995
29000 372965
29000 391128
29000 376050
29000 372424
29000 413855
29000 375255
29000 371777
29000 373275
29000 372506
29000 372677
29000 374765
29000 373322
29000 373638
29000 373211
29000 378754
29000 372648
29000 371304
29000 371674
29000 376257
29000 393727
29000 372211
29000 374084
29000 393751
29700 380659
29700 381474
29700 378350
29700 379605
29700 378029
29700 380627
29700 382260
29700 381805
29700 380269
29700 382037
29700 380381
29700 380271
29700 381850
29700 382037
29700 379390
29700 385386
29700 381505
29700 381212
29700 381099
29700 383123
29700 380042
29700 380610
29700 439672
29700 382507
29700 380380
29700 377751
29700 380895
29700 379622
29700 379331
29700 383459
29700 380328
29700 379667
29700 378873
29700 381833
29700 384408
29700 382751
29700 378058
29700 376319
29700 380549
29700 382193
29700 378351
29700 378800
29700 379750
29700 385472
29700 381390
29700 383503
29700 381394
29700 380877
29700 377093
29700 380961
29700 384645
29700 382507
29700 411469
29700 380674
29700 387315
29700 407229
29700 382674
29700 379240
29700 417856
29700 382896
29700 380385
29700 384894
29700 379060
29700 379680
29700 396818
29700 379385
29700 380590
29700 396952
29700 384492
29700 382970
29700 380128
29700 379808
29700 379544
29700 378823
29700 375915
29700 380981
29700 376148
29700 378581
29700 381085
29700 378850
29700 380590
29700 379150
29700 385685
29700 378918
29700 378458
29700 382375
29700 382750
29700 383640
29700 384041
29700 381180
29700 405933
29700 380815
29700 378801
29700 377919
29700 380980
29700 385532
29700 381367
29700 381508
29700 379829
29700 379202
30400 388962
30400 390451
30400 386552
30400 389702
30400 386825
30400 386490
30400 391180
30400 385879
30400 386048
30400 386824
30400 387924
30400 388965
30400 385429
30400 388589
30400 389896
30400 386916
30400 391059
30400 389234
30400 405580
30400 423906
30400 387590
30400 389075
30400 386975
30400 387482
30400 386400
30400 387896
30400 383211
30400 414776
30400 393505
30400 390083
30400 385067
30400 419882
30400 388646
30400 383401
30400 385693
30400 390648
30400 402431
30400 385601
30400 386274
30400 385253
30400 391356
30400 402522
30400 397236
30400 422636
30400 390783
30400 388242
30400 390139
30400 385379
30400 384268
30400 386874
30400 438092
30400 387932
30400 385268
30400 388706
30400 391400
30400 389419
30400 386595
30400 384411
30400 384588
30400 393021
30400 387626
30400 387313
30400 389359
30400 386791
30400 383034
30400 382971
30400 386836
30400 386896
30400 386349
30400 387730
30400 387169
30400 387124
30400 389950
30400 387534
30400 389505
30400 386795
30400 386642
30400 422590
30400 388536
30400 413083
30400 388774
30400 385996
30400 387794
30400 385990
30400 387659
30400 389023
30400 388923
30400 386099
30400 386274
30400 387018
30400 385681
30400 385100
30400 390742
30400 384381
30400 391594
30400 389791
30400 389301
30400 386021
30400 385837
30400 389462
31100 401564
31100 394560
31100 396699
31100 397038
31100 397521
31100 426307
31100 395772
31100 395646
31100 395355
31100 398258
31100 396308
31100 396603
31100 395589
31100 396697
31100 394505
31100 390825
31100 397050
31100 396207
31100 393863
31100 396145
31100 397790
31100 395132
31100 393315
31100 392956
31100 395737
31100 400653
31100 396890
31100 396221
31100 409120
31100 401017
31100 398137
31100 396590
31100 396490
31100 398639
31100 395531
31100 398498
31100 402084
31100 399284
31100 397604
31100 393671
31100 401047
31100 392310
31100 396097
31100 393134
31100 396253
31100 401791
31100 397235
31100 395651
31100 402888
31100 396180
31100 396669
31100 396121
31100 398462
31100 395063
31100 417496
31100 396093
31100 393034
31100 399008
31100 399575
31100 399490
31100 392119
31100 395812
31100 396815
31100 397709
31100 397896
31100 398700
31100 400111
31100 396761
31100 402418
31100 395428
31100 397094
31100 401078
31100 398235
31100 399078
31100 396754
31100 399010
31100 399660
31100 396421
31100 396673
31100 394940
31100 391255
31100 398180
31100 395727
31100 395728
31100 398253
31100 397778
31100 397352
31100 396180
31100 396497
31100 395316
31100 396137
31100 403949
31100 395861
31100 396972
31100 394411
31100 397988
31100 394620
31100 396071
31100 399206
31100 396473
31800 402402
31800 401128
31800 404327
31800 482521
31800 413031
31800 414319
31800 433643
31800 405821
31800 403513
31800 401709
31800 441966
31800 415781
31800 402453
31800 405752
31800 403462
31800 398354
31800 403277
31800 411031
31800 405007
31800 401631
31800 402327
31800 404199
31800 401887
31800 404348
31800 405272
31800 403992
31800 403593
31800 435010
31800 403491
31800 403863
31800 404092
31800 400764
31800 399423
31800 402192
31800 406716
31800 405944
31800 404136
31800 405023
31800 402267
31800 403196
31800 405496
31800 401850
31800 404487
31800 403900
31800 403038
31800 404691
31800 401943
31800 433512
31800 400163
31800 404129
31800 401392
31800 404449
31800 406259
31800 402100
31800 404475
31800 402965
31800 403779
31800 403048
31800 427203
31800 404533
31800 403564
31800 406213
31800 406384
31800 404581
31800 404284
31800 402509
31800 403472
31800 401776
31800 404521
31800 405275
31800 401312
31800 403735
31800 403298
31800 405146
31800 405735
31800 404332
31800 400563
31800 402387
31800 402331
31800 404737
31800 403899
31800 402450
31800 403330
31800 406095
31800 405153
31800 407323
31800 429999
31800 404818
31800 403751
31800 405189
31800 407997
31800 405007
31800 405416
31800 405023
31800 401382
31800 405510
31800 406971
31800 405858
31800 403431
31800 400130
32500 430315
32500 410011
32500 409500
32500 411091
32500 413505
32500 410178
32500 413624
32500 410089
32500 409047
32500 411602
32500 411098
32500 431781
32500 411466
32500 409656
32500 407788
32500 408310
32500 411875
32500 412248
32500 409534
32500 415698
32500 408458
32500 410733
32500 436716
32500 466102
32500 410644
32500 410691
32500 410114
32500 413973
32500 413886
32500 414471
32500 413171
32500 410387
32500 409147
32500 413646
32500 407950
32500 409317
32500 408572
32500 410963
32500 413116
32500 410048
32500 409842
32500 411631
32500 412936
32500 411648
32500 416616
32500 409682
32500 410256
32500 414794
32500 411856
32500 411627
32500 409564
32500 406296
32500 412661
32500 410037
32500 411839
32500 423754
32500 411115
32500 409012
32500 410645
32500 408336
32500 409800
32500 409401
32500 409114
32500 413400
32500 413720
32500 413113
32500 445093
32500 416078
32500 409990
32500 413365
32500 415370
32500 411331
32500 411618
32500 442729
32500 430102
32500 411595
32500 412452
32500 410796
32500 411116
32500 411134
32500 413065
32500 413907
32500 411738
32500 410861
32500 409375
32500 411702
32500 412077
32500 408889
32500 417375
32500 415896
32500 411167
32500 409297
32500 411228
32500 410946
32500 407753
32500 409400
32500 410908
32500 410625
32500 412396
32500 410635
33200 424832
33200 427767
33200 423980
33200 478570
33200 424056
33200 424551
33200 457324
33200 426481
33200 423716
33200 424413
33200 422091
33200 425086
33200 424974
33200 423979
33200 424763
33200 425032
33200 427311
33200 426766
33200 426391
33200 424380
33200 424638
33200 424194
33200 423632
33200 446441
33200 424790
33200 422866
33200 425600
33200 423950
33200 423933
33200 423355
33200 425042
33200 468704
33200 421265
33200 424766
33200 425244
33200 425177
33200 427077
33200 424161
33200 427140
33200 425471
33200 426222
33200 426256
33200 428247
33200 427002
33200 425457
33200 423232
33200 424670
33200 427256
33200 421935
33200 425536
33200 426226
33200 425337
33200 428833
33200 422990
33200 424643
33200 423996
33200 426790
33200 423505
33200 429103
33200 426044
33200 425651
33200 425785
33200 454838
33200 434096
33200 423244
33200 428923
33200 424625
33200 424579
33200 423213
33200 428751
33200 422795
33200 446191
33200 422620
33200 424582
33200 424279
33200 423936
33200 424067
33200 425240
33200 426406
33200 426863
33200 425990
33200 424206
33200 422659
33200 423600
33200 422088
33200 422997
33200 425984
33200 455252
33200 425871
33200 424989
33200 424618
33200 423568
33200 426454
33200 424704
33200 424249
33200 421694
33200 425061
33200 425384
33200 424504
33200 423501
33900 433376
33900 436554
33900 436195
33900 433120
33900 437522
33900 439303
33900 435561
33900 434646
33900 435334
33900 435678
33900 436129
33900 434561
33900 436236
33900 434591
33900 433966
33900 435310
33900 435591
33900 438553
33900 436223
33900 435439
33900 436886
33900 434643
33900 436683
33900 436413
33900 436611
33900 435214
33900 438377
33900 435411
33900 440359
33900 438259
33900 464759
33900 439001
33900 446268
33900 436254
33900 435637
33900 434708
33900 433767
33900 436211
33900 437111
33900 436991
33900 435560
33900 438559
33900 441177
33900 432928
33900 433512
33900 434574
33900 435349
33900 438584
33900 433079
33900 440990
33900 437844
33900 433958
33900 435771
33900 432522
33900 436765
33900 439505
33900 437026
33900 434687
33900 435564
33900 433112
33900 434433
33900 433824
33900 440984
33900 440338
33900 436220
33900 434185
33900 436178
33900 433528
33900 434153
33900 437574
33900 436683
33900 434174
33900 437988
33900 435972
33900 457258
33900 436176
33900 434782
33900 436850
33900 437665
33900 436865
33900 436373
33900 437303
33900 454039
33900 433675
33900 434559
33900 437683
33900 435823
33900 435045
33900 433715
33900 434658
33900 452878
33900 502637
33900 436130
33900 434132
33900 434280
33900 436312
33900 434255
33900 436787
33900 433841
33900 435185
34600 445597
34600 443522
34600 447688
34600 476547
34600 446381
34600 441826
34600 444099
34600 442583
34600 443278
34600 443435
34600 443126
34600 446730
34600 448754
34600 444672
34600 445526
34600 447048
34600 460065
34600 449543
34600 440403
34600 441876
34600 444339
34600 444394
34600 443485
34600 452349
34600 443101
34600 442623
34600 442291
34600 443188
34600 447353
34600 466210
34600 444416
34600 447490
34600 444082
34600 442697
34600 447991
34600 444309
34600 447812
34600 445818
34600 447454
34600 444570
34600 445356
34600 443206
34600 444707
34600 442599
34600 442938
34600 440735
34600 444505
34600 441837
34600 444167
34600 446309
34600 442351
34600 444624
34600 445387
34600 443295
34600 445333
34600 445363
34600 445264
34600 442955
34600 444346
34600 445987
34600 444158
34600 443930
34600 443139
34600 440785
34600 444658
34600 442948
34600 445374
34600 445143
34600 466109
34600 444077
34600 442280
34600 444773
34600 444408
34600 442229
34600 442990
34600 444548
34600 445109
34600 441018
34600 442833
34600 441750
34600 443341
34600 445127
34600 440840
34600 482343
34600 445382
34600 445065
34600 447018
34600 472389
34600 457941
34600 455766
34600 470749
34600 468162
34600 469034
34600 471680
34600 472404
34600 471681
34600 478337
34600 491682
34600 473718
34600 473177
35300 484647
35300 485275
35300 482532
35300 486198
35300 486656
35300 482920
35300 487969
35300 485993
35300 483781
35300 486682
35300 485751
35300 497536
35300 497082
35300 484298
35300 488289
35300 485888
35300 482832
35300 499479
35300 514286
35300 502491
35300 502640
35300 501449
35300 505903
35300 484185
35300 468150
35300 476554
35300 469960
35300 471368
35300 471189
35300 473704
35300 495824
35300 473045
35300 474971
35300 476603
35300 471187
35300 469804
35300 469799
35300 472820
35300 594812
35300 456801
35300 456697
35300 474483
35300 471646
35300 484116
35300 455828
35300 454924
35300 465891
35300 460040
35300 456233
35300 457438
35300 454600
35300 457252
35300 459513
35300 457628
35300 459408
35300 455772
35300 454228
35300 454939
35300 456829
35300 455305
35300 455491
35300 456519
35300 491163
35300 459212
35300 454613
35300 458164
35300 453093
35300 454992
35300 453464
35300 456934
35300 458643
35300 459517
35300 460344
35300 460116
35300 457585
35300 455091
35300 456455
35300 459425
35300 459170
35300 459771
35300 474804
35300 455557
35300 456564
35300 454875
35300 454274
35300 456532
35300 458417
35300 460203
35300 458116
35300 453568
35300 457587
35300 456385
35300 457078
35300 458429
35300 456145
35300 456818
35300 454660
35300 455590
35300 457627
35300 456364
