1000 15377
1000 12646
1000 12461
1000 12035
1000 12065
1000 12496
1000 11834
1000 12613
1000 12419
1000 12424
1000 12555
1000 11959
1000 11481
1000 11515
1000 11252
1000 11775
1000 12089
1000 12180
1000 12020
1000 11520
1000 11529
1000 11455
1000 11140
1000 11154
1000 11591
1000 11033
1000 11405
1000 11160
1000 10804
1000 10560
1000 10780
1000 10607
1000 10631
1000 14781
1000 13468
1000 10706
1000 10672
1000 10543
1000 10692
1000 10625
1000 14874
1000 10677
1000 10689
1000 10614
1000 10558
1000 13601
1000 11641
1000 11567
1000 11578
1000 11491
1000 11158
1000 11019
1000 10965
1000 10846
1000 10715
1000 10732
1000 10526
1000 10671
1000 10715
1000 10715
1000 10599
1000 10600
1000 10699
1000 10753
1000 10714
1000 10622
1000 10603
1000 10531
1000 10282
1000 10745
1000 10420
1000 10325
1000 10267
1000 10238
1000 10327
1000 10479
1000 10226
1000 10202
1000 10165
1000 10327
1000 10198
1000 10423
1000 10206
1000 10331
1000 10353
1000 10436
1000 10230
1000 10244
1000 10286
1000 9848
1000 10257
1000 10257
1000 9951
1000 9923
1000 10290
1000 9985
1000 9965
1000 10003
1000 10049
1000 9927
1700 17301
1700 17252
1700 17331
1700 17242
1700 22313
1700 17431
1700 17406
1700 17165
1700 17505
1700 17262
1700 17149
1700 17248
1700 16983
1700 17293
1700 17389
1700 17156
1700 17211
1700 17377
1700 17631
1700 17210
1700 17149
1700 17376
1700 17272
1700 17144
1700 17228
1700 17343
1700 17151
1700 17244
1700 17470
1700 17244
1700 17076
1700 17219
1700 17225
1700 17419
1700 17232
1700 17273
1700 17189
1700 17274
1700 17449
1700 17356
1700 17206
1700 17482
1700 17147
1700 17628
1700 17189
1700 17317
1700 17092
1700 17244
1700 17326
1700 17887
1700 17852
1700 17711
1700 17827
1700 17817
1700 17715
1700 17726
1700 23126
1700 17764
1700 17833
1700 17873
1700 18033
1700 17756
1700 18017
1700 17214
1700 17096
1700 17266
1700 17520
1700 17293
1700 17500
1700 17137
1700 17215
1700 20457
1700 17203
1700 17158
1700 17233
1700 17329
1700 17189
1700 17241
1700 17204
1700 17296
1700 17352
1700 17281
1700 17201
1700 17366
1700 16671
1700 16554
1700 16638
1700 17262
1700 17057
1700 17252
1700 16574
1700 16624
1700 16728
1700 16730
1700 16741
1700 16619
1700 16720
1700 16618
1700 16740
1700 16591
2400 23493
2400 23353
2400 23401
2400 23477
2400 23416
2400 23351
2400 23335
2400 23523
2400 23409
2400 23493
2400 23282
2400 23535
2400 23473
2400 23534
2400 23408
2400 23459
2400 23446
2400 23405
2400 23443
2400 23465
2400 23535
2400 23340
2400 23580
2400 23524
2400 23388
2400 23394
2400 22712
2400 23598
2400 22739
2400 23403
2400 23412
2400 23387
2400 23544
2400 23553
2400 23419
2400 23346
2400 23482
2400 23545
2400 23387
2400 23317
2400 23453
2400 22700
2400 23639
2400 22688
2400 23589
2400 23473
2400 23538
2400 23613
2400 23311
2400 23333
2400 23287
2400 23476
2400 23285
2400 23225
2400 23323
2400 23325
2400 23535
2400 23476
2400 23396
2400 23497
2400 23302
2400 22912
2400 23455
2400 23465
2400 22773
2400 23217
2400 23331
2400 23521
2400 23285
2400 23437
2400 23343
2400 23525
2400 23407
2400 23318
2400 23421
2400 22660
2400 23416
2400 23503
2400 23418
2400 23405
2400 28130
2400 23234
2400 23492
2400 23508
2400 23367
2400 23521
2400 23426
2400 23579
2400 23313
2400 23705
2400 23241
2400 23398
2400 23370
2400 23329
2400 23378
2400 23655
2400 23706
2400 23701
2400 23405
2400 22619
3100 30425
3100 30006
3100 29947
3100 29910
3100 30220
3100 30172
3100 30290
3100 30125
3100 30136
3100 30018
3100 40564
3100 30806
3100 30295
3100 30255
3100 31011
3100 30118
3100 30028
3100 30209
3100 30018
3100 40548
3100 30129
3100 30005
3100 29939
3100 30099
3100 31974
3100 30157
3100 30295
3100 30282
3100 29944
3100 30295
3100 30197
3100 30401
3100 30012
3100 29934
3100 30141
3100 29970
3100 30103
3100 30242
3100 30156
3100 29995
3100 29901
3100 30233
3100 30257
3100 30243
3100 30154
3100 30120
3100 30121
3100 29118
3100 29142
3100 29139
3100 29951
3100 29141
3100 29079
3100 30239
3100 30277
3100 30031
3100 39452
3100 30222
3100 29967
3100 30168
3100 30150
3100 30168
3100 30040
3100 30518
3100 30098
3100 30363
3100 30246
3100 30163
3100 30128
3100 29948
3100 30263
3100 30066
3100 30207
3100 30164
3100 29925
3100 30080
3100 30150
3100 33933
3100 30380
3100 30168
3100 29989
3100 30110
3100 31351
3100 30050
3100 31387
3100 30838
3100 30166
3100 30037
3100 31106
3100 31063
3100 31049
3100 31234
3100 39222
3100 61538
3100 31447
3100 31255
3100 31148
3100 31218
3100 31255
3100 31158
3800 38181
3800 38284
3800 39562
3800 39366
3800 39442
3800 39418
3800 41658
3800 39687
3800 39620
3800 39816
3800 39698
3800 39387
3800 39505
3800 48635
3800 39519
3800 39491
3800 39531
3800 39387
3800 39322
3800 39468
3800 39327
3800 39609
3800 39658
3800 39499
3800 39267
3800 38040
3800 38085
3800 38154
3800 38038
3800 38075
3800 45963
3800 38176
3800 37952
3800 38274
3800 37984
3800 38033
3800 38303
3800 50850
3800 36770
3800 36990
3800 36724
3800 37045
3800 36761
3800 36778
3800 44365
3800 36775
3800 37004
3800 36679
3800 36765
3800 37096
3800 36930
3800 37062
3800 36801
3800 37250
3800 36881
3800 36603
3800 36846
3800 38106
3800 36840
3800 36779
3800 36957
3800 36826
3800 36765
3800 36747
3800 36966
3800 36708
3800 36636
3800 36830
3800 36939
3800 36611
3800 37076
3800 36972
3800 37018
3800 37021
3800 36936
3800 36761
3800 36924
3800 37090
3800 36836
3800 36893
3800 36663
3800 35706
3800 37000
3800 36961
3800 37106
3800 35731
3800 35533
3800 36734
3800 36872
3800 36825
3800 55214
3800 37261
3800 36982
3800 82231
3800 36915
3800 37046
3800 36736
3800 36888
3800 36852
3800 36912
4500 43941
4500 43587
4500 43968
4500 43759
4500 43559
4500 43686
4500 43741
4500 43653
4500 43656
4500 43692
4500 43942
4500 43750
4500 43855
4500 43822
4500 43877
4500 43759
4500 47694
4500 43661
4500 43610
4500 43794
4500 53031
4500 43712
4500 43712
4500 57912
4500 60749
4500 43957
4500 43439
4500 43650
4500 43713
4500 43543
4500 44023
4500 43794
4500 43702
4500 43673
4500 43654
4500 43844
4500 43594
4500 43588
4500 43929
4500 42389
4500 43520
4500 43739
4500 43674
4500 43665
4500 43740
4500 43678
4500 43627
4500 43724
4500 43537
4500 43696
4500 43795
4500 43569
4500 43740
4500 42353
4500 43650
4500 43750
4500 43651
4500 43759
4500 43637
4500 43798
4500 43541
4500 43661
4500 43646
4500 43815
4500 43818
4500 43825
4500 43957
4500 43781
4500 63122
4500 64142
4500 64019
4500 63211
4500 43767
4500 63767
4500 43807
4500 52491
4500 43827
4500 43786
4500 43832
4500 43770
4500 43591
4500 43710
4500 43659
4500 56270
4500 43826
4500 43725
4500 43745
4500 43552
4500 43793
4500 43444
4500 43682
4500 43634
4500 43637
4500 43583
4500 43524
4500 43624
4500 43725
4500 43551
4500 43815
4500 43705
5200 50423
5200 50489
5200 50518
5200 50464
5200 50592
5200 50606
5200 50612
5200 50313
5200 50620
5200 50425
5200 50355
5200 50846
5200 50529
5200 51980
5200 52002
5200 52189
5200 52331
5200 52009
5200 51994
5200 52354
5200 52322
5200 53758
5200 52277
5200 52200
5200 52262
5200 52241
5200 50567
5200 50299
5200 50376
5200 50422
5200 50437
5200 50456
5200 50578
5200 50480
5200 51505
5200 50521
5200 50435
5200 50467
5200 50652
5200 50389
5200 50619
5200 50582
5200 50463
5200 50493
5200 52428
5200 52164
5200 50626
5200 50467
5200 50359
5200 50422
5200 50453
5200 50868
5200 50378
5200 50766
5200 59837
5200 50371
5200 50583
5200 50493
5200 50545
5200 50706
5200 50592
5200 50624
5200 50551
5200 50392
5200 50452
5200 50488
5200 50331
5200 50422
5200 50144
5200 50222
5200 50459
5200 50691
5200 50666
5200 66059
5200 52280
5200 52141
5200 50242
5200 50602
5200 50431
5200 50592
5200 50674
5200 50605
5200 50756
5200 50294
5200 50547
5200 50723
5200 50447
5200 50618
5200 50463
5200 50255
5200 50448
5200 50498
5200 50325
5200 50315
5200 50320
5200 50509
5200 50298
5200 50415
5200 50338
5200 50740
5900 57092
5900 56966
5900 57149
5900 57289
5900 59576
5900 57351
5900 57188
5900 59190
5900 59242
5900 59215
5900 59275
5900 59311
5900 57371
5900 57264
5900 57027
5900 57173
5900 57048
5900 57003
5900 57278
5900 87917
5900 57450
5900 57193
5900 57186
5900 57363
5900 57284
5900 56950
5900 57143
5900 56982
5900 57176
5900 57209
5900 57042
5900 128729
5900 57252
5900 58658
5900 56994
5900 57253
5900 57230
5900 57344
5900 57154
5900 57261
5900 57249
5900 57317
5900 57174
5900 57209
5900 57210
5900 57370
5900 57279
5900 57213
5900 57277
5900 57400
5900 57368
5900 57133
5900 57154
5900 57326
5900 57185
5900 57246
5900 57020
5900 57022
5900 57066
5900 57151
5900 56977
5900 57275
5900 57025
5900 57357
5900 57317
5900 57267
5900 59053
5900 56955
5900 57207
5900 59995
5900 57478
5900 108511
5900 59253
5900 59276
5900 58837
5900 59198
5900 59500
5900 59440
5900 59284
5900 59302
5900 60223
5900 59196
5900 59332
5900 59125
5900 58938
5900 59242
5900 59053
5900 58901
5900 59112
5900 59156
5900 58778
5900 59192
5900 59083
5900 59150
5900 59222
5900 59310
5900 59322
5900 59254
5900 59104
5900 59225
6600 66154
6600 65923
6600 65928
6600 64192
6600 64021
6600 64055
6600 63917
6600 64183
6600 63947
6600 64180
6600 63973
6600 64061
6600 64050
6600 64055
6600 63905
6600 64075
6600 63730
6600 63988
6600 63913
6600 63878
6600 64013
6600 64096
6600 63840
6600 67526
6600 63873
6600 64089
6600 63708
6600 63869
6600 63667
6600 63804
6600 64110
6600 63762
6600 64284
6600 64077
6600 63668
6600 63733
6600 63783
6600 63984
6600 63735
6600 77279
6600 63890
6600 61959
6600 61968
6600 63938
6600 76400
6600 62035
6600 61864
6600 61942
6600 61703
6600 61724
6600 61656
6600 61843
6600 62041
6600 63934
6600 63856
6600 64199
6600 64091
6600 63922
6600 64296
6600 61862
6600 64054
6600 63829
6600 61845
6600 61993
6600 83711
6600 99647
6600 61881
6600 63968
6600 63754
6600 64019
6600 64019
6600 63821
6600 63889
6600 63877
6600 63945
6600 62005
6600 61882
6600 61972
6600 61966
6600 62056
6600 61872
6600 62045
6600 61745
6600 61688
6600 63851
6600 63930
6600 63923
6600 63877
6600 64122
6600 63808
6600 76956
6600 63776
6600 63996
6600 63734
6600 64035
6600 63978
6600 62183
6600 62161
6600 61753
6600 75903
7300 70658
7300 70775
7300 70769
7300 70779
7300 70904
7300 70539
7300 70957
7300 70651
7300 70549
7300 70786
7300 70702
7300 71117
7300 70642
7300 70778
7300 70652
7300 70553
7300 70908
7300 70510
7300 70596
7300 70615
7300 70627
7300 70536
7300 70523
7300 70426
7300 70497
7300 70899
7300 68716
7300 70708
7300 68394
7300 68331
7300 68290
7300 68421
7300 68408
7300 68643
7300 68519
7300 68343
7300 68594
7300 68458
7300 68501
7300 68729
7300 68682
7300 68315
7300 68599
7300 70718
7300 70569
7300 70388
7300 68728
7300 68485
7300 70933
7300 68583
7300 68370
7300 68435
7300 68230
7300 68454
7300 68327
7300 68502
7300 68558
7300 68023
7300 68247
7300 68563
7300 68394
7300 68297
7300 68575
7300 68277
7300 68301
7300 68431
7300 68429
7300 68363
7300 68246
7300 68609
7300 66316
7300 68343
7300 70541
7300 70808
7300 70627
7300 70266
7300 70796
7300 70484
7300 70810
7300 68437
7300 70568
7300 70586
7300 70857
7300 68766
7300 71129
7300 70704
7300 90674
7300 70740
7300 70808
7300 70701
7300 70321
7300 70512
7300 70502
7300 70558
7300 68431
7300 68432
7300 70658
7300 139443
7300 70601
7300 70613
8000 77173
8000 77432
8000 77328
8000 77540
8000 77180
8000 77173
8000 77617
8000 77464
8000 77700
8000 77490
8000 77271
8000 75025
8000 75039
8000 74836
8000 91480
8000 77632
8000 77600
8000 75150
8000 75081
8000 74766
8000 75039
8000 74747
8000 74950
8000 74495
8000 74691
8000 74857
8000 75168
8000 75102
8000 77428
8000 77543
8000 77379
8000 77488
8000 77172
8000 77608
8000 112879
8000 77364
8000 77628
8000 77704
8000 77142
8000 77488
8000 89494
8000 77745
8000 77362
8000 77505
8000 74994
8000 77267
8000 77438
8000 74951
8000 75239
8000 75114
8000 77581
8000 77167
8000 77252
8000 77476
8000 77349
8000 77475
8000 77151
8000 77522
8000 77198
8000 77239
8000 77381
8000 77310
8000 77586
8000 77161
8000 77278
8000 77454
8000 74808
8000 77814
8000 77284
8000 77571
8000 74940
8000 75211
8000 74785
8000 74812
8000 74795
8000 74720
8000 74934
8000 74783
8000 74931
8000 75020
8000 75271
8000 75177
8000 77578
8000 77144
8000 77301
8000 77499
8000 77431
8000 77371
8000 77718
8000 77540
8000 77671
8000 77579
8000 77446
8000 77306
8000 77253
8000 77509
8000 95796
8000 79226
8000 77228
8000 77509
8700 84188
8700 83945
8700 106667
8700 84228
8700 84165
8700 85249
8700 86912
8700 86859
8700 87105
8700 86702
8700 87080
8700 84511
8700 84207
8700 84289
8700 84077
8700 84248
8700 84093
8700 84117
8700 83991
8700 84114
8700 84382
8700 84085
8700 84204
8700 83927
8700 84199
8700 98183
8700 84149
8700 81667
8700 83873
8700 84125
8700 81531
8700 81573
8700 81323
8700 84434
8700 84275
8700 84050
8700 83996
8700 84355
8700 84215
8700 84355
8700 84065
8700 83987
8700 84276
8700 83790
8700 84184
8700 81600
8700 81458
8700 81500
8700 81340
8700 81549
8700 81488
8700 81073
8700 81494
8700 81201
8700 81391
8700 81444
8700 81180
8700 79026
8700 78888
8700 79043
8700 81175
8700 81411
8700 81620
8700 82241
8700 84167
8700 83927
8700 94896
8700 81535
8700 81574
8700 81588
8700 84633
8700 84326
8700 84205
8700 81473
8700 81624
8700 81235
8700 81377
8700 81512
8700 81358
8700 81297
8700 81487
8700 81410
8700 81307
8700 81617
8700 81470
8700 81433
8700 81469
8700 81323
8700 79150
8700 78942
8700 94388
8700 82830
8700 84225
8700 84469
8700 81446
8700 95104
8700 81329
8700 81411
8700 84175
8700 81592
9400 90844
9400 87992
9400 92802
9400 103070
9400 87766
9400 87902
9400 88293
9400 87872
9400 88071
9400 88093
9400 88069
9400 87976
9400 88176
9400 87924
9400 87895
9400 88062
9400 85190
9400 88276
9400 90393
9400 90866
9400 90965
9400 90553
9400 88130
9400 87683
9400 88036
9400 87882
9400 87953
9400 88161
9400 87845
9400 87788
9400 85338
9400 87763
9400 85179
9400 85169
9400 87488
9400 85323
9400 87813
9400 85142
9400 85126
9400 85634
9400 85404
9400 85845
9400 90925
9400 90925
9400 91125
9400 91373
9400 91002
9400 91077
9400 116401
9400 90902
9400 91046
9400 90779
9400 87555
9400 87784
9400 96846
9400 88137
9400 87931
9400 88050
9400 87956
9400 88077
9400 87714
9400 85190
9400 88128
9400 84982
9400 84837
9400 88001
9400 84928
9400 85290
9400 85388
9400 87857
9400 103753
9400 101885
9400 89392
9400 90955
9400 91206
9400 90540
9400 90908
9400 90848
9400 90836
9400 88225
9400 88239
9400 87889
9400 90947
9400 112631
9400 91099
9400 90777
9400 94198
9400 91054
9400 85315
9400 88442
9400 87838
9400 85163
9400 85101
9400 85524
9400 85705
9400 85338
9400 85088
9400 85257
9400 87717
9400 88368
10100 94524
10100 97760
10100 97717
10100 94552
10100 94522
10100 94715
10100 94659
10100 94578
10100 94423
10100 94638
10100 94029
10100 94906
10100 94699
10100 91427
10100 91349
10100 107939
10100 94752
10100 94615
10100 91810
10100 94274
10100 91616
10100 91316
10100 91354
10100 94516
10100 94639
10100 94805
10100 99254
10100 94475
10100 94647
10100 94179
10100 94536
10100 97545
10100 97503
10100 97903
10100 97894
10100 98222
10100 97563
10100 97658
10100 98161
10100 97557
10100 98118
10100 97427
10100 97694
10100 91510
10100 94359
10100 91591
10100 91334
10100 91546
10100 91715
10100 91615
10100 88813
10100 91590
10100 129604
10100 94579
10100 94639
10100 94332
10100 100349
10100 94277
10100 94408
10100 94442
10100 94632
10100 94554
10100 88966
10100 91597
10100 91493
10100 91563
10100 91646
10100 94486
10100 106733
10100 94313
10100 94479
10100 91492
10100 91431
10100 91651
10100 91514
10100 91181
10100 91644
10100 91706
10100 91659
10100 91544
10100 131103
10100 118310
10100 94545
10100 94452
10100 94071
10100 97387
10100 94317
10100 94297
10100 94186
10100 94584
10100 91446
10100 91489
10100 91315
10100 91495
10100 91376
10100 91103
10100 91857
10100 102011
10100 97669
10100 97546
10800 104298
10800 104376
10800 104477
10800 104538
10800 107665
10800 104149
10800 130433
10800 104453
10800 104257
10800 104155
10800 104750
10800 104697
10800 104303
10800 104287
10800 104394
10800 104343
10800 103879
10800 101053
10800 100787
10800 104757
10800 117973
10800 116352
10800 112410
10800 101062
10800 112865
10800 111827
10800 101121
10800 112624
10800 97476
10800 97618
10800 98339
10800 101044
10800 104249
10800 104404
10800 100575
10800 101017
10800 101060
10800 100964
10800 101288
10800 101121
10800 100809
10800 100734
10800 101190
10800 100694
10800 101029
10800 100749
10800 101012
10800 101213
10800 100930
10800 100495
10800 101267
10800 101051
10800 101165
10800 127779
10800 142558
10800 100887
10800 104570
10800 104146
10800 101213
10800 100980
10800 101056
10800 101037
10800 101236
10800 101115
10800 100910
10800 97752
10800 98261
10800 97921
10800 97851
10800 98055
10800 110275
10800 101184
10800 98000
10800 97744
10800 97682
10800 97678
10800 98199
10800 94680
10800 94790
10800 101344
10800 117668
10800 100978
10800 101267
10800 104350
10800 105793
10800 104186
10800 105019
10800 104934
10800 104269
10800 105420
10800 104441
10800 100634
10800 100713
10800 101131
10800 100919
10800 101088
10800 149584
10800 101290
10800 97650
10800 97625
11500 104276
11500 104485
11500 104456
11500 117734
11500 117402
11500 108015
11500 111151
11500 107679
11500 107557
11500 107644
11500 107477
11500 107302
11500 107221
11500 107308
11500 107484
11500 103948
11500 107412
11500 107623
11500 107304
11500 107452
11500 107329
11500 119851
11500 100847
11500 104144
11500 101158
11500 103880
11500 104072
11500 104477
11500 104127
11500 107524
11500 107593
11500 110899
11500 107417
11500 111334
11500 107668
11500 107622
11500 107485
11500 107852
11500 107339
11500 107607
11500 107338
11500 120170
11500 104237
11500 104006
11500 104163
11500 104476
11500 101205
11500 101015
11500 104403
11500 104165
11500 104124
11500 104054
11500 104040
11500 130484
11500 107505
11500 107337
11500 107145
11500 107551
11500 107636
11500 107248
11500 107575
11500 107520
11500 107429
11500 107473
11500 107569
11500 107473
11500 107338
11500 107408
11500 107330
11500 107663
11500 107724
11500 107702
11500 107401
11500 107459
11500 107358
11500 107550
11500 107492
11500 108209
11500 111252
11500 107767
11500 107352
11500 107183
11500 107133
11500 107300
11500 107530
11500 107417
11500 107295
11500 107902
11500 107357
11500 107942
11500 107466
11500 107494
11500 107666
11500 107713
11500 107487
11500 107549
11500 107295
11500 107711
11500 107408
11500 107204
12200 113749
12200 114056
12200 114368
12200 114352
12200 117915
12200 113905
12200 114662
12200 114152
12200 114342
12200 113963
12200 114045
12200 114044
12200 114152
12200 113848
12200 114102
12200 114191
12200 113747
12200 114308
12200 117575
12200 113974
12200 114111
12200 107399
12200 106947
12200 110807
12200 110282
12200 113938
12200 110893
12200 114009
12200 114144
12200 113966
12200 114262
12200 114058
12200 113839
12200 114174
12200 125282
12200 110741
12200 110492
12200 107198
12200 146534
12200 140676
12200 114001
12200 126937
12200 110088
12200 110483
12200 110455
12200 107294
12200 110243
12200 110323
12200 110791
12200 107484
12200 110616
12200 114261
12200 115878
12200 113963
12200 114399
12200 113781
12200 113583
12200 114211
12200 113991
12200 114078
12200 113987
12200 114384
12200 114224
12200 113978
12200 113988
12200 114566
12200 114373
12200 114264
12200 113946
12200 114281
12200 114300
12200 114147
12200 113950
12200 114164
12200 114984
12200 118730
12200 117877
12200 117614
12200 117930
12200 118264
12200 118157
12200 117818
12200 118188
12200 118455
12200 118081
12200 118199
12200 118314
12200 117972
12200 117725
12200 114898
12200 117825
12200 127395
12200 114196
12200 113981
12200 114020
12200 123338
12200 110891
12200 114540
12200 114085
12200 117843
12900 120346
12900 139376
12900 120336
12900 135715
12900 116851
12900 120820
12900 120579
12900 121171
12900 120602
12900 120521
12900 163415
12900 120224
12900 120607
12900 121090
12900 120362
12900 120210
12900 120606
12900 120405
12900 120737
12900 124614
12900 124646
12900 124404
12900 120893
12900 121172
12900 124285
12900 120462
12900 120583
12900 116905
12900 116569
12900 116840
12900 120386
12900 120750
12900 133157
12900 116826
12900 116684
12900 116822
12900 130755
12900 113190
12900 112793
12900 113261
12900 113558
12900 113176
12900 133787
12900 113322
12900 121772
12900 124411
12900 124335
12900 124545
12900 169833
12900 124896
12900 124547
12900 124932
12900 124569
12900 124776
12900 124426
12900 124466
12900 124498
12900 124620
12900 124450
12900 124509
12900 125261
12900 124599
12900 124323
12900 124718
12900 124486
12900 124365
12900 124803
12900 124586
12900 124224
12900 125046
12900 116724
12900 116837
12900 117195
12900 132473
12900 117075
12900 117036
12900 113246
12900 113426
12900 113041
12900 116804
12900 116940
12900 113424
12900 117721
12900 113084
12900 113035
12900 113894
12900 116782
12900 127105
12900 109752
12900 113422
12900 125486
12900 116991
12900 116517
12900 116737
12900 116588
12900 120304
12900 162974
12900 116528
12900 116877
12900 113305
13600 119466
13600 119469
13600 133944
13600 119111
13600 119429
13600 118895
13600 119428
13600 119465
13600 119314
13600 119212
13600 116002
13600 119341
13600 119071
13600 116199
13600 119539
13600 122599
13600 122842
13600 126378
13600 138318
13600 123289
13600 122894
13600 119671
13600 119006
13600 119360
13600 119575
13600 119085
13600 119287
13600 119288
13600 115826
13600 119147
13600 137594
13600 119325
13600 119350
13600 130138
13600 115568
13600 115667
13600 116082
13600 132323
13600 119095
13600 122925
13600 123554
13600 123088
13600 127150
13600 157178
13600 119363
13600 121087
13600 119425
13600 138777
13600 123177
13600 123154
13600 123418
13600 122907
13600 123064
13600 123246
13600 123053
13600 129279
13600 123419
13600 123023
13600 133647
13600 119284
13600 119445
13600 119943
13600 139347
13600 127109
13600 127479
13600 124012
13600 123239
13600 123390
13600 122920
13600 123093
13600 123521
13600 119422
13600 119171
13600 119279
13600 123276
13600 122859
13600 122983
13600 122929
13600 140005
13600 123272
13600 127071
13600 138909
13600 123250
13600 119649
13600 119958
13600 124659
13600 126964
13600 127030
13600 127240
13600 123077
13600 123065
13600 154579
13600 123244
13600 126950
13600 140149
13600 123613
13600 120161
13600 127171
13600 138010
13600 119601
14300 125455
14300 125623
14300 125491
14300 125601
14300 125582
14300 125805
14300 125832
14300 125464
14300 125877
14300 129945
14300 133715
14300 133331
14300 133593
14300 133482
14300 129511
14300 129623
14300 145381
14300 125595
14300 129179
14300 129464
14300 129540
14300 129545
14300 129183
14300 121673
14300 125357
14300 125568
14300 125789
14300 125969
14300 125473
14300 121629
14300 122006
14300 125901
14300 125445
14300 125227
14300 130859
14300 136855
14300 134517
14300 138323
14300 133640
14300 134019
14300 133277
14300 133763
14300 176946
14300 137893
14300 137807
14300 137922
14300 138152
14300 138365
14300 147018
14300 143012
14300 143162
14300 138185
14300 138225
14300 138210
14300 138374
14300 138836
14300 138515
14300 138055
14300 137884
14300 138273
14300 138227
14300 138292
14300 138239
14300 138095
14300 138362
14300 138091
14300 138182
14300 133845
14300 133317
14300 133775
14300 134000
14300 133820
14300 129628
14300 129438
14300 129100
14300 133674
14300 130114
14300 128815
14300 129224
14300 134110
14300 133783
14300 133301
14300 149638
14300 133529
14300 133568
14300 138395
14300 138223
14300 138423
14300 138176
14300 137688
14300 137946
14300 138114
14300 138172
14300 138472
14300 138312
14300 166488
14300 137830
14300 138035
14300 138212
14300 138136
15000 139471
15000 140496
15000 135423
15000 135536
15000 135890
15000 135508
15000 140406
15000 153227
15000 135487
15000 136044
15000 131940
15000 132004
15000 131326
15000 131499
15000 135719
15000 135497
15000 135721
15000 135475
15000 135940
15000 135838
15000 135406
15000 157492
15000 140193
15000 140004
15000 140436
15000 140185
15000 139950
15000 140266
15000 140318
15000 140089
15000 140094
15000 148100
15000 139956
15000 140327
15000 139866
15000 140091
15000 140155
15000 131714
15000 131666
15000 127992
15000 177139
15000 131720
15000 131985
15000 206757
15000 140244
15000 136279
15000 135748
15000 135334
15000 135918
15000 136033
15000 135977
15000 131783
15000 131309
15000 131355
15000 131546
15000 131533
15000 131624
15000 131415
15000 131768
15000 131983
15000 131891
15000 131822
15000 130770
15000 131718
15000 131659
15000 135546
15000 135775
15000 139897
15000 136067
15000 135937
15000 152702
15000 135922
15000 140792
15000 140336
15000 139668
15000 140798
15000 140006
15000 140129
15000 140248
15000 127574
15000 131722
15000 131777
15000 131609
15000 127703
15000 127967
15000 131513
15000 127791
15000 131714
15000 135888
15000 184585
15000 140047
15000 139592
15000 139874
15000 139834
15000 140434
15000 135320
15000 136196
15000 150811
15000 136649
15000 135551
15700 141962
15700 142162
15700 141818
15700 138166
15700 138147
15700 137817
15700 137800
15700 137668
15700 133784
15700 137312
15700 137938
15700 167532
15700 171598
15700 142687
15700 142672
15700 142039
15700 142552
15700 141744
15700 141625
15700 137705
15700 137836
15700 133706
15700 137627
15700 137736
15700 133582
15700 138004
15700 137858
15700 137674
15700 137731
15700 137887
15700 137581
15700 137792
15700 150466
15700 133961
15700 187920
15700 142296
15700 142183
15700 161389
15700 141717
15700 137842
15700 137765
15700 151605
15700 137893
15700 142908
15700 146768
15700 182911
15700 142512
15700 142068
15700 146773
15700 142336
15700 156557
15700 142199
15700 141651
15700 138241
15700 142232
15700 146970
15700 151729
15700 146328
15700 146154
15700 147037
15700 146414
15700 146645
15700 146758
15700 147113
15700 146401
15700 146673
15700 146688
15700 146229
15700 146527
15700 146870
15700 137925
15700 137666
15700 137658
15700 137819
15700 137971
15700 138411
15700 146311
15700 142271
15700 142019
15700 142140
15700 142287
15700 141862
15700 142262
15700 141669
15700 155974
15700 138461
15700 170692
15700 137657
15700 137375
15700 145518
15700 220705
15700 151641
15700 151554
15700 169601
15700 184595
15700 151665
15700 163933
15700 161735
15700 157281
15700 156669
16400 164269
16400 163487
16400 163795
16400 163921
16400 163845
16400 163908
16400 163852
16400 163107
16400 175961
16400 153005
16400 148283
16400 148693
16400 148225
16400 148324
16400 143727
16400 143918
16400 181042
16400 153264
16400 153257
16400 153652
16400 152834
16400 153173
16400 153418
16400 153096
16400 148474
16400 144212
16400 148874
16400 139590
16400 139185
16400 143597
16400 143882
16400 144133
16400 144117
16400 143677
16400 144014
16400 143494
16400 139470
16400 148403
16400 148526
16400 148125
16400 198665
16400 148021
16400 148544
16400 148307
16400 174425
16400 148452
16400 148606
16400 148679
16400 148521
16400 148462
16400 148719
16400 148367
16400 148688
16400 148540
16400 148349
16400 148453
16400 148411
16400 147893
16400 154186
16400 153042
16400 152878
16400 153349
16400 148157
16400 148024
16400 160501
16400 143713
16400 144244
16400 143808
16400 139704
16400 155633
16400 143708
16400 143782
16400 139630
16400 139301
16400 144072
16400 182068
16400 139651
16400 144192
16400 155900
16400 154860
16400 148523
16400 152925
16400 152862
16400 153331
16400 153052
16400 153259
16400 153473
16400 186354
16400 152887
16400 153222
16400 153418
16400 153059
16400 153122
16400 153126
16400 152872
16400 139532
16400 144354
16400 144155
16400 144125
16400 143799
17100 150345
17100 159701
17100 165799
17100 159469
17100 154878
17100 154463
17100 154663
17100 154547
17100 164201
17100 149426
17100 160198
17100 149840
17100 149555
17100 145594
17100 150100
17100 145681
17100 145661
17100 161932
17100 145239
17100 145265
17100 146097
17100 154728
17100 159635
17100 154998
17100 154367
17100 154558
17100 154693
17100 154994
17100 150216
17100 149809
17100 149747
17100 150156
17100 149919
17100 150009
17100 145393
17100 150073
17100 145866
17100 145187
17100 145468
17100 145738
17100 180103
17100 145360
17100 145664
17100 182111
17100 150225
17100 154492
17100 154744
17100 150131
17100 154639
17100 150299
17100 149736
17100 145741
17100 150015
17100 150178
17100 150018
17100 145290
17100 150444
17100 149881
17100 149694
17100 149914
17100 149832
17100 149502
17100 149978
17100 150053
17100 193940
17100 154729
17100 154444
17100 154685
17100 154421
17100 149945
17100 145744
17100 149484
17100 149913
17100 150406
17100 145652
17100 145342
17100 149701
17100 145508
17100 145176
17100 145896
17100 149804
17100 159597
17100 145807
17100 145502
17100 145562
17100 194802
17100 150232
17100 154761
17100 154453
17100 154074
17100 145446
17100 157812
17100 145700
17100 149885
17100 150151
17100 145453
17100 149883
17100 149927
17100 163168
17100 145804
17800 151911
17800 156143
17800 151539
17800 156070
17800 155876
17800 196074
17800 161087
17800 161189
17800 160896
17800 160669
17800 192341
17800 155807
17800 156046
17800 156149
17800 156299
17800 156430
17800 156028
17800 155998
17800 156456
17800 165680
17800 155249
17800 166972
17800 155804
17800 156508
17800 155899
17800 156037
17800 173615
17800 172264
17800 171475
17800 171803
17800 171976
17800 169278
17800 166496
17800 193659
17800 171571
17800 166068
17800 165946
17800 171824
17800 166245
17800 165888
17800 165926
17800 166244
17800 165823
17800 166260
17800 166411
17800 166230
17800 166637
17800 166195
17800 171841
17800 171729
17800 171929
17800 171494
17800 172076
17800 171648
17800 171233
17800 171717
17800 174968
17800 171422
17800 171659
17800 171692
17800 171416
17800 171875
17800 183468
17800 171676
17800 172339
17800 172211
17800 181380
17800 171705
17800 161973
17800 161545
17800 161046
17800 156326
17800 161266
17800 185879
17800 160854
17800 160924
17800 161159
17800 161163
17800 174408
17800 160614
17800 160835
17800 161441
17800 160886
17800 160948
17800 156172
17800 195550
17800 161081
17800 165648
17800 160421
17800 161257
17800 160667
17800 173478
17800 156331
17800 160847
17800 155849
17800 156343
17800 160891
17800 165746
17800 156264
17800 156269
18500 161988
18500 157523
18500 162435
18500 162443
18500 162163
18500 167000
18500 167463
18500 167221
18500 167323
18500 167277
18500 166838
18500 180633
18500 157896
18500 157113
18500 162153
18500 157447
18500 162356
18500 162036
18500 162465
18500 177267
18500 162104
18500 162568
18500 161857
18500 162336
18500 162112
18500 167742
18500 162471
18500 167003
18500 167535
18500 167503
18500 169882
18500 167688
18500 167823
18500 198600
18500 167800
18500 167117
18500 167105
18500 167962
18500 166634
18500 167521
18500 166877
18500 157561
18500 157610
18500 157426
18500 167653
18500 190834
18500 167122
18500 172879
18500 177499
18500 162028
18500 174119
18500 162143
18500 162185
18500 161788
18500 162541
18500 162733
18500 162001
18500 162231
18500 161802
18500 162252
18500 157654
18500 161529
18500 162483
18500 157453
18500 157629
18500 162608
18500 167347
18500 167359
18500 184970
18500 162443
18500 166710
18500 162199
18500 157336
18500 162460
18500 162088
18500 162053
18500 161845
18500 157284
18500 157649
18500 162476
18500 162273
18500 161761
18500 162477
18500 171490
18500 162518
18500 162682
18500 167412
18500 162013
18500 178614
18500 167420
18500 162593
18500 162089
18500 162537
18500 162357
18500 161906
18500 162399
18500 162342
18500 162116
18500 162238
18500 162085
19200 168203
19200 168257
19200 168530
19200 168266
19200 162844
19200 163205
19200 169070
19200 228894
19200 250659
19200 247857
19200 252539
19200 252374
19200 253661
19200 185050
19200 224600
19200 193292
19200 297070
19200 279680
19200 283778
19200 192089
19200 192108
19200 191659
19200 191386
19200 191685
19200 185253
19200 207306
19200 184746
19200 185343
19200 185201
19200 184758
19200 185018
19200 184972
19200 185317
19200 184894
19200 179226
19200 179226
19200 174082
19200 179528
19200 184916
19200 178846
19200 187037
19200 181952
19200 188645
19200 185132
19200 185752
19200 190055
19200 185402
19200 187497
19200 185674
19200 185728
19200 185008
19200 185627
19200 179801
19200 179206
19200 185979
19200 185035
19200 185130
19200 185100
19200 196126
19200 185043
19200 185310
19200 186559
19200 179232
19200 179024
19200 184986
19200 185400
19200 179273
19200 180438
19200 173540
19200 173460
19200 173718
19200 179223
19200 173774
19200 179589
19200 179243
19200 178527
19200 179467
19200 210894
19200 173695
19200 168250
19200 168215
19200 173762
19200 173305
19200 182757
19200 173276
19200 163443
19200 168535
19200 163432
19200 163433
19200 168810
19200 168046
19200 163344
19200 173782
19200 173748
19200 173763
19200 168226
19200 168223
19200 163516
19200 163143
19200 194704
19900 169393
19900 169434
19900 169378
19900 168974
19900 179648
19900 175128
19900 174575
19900 174408
19900 174664
19900 174491
19900 179783
19900 180656
19900 186162
19900 185457
19900 186150
19900 185863
19900 185843
19900 191021
19900 179856
19900 179478
19900 180060
19900 180193
19900 179762
19900 174198
19900 169554
19900 169653
19900 174639
19900 169073
19900 174778
19900 168918
19900 169688
19900 180552
19900 179876
19900 180017
19900 174744
19900 195510
19900 174241
19900 174611
19900 184238
19900 168607
19900 183416
19900 174518
19900 174457
19900 174144
19900 174638
19900 180413
19900 179721
19900 180170
19900 174497
19900 174607
19900 238240
19900 232449
19900 180368
19900 179916
19900 180273
19900 185684
19900 179974
19900 219756
19900 179996
19900 179490
19900 179619
19900 180037
19900 179387
19900 180284
19900 179901
19900 180235
19900 174583
19900 174322
19900 174908
19900 185682
19900 190616
19900 186048
19900 185619
19900 185776
19900 185718
19900 185536
19900 185928
19900 185726
19900 185612
19900 185702
19900 186293
19900 185848
19900 186235
19900 185033
19900 185812
19900 185636
19900 186016
19900 190431
19900 185930
19900 185601
19900 185820
19900 185122
19900 185870
19900 186017
19900 185496
19900 186422
19900 185651
19900 185796
19900 185626
19900 185539
20600 192102
20600 192091
20600 192570
20600 192345
20600 192241
20600 193840
20600 191453
20600 192130
20600 192385
20600 191949
20600 199412
20600 191690
20600 192567
20600 191836
20600 191722
20600 192607
20600 191736
20600 192428
20600 192041
20600 192009
20600 192449
20600 192296
20600 192484
20600 200604
20600 203563
20600 208024
20600 185852
20600 185994
20600 197248
20600 186374
20600 180689
20600 175561
20600 181221
20600 175032
20600 186040
20600 195137
20600 194152
20600 187310
20600 180862
20600 180725
20600 180306
20600 175201
20600 203986
20600 192090
20600 192721
20600 196814
20600 186454
20600 186468
20600 186344
20600 186427
20600 212868
20600 185851
20600 185909
20600 207335
20600 206612
20600 192506
20600 192376
20600 191655
20600 201609
20600 198893
20600 203125
20600 198830
20600 198583
20600 219495
20600 198598
20600 192135
20600 199166
20600 186203
20600 192117
20600 186022
20600 186501
20600 186302
20600 180123
20600 185770
20600 186522
20600 198484
20600 180832
20600 182128
20600 197482
20600 192347
20600 186479
20600 192193
20600 193309
20600 192144
20600 192154
20600 192836
20600 192246
20600 186454
20600 180814
20600 181015
20600 181134
20600 180822
20600 180460
20600 181007
20600 181069
20600 180724
20600 186649
20600 192458
20600 207316
20600 192363
21300 186916
21300 192904
21300 192880
21300 186732
21300 186873
21300 180739
21300 180941
21300 180945
21300 181450
21300 181094
21300 180871
21300 200375
21300 186621
21300 186665
21300 186752
21300 204823
21300 213682
21300 192351
21300 186397
21300 186226
21300 196932
21300 187272
21300 186730
21300 196643
21300 186391
21300 181149
21300 181822
21300 181404
21300 181578
21300 180829
21300 180770
21300 181186
21300 180916
21300 181031
21300 191734
21300 186349
21300 192467
21300 192174
21300 192637
21300 192824
21300 192605
21300 192856
21300 192463
21300 192279
21300 192147
21300 192438
21300 193809
21300 192562
21300 192594
21300 192563
21300 192491
21300 181302
21300 181323
21300 182390
21300 186393
21300 186774
21300 193271
21300 191960
21300 193088
21300 192894
21300 192467
21300 191732
21300 192737
21300 192038
21300 192734
21300 192628
21300 192665
21300 192568
21300 193186
21300 192759
21300 192450
21300 240107
21300 192485
21300 192794
21300 192562
21300 193071
21300 181381
21300 186948
21300 186667
21300 204876
21300 186435
21300 186264
21300 195087
21300 212565
21300 180835
21300 182451
21300 180763
21300 181411
21300 181670
21300 181164
21300 181238
21300 250357
21300 187327
21300 186959
21300 180953
21300 181420
21300 181292
21300 181187
21300 181506
21300 180891
22000 193086
22000 186904
22000 186685
22000 187152
22000 187620
22000 206283
22000 204312
22000 187160
22000 187870
22000 199479
22000 205497
22000 205495
22000 198964
22000 198486
22000 199004
22000 198976
22000 198781
22000 199056
22000 199008
22000 199125
22000 198487
22000 199703
22000 198272
22000 204198
22000 199344
22000 187140
22000 194005
22000 205052
22000 198859
22000 205153
22000 204733
22000 205370
22000 205578
22000 205202
22000 205522
22000 205161
22000 198925
22000 225087
22000 198639
22000 187455
22000 187698
22000 192641
22000 192173
22000 187102
22000 220071
22000 199301
22000 198940
22000 192217
22000 230549
22000 199062
22000 198972
22000 237907
22000 199235
22000 186647
22000 215610
22000 186887
22000 241164
22000 192244
22000 186801
22000 187587
22000 209557
22000 211332
22000 212613
22000 212632
22000 212143
22000 213066
22000 213787
22000 211699
22000 211676
22000 212171
22000 205799
22000 198974
22000 198665
22000 192727
22000 192637
22000 193120
22000 198898
22000 199508
22000 193028
22000 198795
22000 227592
22000 199714
22000 198759
22000 198795
22000 198682
22000 192914
22000 199101
22000 192430
22000 199387
22000 198812
22000 192953
22000 192835
22000 192855
22000 206008
22000 187054
22000 186917
22000 192672
22000 192022
22000 194633
22000 198667
22700 202063
22700 199184
22700 198880
22700 217867
22700 199257
22700 193264
22700 198992
22700 192869
22700 193095
22700 193308
22700 193246
22700 192637
22700 192297
22700 193156
22700 192949
22700 193010
22700 193260
22700 196617
22700 199181
22700 198781
22700 198691
22700 199333
22700 205428
22700 198325
22700 193586
22700 198727
22700 199107
22700 198672
22700 225312
22700 193184
22700 198489
22700 199419
22700 199101
22700 198764
22700 198956
22700 205007
22700 205605
22700 205112
22700 204695
22700 205136
22700 204542
22700 205764
22700 198748
22700 208551
22700 193143
22700 221444
22700 192497
22700 193021
22700 192323
22700 193147
22700 192940
22700 193908
22700 193032
22700 263335
22700 234312
22700 199166
22700 199191
22700 198738
22700 205517
22700 205194
22700 193530
22700 199187
22700 192882
22700 193542
22700 193728
22700 193301
22700 193242
22700 192960
22700 193100
22700 193017
22700 193094
22700 193295
22700 193832
22700 205324
22700 198587
22700 205424
22700 198288
22700 199285
22700 199150
22700 204914
22700 205218
22700 205135
22700 205554
22700 193221
22700 212028
22700 192941
22700 193345
22700 199201
22700 193473
22700 193418
22700 192887
22700 237482
22700 199032
22700 219702
22700 204974
22700 198813
22700 200760
22700 198708
22700 199063
22700 193559
23400 199114
23400 198944
23400 199084
23400 204712
23400 198617
23400 199201
23400 198486
23400 199181
23400 226635
23400 211862
23400 205143
23400 199422
23400 204561
23400 198648
23400 199298
23400 230222
23400 198974
23400 198939
23400 199387
23400 199136
23400 199622
23400 205040
23400 205309
23400 204913
23400 205342
23400 204722
23400 205517
23400 279612
23400 211106
23400 212196
23400 233481
23400 205166
23400 211135
23400 205274
23400 204300
23400 211747
23400 225927
23400 205219
23400 247996
23400 213603
23400 199576
23400 216705
23400 220422
23400 199109
23400 205601
23400 237337
23400 217704
23400 211251
23400 211837
23400 211130
23400 211756
23400 211355
23400 211522
23400 235648
23400 199192
23400 204984
23400 205468
23400 205132
23400 213650
23400 205082
23400 198665
23400 199547
23400 205423
23400 222189
23400 218178
23400 218477
23400 217555
23400 225567
23400 227392
23400 226107
23400 226023
23400 226194
23400 225340
23400 225860
23400 211607
23400 211111
23400 211493
23400 205261
23400 205181
23400 218262
23400 218903
23400 218699
23400 218443
23400 218485
23400 211536
23400 212745
23400 211622
23400 211429
23400 205107
23400 205334
23400 211739
23400 233572
23400 205372
23400 199024
23400 198627
23400 199093
23400 211930
23400 211429
23400 211437
23400 211690
24100 211470
24100 211184
24100 229967
24100 217637
24100 231029
24100 211079
24100 205889
24100 204966
24100 204644
24100 204798
24100 205030
24100 204691
24100 204430
24100 205375
24100 204492
24100 205327
24100 217235
24100 217812
24100 211160
24100 210509
24100 205607
24100 205479
24100 205157
24100 204959
24100 205205
24100 205474
24100 204921
24100 204999
24100 204805
24100 205150
24100 205223
24100 204909
24100 204600
24100 215574
24100 217693
24100 210285
24100 210850
24100 217712
24100 211576
24100 211208
24100 204955
24100 204811
24100 204945
24100 211449
24100 217864
24100 218015
24100 204576
24100 210945
24100 237572
24100 211030
24100 301046
24100 217672
24100 217885
24100 218221
24100 218142
24100 217798
24100 211069
24100 217917
24100 239881
24100 205536
24100 205048
24100 204538
24100 204923
24100 205111
24100 242486
24100 205488
24100 205207
24100 204729
24100 211619
24100 217937
24100 217494
24100 226818
24100 217590
24100 204344
24100 204260
24100 204847
24100 210875
24100 211466
24100 211957
24100 211489
24100 210986
24100 205234
24100 205242
24100 209504
24100 234478
24100 212779
24100 205265
24100 229668
24100 217107
24100 219713
24100 217608
24100 217597
24100 217790
24100 211191
24100 211445
24100 228921
24100 205048
24100 204340
24100 204937
24100 205427
24800 210762
24800 210746
24800 210578
24800 211473
24800 227796
24800 217508
24800 217736
24800 224255
24800 223572
24800 224880
24800 223868
24800 224177
24800 210545
24800 210355
24800 211422
24800 211257
24800 210595
24800 210963
24800 210851
24800 211008
24800 211094
24800 224306
24800 216868
24800 210439
24800 217673
24800 217281
24800 211337
24800 226186
24800 210914
24800 231466
24800 210884
24800 211155
24800 211019
24800 231710
24800 210719
24800 210660
24800 210841
24800 211203
24800 213939
24800 247322
24800 211340
24800 214978
24800 210606
24800 210516
24800 211059
24800 210925
24800 210868
24800 210639
24800 210955
24800 210966
24800 211181
24800 211325
24800 210961
24800 210765
24800 210423
24800 211386
24800 210506
24800 211540
24800 216107
24800 216974
24800 217704
24800 224681
24800 224545
24800 224135
24800 226977
24800 217165
24800 222454
24800 217997
24800 217827
24800 210869
24800 210603
24800 210164
24800 210936
24800 211286
24800 218384
24800 231664
24800 217389
24800 211015
24800 210978
24800 210831
24800 210452
24800 211079
24800 211028
24800 210753
24800 210632
24800 210981
24800 211090
24800 210511
24800 211143
24800 211095
24800 211530
24800 247373
24800 216743
24800 211083
24800 211046
24800 210600
24800 211283
24800 210931
24800 210715
24800 210610
25500 216632
25500 217135
25500 216324
25500 217163
25500 216484
25500 217191
25500 216870
25500 216762
25500 217373
25500 218365
25500 216827
25500 216640
25500 216932
25500 216378
25500 216685
25500 216960
25500 217076
25500 216873
25500 216164
25500 217073
25500 217035
25500 216561
25500 216780
25500 216930
25500 217047
25500 216445
25500 216993
25500 222836
25500 216625
25500 217437
25500 216944
25500 216605
25500 216761
25500 216899
25500 216542
25500 217203
25500 216588
25500 215900
25500 216796
25500 216976
25500 216507
25500 216975
25500 216789
25500 216833
25500 216961
25500 217043
25500 222638
25500 217235
25500 216807
25500 216923
25500 217015
25500 216124
25500 217069
25500 216803
25500 216820
25500 217359
25500 218578
25500 216826
25500 216616
25500 216841
25500 217326
25500 216992
25500 217212
25500 217551
25500 223734
25500 223231
25500 216454
25500 216670
25500 216768
25500 216591
25500 216131
25500 216490
25500 216931
25500 216832
25500 216717
25500 217094
25500 217210
25500 216927
25500 216406
25500 216636
25500 216951
25500 216630
25500 223914
25500 217027
25500 216032
25500 217759
25500 216157
25500 217262
25500 217191
25500 216824
25500 216719
25500 216990
25500 216407
25500 217025
25500 216913
25500 216838
25500 216801
25500 217097
25500 217118
25500 218867
26200 222802
26200 222570
26200 222782
26200 222860
26200 222803
26200 222475
26200 222576
26200 222798
26200 222214
26200 223083
26200 222325
26200 222921
26200 221968
26200 223057
26200 222759
26200 222473
26200 222760
26200 223295
26200 222579
26200 222758
26200 223120
26200 222794
26200 223496
26200 222747
26200 223190
26200 222906
26200 222941
26200 222714
26200 222645
26200 223007
26200 223223
26200 222491
26200 223782
26200 222889
26200 222929
26200 222933
26200 223381
26200 222944
26200 229331
26200 222595
26200 223126
26200 222767
26200 222970
26200 223259
26200 222753
26200 223129
26200 222937
26200 223165
26200 223009
26200 222432
26200 222923
26200 222809
26200 222652
26200 223549
26200 222754
26200 223006
26200 222755
26200 222299
26200 223008
26200 223373
26200 281856
26200 229456
26200 223209
26200 222950
26200 242429
26200 229352
26200 247657
26200 229518
26200 229880
26200 239573
26200 244431
26200 255107
26200 229348
26200 229379
26200 229354
26200 229672
26200 229865
26200 229535
26200 228943
26200 229277
26200 229784
26200 229250
26200 229494
26200 229708
26200 229300
26200 229583
26200 229902
26200 229794
26200 229537
26200 229876
26200 229317
26200 229341
26200 229285
26200 229455
26200 229546
26200 229632
26200 229642
26200 229828
26200 229364
26200 229175
26900 235829
26900 238637
26900 236775
26900 236033
26900 235287
26900 235632
26900 235518
26900 259514
26900 235804
26900 235540
26900 234938
26900 235668
26900 235552
26900 235565
26900 228867
26900 228935
26900 228664
26900 228676
26900 242694
26900 251351
26900 243069
26900 243427
26900 250806
26900 243173
26900 229156
26900 229121
26900 314160
26900 228689
26900 228797
26900 228688
26900 228542
26900 229102
26900 231814
26900 228994
26900 294154
26900 235711
26900 236129
26900 235684
26900 235695
26900 235271
26900 235812
26900 229137
26900 228831
26900 228691
26900 259141
26900 228899
26900 228591
26900 228615
26900 228417
26900 233882
26900 228863
26900 228876
26900 228518
26900 228866
26900 228566
26900 228833
26900 228730
26900 243042
26900 229106
26900 229217
26900 229026
26900 228926
26900 228775
26900 228717
26900 228938
26900 228636
26900 228152
26900 262541
26900 228789
26900 229013
26900 228793
26900 229143
26900 228991
26900 228712
26900 228843
26900 228710
26900 229060
26900 228405
26900 228698
26900 228732
26900 229052
26900 229022
26900 228545
26900 232459
26900 228476
26900 229916
26900 228411
26900 228750
26900 228843
26900 228814
26900 227995
26900 228263
26900 228725
26900 228758
26900 228972
26900 228787
26900 229023
26900 228662
26900 228397
26900 228880
27600 234531
27600 234649
27600 234450
27600 234354
27600 234336
27600 234618
27600 234737
27600 234551
27600 234630
27600 234314
27600 234653
27600 234547
27600 234222
27600 234704
27600 235394
27600 234618
27600 234928
27600 234671
27600 234977
27600 234778
27600 234997
27600 336139
27600 234676
27600 234977
27600 234695
27600 234651
27600 234772
27600 234780
27600 234339
27600 234795
27600 234172
27600 234819
27600 234835
27600 234788
27600 234694
27600 234508
27600 235350
27600 263842
27600 234669
27600 234729
27600 234971
27600 234495
27600 234503
27600 234484
27600 234455
27600 234867
27600 234834
27600 234895
27600 233881
27600 257005
27600 239751
27600 234604
27600 235206
27600 241468
27600 249609
27600 249481
27600 242436
27600 241684
27600 241913
27600 234407
27600 234713
27600 242774
27600 234878
27600 234233
27600 234635
27600 234428
27600 234349
27600 234262
27600 235330
27600 241974
27600 234421
27600 234197
27600 266060
27600 235080
27600 238464
27600 234486
27600 235189
27600 236794
27600 234310
27600 234459
27600 234681
27600 234661
27600 234750
27600 234460
27600 234485
27600 235003
27600 241146
27600 234467
27600 234715
27600 234376
27600 234705
27600 234986
27600 235694
27600 234938
27600 262299
27600 234674
27600 234777
27600 234981
27600 234895
27600 234744
28300 240746
28300 241830
28300 240727
28300 240678
28300 241180
28300 240691
28300 240331
28300 240332
28300 240400
28300 240830
28300 268415
28300 240917
28300 240508
28300 240566
28300 240534
28300 240416
28300 266277
28300 240879
28300 240203
28300 240532
28300 240477
28300 240605
28300 240652
28300 240552
28300 240524
28300 240957
28300 240566
28300 240982
28300 240681
28300 240769
28300 240619
28300 240029
28300 346358
28300 240925
28300 240821
28300 240367
28300 240988
28300 240489
28300 240435
28300 240164
28300 240800
28300 240448
28300 240190
28300 240868
28300 240819
28300 241086
28300 240629
28300 240658
28300 240688
28300 240438
28300 240580
28300 240316
28300 240974
28300 240670
28300 240210
28300 240417
28300 240437
28300 240691
28300 240680
28300 240676
28300 239714
28300 240293
28300 240490
28300 240470
28300 241173
28300 240272
28300 240336
28300 240827
28300 240058
28300 240583
28300 240825
28300 241440
28300 240582
28300 241207
28300 240543
28300 240470
28300 240650
28300 240687
28300 240764
28300 240415
28300 241876
28300 240914
28300 240648
28300 240534
28300 240644
28300 240262
28300 240284
28300 240773
28300 265115
28300 241564
28300 240556
28300 240765
28300 241069
28300 240798
28300 240618
28300 240703
28300 241805
28300 259264
28300 240916
28300 239975
29000 246637
29000 246685
29000 246961
29000 246737
29000 246776
29000 246699
29000 246662
29000 246611
29000 247064
29000 247037
29000 247298
29000 246720
29000 247932
29000 246095
29000 246410
29000 246854
29000 246552
29000 246365
29000 246253
29000 246439
29000 246772
29000 246504
29000 246960
29000 246712
29000 246431
29000 246718
29000 246692
29000 246720
29000 246848
29000 246206
29000 246585
29000 246329
29000 246763
29000 248444
29000 246963
29000 246715
29000 246866
29000 267337
29000 253452
29000 254548
29000 254016
29000 262255
29000 260455
29000 281170
29000 270718
29000 287225
29000 270135
29000 270187
29000 270723
29000 254214
29000 246784
29000 246801
29000 246611
29000 246352
29000 247061
29000 246568
29000 246169
29000 246680
29000 246656
29000 247008
29000 254036
29000 246484
29000 246407
29000 246795
29000 246656
29000 246165
29000 246740
29000 245855
29000 246619
29000 246487
29000 246379
29000 246129
29000 245928
29000 246780
29000 246214
29000 246040
29000 247425
29000 246289
29000 246380
29000 246808
29000 246549
29000 246928
29000 246486
29000 246548
29000 246754
29000 282029
29000 246595
29000 246437
29000 246477
29000 246757
29000 246549
29000 246894
29000 343298
29000 246354
29000 247230
29000 246453
29000 247318
29000 247051
29000 246253
29000 246981
29700 252352
29700 252225
29700 252731
29700 252782
29700 252518
29700 251583
29700 252368
29700 251650
29700 339947
29700 252194
29700 252215
29700 252374
29700 252666
29700 252510
29700 252824
29700 252801
29700 252473
29700 252171
29700 252280
29700 251887
29700 252662
29700 252696
29700 251978
29700 252328
29700 258101
29700 252730
29700 252246
29700 251797
29700 252144
29700 252219
29700 252433
29700 253101
29700 252502
29700 252475
29700 252822
29700 252417
29700 252550
29700 252128
29700 252367
29700 252678
29700 253333
29700 269651
29700 260126
29700 260078
29700 260278
29700 260122
29700 260402
29700 260401
29700 260124
29700 259730
29700 260622
29700 260497
29700 260115
29700 260121
29700 260345
29700 260635
29700 260213
29700 279213
29700 260254
29700 260201
29700 284568
29700 260057
29700 259843
29700 279803
29700 252791
29700 251720
29700 282484
29700 252979
29700 252734
29700 252864
29700 251887
29700 252771
29700 252210
29700 252378
29700 252719
29700 258031
29700 252828
29700 251891
29700 252184
29700 252403
29700 251871
29700 252668
29700 252167
29700 252916
29700 252561
29700 252556
29700 252391
29700 252727
29700 281265
29700 260418
29700 284688
29700 291559
29700 253407
29700 277019
29700 252756
29700 252366
29700 252437
29700 252545
29700 252716
29700 252490
30400 258291
30400 259003
30400 258386
30400 257992
30400 259009
30400 258478
30400 258113
30400 257993
30400 258227
30400 258261
30400 258533
30400 259191
30400 258894
30400 258159
30400 258538
30400 258711
30400 257733
30400 263696
30400 265542
30400 267664
30400 275109
30400 274489
30400 278200
30400 291111
30400 274921
30400 283681
30400 287599
30400 273779
30400 258074
30400 258471
30400 258336
30400 258334
30400 258427
30400 258775
30400 258446
30400 288137
30400 259040
30400 258146
30400 258830
30400 258839
30400 258953
30400 258393
30400 258229
30400 258409
30400 258412
30400 258778
30400 258791
30400 258421
30400 258415
30400 263416
30400 285774
30400 258090
30400 258806
30400 257976
30400 258639
30400 258191
30400 258550
30400 258363
30400 258513
30400 258416
30400 258790
30400 258338
30400 258596
30400 258167
30400 258236
30400 257771
30400 349540
30400 258267
30400 258395
30400 258913
30400 258350
30400 258534
30400 258528
30400 258654
30400 258245
30400 258154
30400 258478
30400 258407
30400 258912
30400 258215
30400 258314
30400 258124
30400 258885
30400 258895
30400 259399
30400 258747
30400 258844
30400 257853
30400 258270
30400 258494
30400 258466
30400 257827
30400 258651
30400 258467
30400 258655
30400 257679
30400 258596
30400 258282
30400 258349
30400 286084
31100 264694
31100 264395
31100 285479
31100 264339
31100 264552
31100 264434
31100 263796
31100 264300
31100 264472
31100 264986
31100 263997
31100 264936
31100 264612
31100 264447
31100 264729
31100 264793
31100 264375
31100 264361
31100 264751
31100 263919
31100 264045
31100 264033
31100 264218
31100 264161
31100 264244
31100 264870
31100 264664
31100 268768
31100 264412
31100 331297
31100 282687
31100 264798
31100 264591
31100 264275
31100 264436
31100 269045
31100 263743
31100 264332
31100 264129
31100 264732
31100 264062
31100 263683
31100 264369
31100 264392
31100 264672
31100 268026
31100 264564
31100 263885
31100 264114
31100 263698
31100 264506
31100 264749
31100 264071
31100 264784
31100 264265
31100 264373
31100 263784
31100 264343
31100 264394
31100 264219
31100 263828
31100 264426
31100 294329
31100 264730
31100 264026
31100 264530
31100 263827
31100 264641
31100 263760
31100 264493
31100 264231
31100 264765
31100 264386
31100 263977
31100 264538
31100 264447
31100 264283
31100 264987
31100 294348
31100 264167
31100 264602
31100 264766
31100 264683
31100 263364
31100 264083
31100 264258
31100 264218
31100 264448
31100 263567
31100 264388
31100 264553
31100 264559
31100 264390
31100 268016
31100 280303
31100 288490
31100 282349
31100 280873
31100 288612
31100 280696
31800 287895
31800 305755
31800 287804
31800 287241
31800 270514
31800 270686
31800 270222
31800 270477
31800 270723
31800 270708
31800 270878
31800 269827
31800 271054
31800 270376
31800 269792
31800 269884
31800 269654
31800 270948
31800 270264
31800 270280
31800 271021
31800 270843
31800 278620
31800 289607
31800 291561
31800 278566
31800 278457
31800 270571
31800 270513
31800 270268
31800 270511
31800 270703
31800 270587
31800 270037
31800 270405
31800 269961
31800 270624
31800 270820
31800 270343
31800 275676
31800 287377
31800 296361
31800 287326
31800 321401
31800 271062
31800 270146
31800 270495
31800 270241
31800 270516
31800 270307
31800 270858
31800 270291
31800 270201
31800 270257
31800 270414
31800 269925
31800 270683
31800 270380
31800 270555
31800 269965
31800 270734
31800 269891
31800 270223
31800 270374
31800 270857
31800 269714
31800 269996
31800 270469
31800 270231
31800 270284
31800 269934
31800 271049
31800 270575
31800 290599
31800 270397
31800 271230
31800 270437
31800 278654
31800 270625
31800 270180
31800 270191
31800 270249
31800 274123
31800 270437
31800 270602
31800 270101
31800 270251
31800 270866
31800 270065
31800 269712
31800 270367
31800 269726
31800 270434
31800 270460
31800 270674
31800 269533
31800 270067
31800 270158
31800 270435
31800 270488
32500 275728
32500 276103
32500 276475
32500 285677
32500 276134
32500 276255
32500 276646
32500 276459
32500 275838
32500 276213
32500 275931
32500 276125
32500 275855
32500 276495
32500 276475
32500 278304
32500 276174
32500 275468
32500 275592
32500 305624
32500 276236
32500 276452
32500 307965
32500 276360
32500 275951
32500 275958
32500 276484
32500 276695
32500 276712
32500 276547
32500 276557
32500 275920
32500 276673
32500 277560
32500 275984
32500 276756
32500 292513
32500 276314
32500 275939
32500 276678
32500 275704
32500 276006
32500 276389
32500 276460
32500 276294
32500 277007
32500 276483
32500 276598
32500 276325
32500 277654
32500 276020
32500 276631
32500 275845
32500 276234
32500 276673
32500 276535
32500 298468
32500 276804
32500 276955
32500 276730
32500 276303
32500 276643
32500 276204
32500 276323
32500 277576
32500 276541
32500 284979
32500 284116
32500 293608
32500 315449
32500 276161
32500 305069
32500 293932
32500 284352
32500 276304
32500 275854
32500 276638
32500 275840
32500 276832
32500 276050
32500 276397
32500 310631
32500 285029
32500 284720
32500 315720
32500 284922
32500 285343
32500 284694
32500 284760
32500 284985
32500 284657
32500 284680
32500 303449
32500 284902
32500 284775
32500 305422
32500 276949
32500 275575
32500 276116
32500 275995
33200 282432
33200 302599
33200 282208
33200 282481
33200 282451
33200 282051
33200 282407
33200 282442
33200 282363
33200 282565
33200 281492
33200 281900
33200 282302
33200 282104
33200 282176
33200 282562
33200 282015
33200 281955
33200 282659
33200 282362
33200 282136
33200 282514
33200 282072
33200 308658
33200 282599
33200 282067
33200 282297
33200 281396
33200 295602
33200 282433
33200 282024
33200 281961
33200 282731
33200 282176
33200 282132
33200 282087
33200 282457
33200 282317
33200 281978
33200 307282
33200 281500
33200 282254
33200 282218
33200 282665
33200 282049
33200 282286
33200 284480
33200 281911
33200 281823
33200 281355
33200 282440
33200 282103
33200 281968
33200 306353
33200 282977
33200 281793
33200 281848
33200 281887
33200 297425
33200 282718
33200 281236
33200 408331
33200 282247
33200 282004
33200 282367
33200 282281
33200 282384
33200 282117
33200 282081
33200 282167
33200 281384
33200 282219
33200 281395
33200 282144
33200 282022
33200 281985
33200 281775
33200 281715
33200 299315
33200 282582
33200 282608
33200 282417
33200 282572
33200 281889
33200 281869
33200 282394
33200 281780
33200 282223
33200 282231
33200 281815
33200 282054
33200 282128
33200 281633
33200 290431
33200 282647
33200 282322
33200 282195
33200 283658
33200 282288
33200 282889
33900 288069
33900 287716
33900 288411
33900 287979
33900 288009
33900 288060
33900 288363
33900 288364
33900 298882
33900 441980
33900 288341
33900 287986
33900 288336
33900 287902
33900 288087
33900 288033
33900 288631
33900 288021
33900 287848
33900 288307
33900 287806
33900 288502
33900 303348
33900 288203
33900 288182
33900 288387
33900 288194
33900 287618
33900 287476
33900 289649
33900 296766
33900 296852
33900 296825
33900 297608
33900 297499
33900 296651
33900 306017
33900 306165
33900 305961
33900 305931
33900 306220
33900 305998
33900 288118
33900 288065
33900 288354
33900 287908
33900 288189
33900 288683
33900 288028
33900 312608
33900 288100
33900 287830
33900 290774
33900 287487
33900 288096
33900 288682
33900 288138
33900 288233
33900 287332
33900 288412
33900 288113
33900 287664
33900 288339
33900 287821
33900 288680
33900 288373
33900 289777
33900 287745
33900 287978
33900 287391
33900 288263
33900 288187
33900 287713
33900 288687
33900 288370
33900 288232
33900 288233
33900 288241
33900 362205
33900 288342
33900 288092
33900 287935
33900 288633
33900 288290
33900 288707
33900 288467
33900 323493
33900 287925
33900 287871
33900 288405
33900 288184
33900 288498
33900 287798
33900 288239
33900 288509
33900 287726
33900 288103
33900 288442
33900 288008
33900 288121
34600 293742
34600 294205
34600 294005
34600 293928
34600 294285
34600 294610
34600 297485
34600 294571
34600 293854
34600 293946
34600 326547
34600 293968
34600 293673
34600 294072
34600 294107
34600 293921
34600 293908
34600 293891
34600 293709
34600 294038
34600 293755
34600 293977
34600 293737
34600 294347
34600 294000
34600 293991
34600 294289
34600 293927
34600 294311
34600 293351
34600 294656
34600 294058
34600 294226
34600 293794
34600 346758
34600 293743
34600 294694
34600 294534
34600 293913
34600 294854
34600 294520
34600 293835
34600 293737
34600 293038
34600 293937
34600 293929
34600 294478
34600 293899
34600 294530
34600 294097
34600 294688
34600 294086
34600 324873
34600 293936
34600 293949
34600 294553
34600 293911
34600 294237
34600 293667
34600 293828
34600 293758
34600 305904
34600 294539
34600 294634
34600 294663
34600 293530
34600 294657
34600 293288
34600 294253
34600 293669
34600 294141
34600 293827
34600 294200
34600 294227
34600 294583
34600 294473
34600 294084
34600 293627
34600 294311
34600 294677
34600 294304
34600 294094
34600 293421
34600 293849
34600 294146
34600 294277
34600 325532
34600 294062
34600 293908
34600 294126
34600 325988
34600 335070
34600 322080
34600 312168
34600 313127
34600 320161
34600 302795
34600 303307
34600 303459
34600 293801
35300 299904
35300 300315
35300 301863
35300 300751
35300 308409
35300 300291
35300 300065
35300 299554
35300 300142
35300 299955
35300 299811
35300 300067
35300 300355
35300 299605
35300 300616
35300 299829
35300 300682
35300 299472
35300 300380
35300 299889
35300 299762
35300 299448
35300 300062
35300 299931
35300 299233
35300 299923
35300 300373
35300 299399
35300 299403
35300 299971
35300 300468
35300 299925
35300 299873
35300 300339
35300 300091
35300 299636
35300 300013
35300 300016
35300 300373
35300 299741
35300 300317
35300 300000
35300 300247
35300 300151
35300 299373
35300 300369
35300 300157
35300 300341
35300 307455
35300 299588
35300 299860
35300 300336
35300 299554
35300 300326
35300 300452
35300 300168
35300 300097
35300 299494
35300 299604
35300 301017
35300 300428
35300 299976
35300 299870
35300 330819
35300 299824
35300 299291
35300 299526
35300 300035
35300 300173
35300 300777
35300 299768
35300 299949
35300 299734
35300 300043
35300 300257
35300 299502
35300 300642
35300 299750
35300 299223
35300 299111
35300 299784
35300 300151
35300 300137
35300 300065
35300 299862
35300 299988
35300 300068
35300 299773
35300 300327
35300 299866
35300 300725
35300 300524
35300 300243
35300 300220
35300 300164
35300 300372
35300 300304
35300 299713
35300 299973
35300 300464
